TN:
SF:src/main.ts
FN:12,(anonymous_0)
FNF:1
FNH:0
FNDA:0,(anonymous_0)
DA:7,388
DA:8,0
DA:11,388
DA:12,0
LF:4
LH:2
BRDA:7,0,0,0
BRDA:7,0,1,388
BRF:2
BRH:1
end_of_record
TN:
SF:src/polyfills.ts
FN:84,(anonymous_0)
FNF:1
FNH:0
FNDA:0,(anonymous_0)
DA:63,388
DA:64,388
DA:65,388
DA:71,388
DA:83,388
DA:84,0
DA:85,0
DA:86,0
DA:87,0
LF:9
LH:5
BRDA:83,0,0,0
BRDA:83,0,1,388
BRDA:83,1,0,388
BRDA:83,1,1,388
BRDA:85,2,0,0
BRDA:85,2,1,0
BRF:6
BRH:3
end_of_record
TN:
SF:src/app/app-routing.model.ts
FN:42,(anonymous_0)
FNF:1
FNH:1
FNDA:543,(anonymous_0)
DA:3,388
DA:16,388
DA:24,388
DA:42,388
DA:43,543
DA:45,72
DA:47,0
DA:49,0
LF:8
LH:6
BRDA:44,0,0,72
BRDA:44,0,1,0
BRDA:44,0,2,0
BRF:3
BRH:1
end_of_record
TN:
SF:src/app/app-routing.module.ts
FN:93,(anonymous_1)
FNF:1
FNH:1
FNDA:759,(anonymous_1)
DA:8,388
DA:93,388
LF:2
LH:2
BRF:0
BRH:0
end_of_record
TN:
SF:src/app/app.component.ts
FN:29,(anonymous_4)
FN:71,AppComponent
FN:96,(anonymous_6)
FN:97,(anonymous_7)
FN:103,(anonymous_8)
FN:114,(anonymous_9)
FN:118,(anonymous_10)
FN:133,(anonymous_11)
FN:137,(anonymous_12)
FN:138,(anonymous_13)
FN:139,(anonymous_14)
FN:145,(anonymous_15)
FN:146,(anonymous_16)
FN:148,(anonymous_17)
FN:173,(anonymous_18)
FN:181,(anonymous_19)
FN:183,(anonymous_20)
FN:195,(anonymous_21)
FN:197,(anonymous_22)
FN:203,(anonymous_23)
FN:212,(anonymous_24)
FN:216,(anonymous_25)
FN:228,(anonymous_26)
FN:239,(anonymous_27)
FN:241,(anonymous_28)
FNF:25
FNH:25
FNDA:388,(anonymous_4)
FNDA:371,AppComponent
FNDA:364,(anonymous_6)
FNDA:364,(anonymous_7)
FNDA:369,(anonymous_8)
FNDA:371,(anonymous_9)
FNDA:371,(anonymous_10)
FNDA:371,(anonymous_11)
FNDA:7323,(anonymous_12)
FNDA:438,(anonymous_13)
FNDA:4573,(anonymous_14)
FNDA:5403,(anonymous_15)
FNDA:543,(anonymous_16)
FNDA:543,(anonymous_17)
FNDA:543,(anonymous_18)
FNDA:317,(anonymous_19)
FNDA:317,(anonymous_20)
FNDA:261,(anonymous_21)
FNDA:78,(anonymous_22)
FNDA:257,(anonymous_23)
FNDA:291,(anonymous_24)
FNDA:351,(anonymous_25)
FNDA:745,(anonymous_26)
FNDA:179,(anonymous_27)
FNDA:1540,(anonymous_28)
DA:29,388
DA:71,371
DA:72,371
DA:73,371
DA:74,371
DA:75,371
DA:76,371
DA:77,371
DA:78,371
DA:79,371
DA:80,371
DA:81,371
DA:82,371
DA:83,371
DA:84,371
DA:85,371
DA:87,371
DA:88,371
DA:89,371
DA:90,371
DA:91,371
DA:92,371
DA:94,368
DA:97,368
DA:98,364
DA:99,367
DA:103,365
DA:104,369
DA:105,371
DA:108,371
DA:114,388
DA:115,371
DA:118,388
DA:119,371
DA:120,371
DA:121,371
DA:124,371
DA:133,388
DA:135,3867
DA:137,3647
DA:138,350
DA:140,756
DA:141,894
DA:143,438
DA:145,438
DA:146,438
DA:149,438
DA:150,438
DA:151,438
DA:152,4573
DA:153,5403
DA:154,543
DA:155,1032
DA:156,1124
DA:157,543
DA:159,431
DA:160,429
DA:163,463
DA:164,398
DA:167,543
DA:168,458
DA:173,419
DA:174,437
DA:175,431
DA:177,317
DA:179,317
DA:180,317
DA:181,317
DA:182,182
DA:184,135
DA:187,297
DA:188,300
DA:191,325
DA:195,474
DA:196,147
DA:197,128
DA:198,78
DA:203,174
DA:204,157
DA:205,157
DA:206,79
DA:209,79
DA:212,291
DA:213,291
DA:217,291
DA:218,291
DA:220,371
DA:221,289
DA:222,828
DA:225,351
DA:229,272
DA:230,195
DA:231,192
DA:233,80
DA:239,179
DA:240,208
DA:241,632
DA:243,79
DA:244,96
DA:246,100
DA:249,1004
LF:101
LH:101
BRDA:159,0,0,0
BRDA:159,0,1,450
BRDA:163,1,0,33
BRDA:163,1,1,417
BRDA:167,2,0,141
BRDA:167,2,1,402
BRDA:174,3,0,271
BRDA:174,3,1,166
BRDA:179,4,0,251
BRDA:179,4,1,66
BRDA:184,5,0,0
BRDA:184,5,1,66
BRDA:187,6,0,78
BRDA:187,6,1,78
BRDA:196,7,0,79
BRDA:196,7,1,78
BRDA:205,8,0,291
BRDA:205,8,1,369
BRDA:207,9,0,291
BRDA:207,9,1,291
BRDA:220,10,0,77
BRDA:220,10,1,274
BRDA:229,11,0,0
BRDA:229,11,1,17
BRDA:243,12,0,287
BRDA:243,12,1,0
BRF:26
BRH:22
end_of_record
TN:
SF:src/app/app.constants.ts
FNF:0
FNH:0
DA:2,388
DA:5,388
DA:17,388
DA:21,388
DA:36,388
DA:43,388
DA:48,388
DA:61,388
LF:8
LH:8
BRF:0
BRH:0
end_of_record
TN:
SF:src/app/app.model.ts
FNF:0
FNH:0
DA:1,79
LF:1
LH:1
BRF:0
BRH:0
end_of_record
TN:
SF:src/app/app.module.ts
FN:39,HttpLoaderFactory
FN:85,(anonymous_2)
FNF:2
FNH:2
FNDA:371,HttpLoaderFactory
FNDA:759,(anonymous_2)
DA:40,371
DA:85,388
LF:2
LH:2
BRF:0
BRH:0
end_of_record
TN:
SF:src/app/business-processes/business-processes-routing.module.ts
FN:95,(anonymous_1)
FNF:1
FNH:1
FNDA:742,(anonymous_1)
DA:8,371
DA:95,371
LF:2
LH:2
BRF:0
BRH:0
end_of_record
TN:
SF:src/app/business-processes/business-processes.component.ts
FN:15,(anonymous_1)
FNF:1
FNH:1
FNDA:715,(anonymous_1)
DA:15,371
LF:1
LH:1
BRF:0
BRH:0
end_of_record
TN:
SF:src/app/business-processes/business-processes.module.ts
FN:50,(anonymous_1)
FNF:1
FNH:1
FNDA:742,(anonymous_1)
DA:50,371
LF:1
LH:1
BRF:0
BRH:0
end_of_record
TN:
SF:src/app/business-processes/all-bp/all-business-processes.component.ts
FN:19,(anonymous_2)
FN:24,AllBusinessProcessesComponent
FN:33,(anonymous_4)
FN:35,(anonymous_5)
FN:36,(anonymous_6)
FN:40,(anonymous_7)
FN:44,(anonymous_8)
FN:49,(anonymous_9)
FN:53,(anonymous_10)
FN:56,(anonymous_11)
FN:61,(anonymous_12)
FNF:11
FNH:4
FNDA:371,(anonymous_2)
FNDA:50,AllBusinessProcessesComponent
FNDA:0,(anonymous_4)
FNDA:0,(anonymous_5)
FNDA:0,(anonymous_6)
FNDA:50,(anonymous_7)
FNDA:49,(anonymous_8)
FNDA:0,(anonymous_9)
FNDA:0,(anonymous_10)
FNDA:0,(anonymous_11)
FNDA:0,(anonymous_12)
DA:19,371
DA:21,50
DA:25,50
DA:26,50
DA:27,50
DA:28,50
DA:30,50
DA:33,371
DA:35,371
DA:36,0
DA:37,0
DA:40,371
DA:41,50
DA:42,50
DA:45,49
DA:49,371
DA:50,0
DA:54,0
DA:57,0
DA:58,0
DA:62,0
DA:63,0
DA:64,0
DA:66,0
DA:69,0
DA:73,371
LF:26
LH:15
BRDA:62,0,0,0
BRDA:62,0,1,0
BRDA:63,1,0,0
BRDA:63,1,1,0
BRF:4
BRH:0
end_of_record
TN:
SF:src/app/business-processes/all-bp/business-processes-list/business-processes-list.component.ts
FN:104,(anonymous_14)
FN:231,BusinessProcessesListComponent
FN:179,(anonymous_16)
FN:256,(anonymous_17)
FN:263,(anonymous_18)
FN:267,(anonymous_19)
FN:282,(anonymous_20)
FN:291,(anonymous_21)
FN:300,(anonymous_22)
FN:303,(anonymous_23)
FN:311,(anonymous_24)
FN:319,(anonymous_25)
FN:321,(anonymous_26)
FN:331,(anonymous_27)
FN:334,(anonymous_28)
FN:336,(anonymous_29)
FN:341,(anonymous_30)
FN:353,(anonymous_31)
FN:365,(anonymous_32)
FN:376,(anonymous_33)
FN:378,(anonymous_34)
FN:390,(anonymous_35)
FN:403,(anonymous_36)
FN:411,(anonymous_37)
FN:421,(anonymous_38)
FN:437,(anonymous_39)
FN:438,(anonymous_40)
FN:447,(anonymous_41)
FN:452,(anonymous_42)
FN:459,(anonymous_43)
FN:464,(anonymous_44)
FN:475,(anonymous_45)
FN:481,(anonymous_46)
FN:489,(anonymous_47)
FN:511,(anonymous_48)
FN:515,(anonymous_49)
FN:524,(anonymous_50)
FN:528,(anonymous_51)
FN:547,(anonymous_52)
FN:555,(anonymous_53)
FN:561,(anonymous_54)
FN:568,(anonymous_55)
FN:578,(anonymous_56)
FN:587,(anonymous_57)
FN:605,(anonymous_58)
FN:614,(anonymous_59)
FN:622,(anonymous_60)
FN:633,(anonymous_61)
FN:652,(anonymous_62)
FN:667,(anonymous_63)
FN:679,(anonymous_64)
FN:685,(anonymous_65)
FN:694,(anonymous_66)
FN:715,(anonymous_67)
FN:739,(anonymous_68)
FN:744,(anonymous_69)
FN:749,(anonymous_70)
FN:757,(anonymous_71)
FN:759,(anonymous_72)
FN:762,(anonymous_73)
FN:774,(anonymous_74)
FN:781,(anonymous_75)
FN:786,(anonymous_76)
FN:799,(anonymous_77)
FN:808,(anonymous_78)
FN:812,(anonymous_79)
FN:816,(anonymous_80)
FN:823,(anonymous_81)
FN:827,(anonymous_82)
FN:831,(anonymous_83)
FN:842,(anonymous_84)
FN:850,(anonymous_85)
FN:866,(anonymous_86)
FN:870,(anonymous_87)
FN:874,(anonymous_88)
FN:891,(anonymous_89)
FN:896,(anonymous_90)
FN:901,(anonymous_91)
FN:908,(anonymous_92)
FN:914,(anonymous_93)
FN:919,(anonymous_94)
FN:924,(anonymous_95)
FN:925,(anonymous_96)
FN:943,(anonymous_97)
FN:950,(anonymous_98)
FN:959,(anonymous_99)
FN:965,(anonymous_100)
FN:978,(anonymous_101)
FN:990,(anonymous_102)
FN:994,(anonymous_103)
FN:1003,(anonymous_104)
FN:1011,(anonymous_105)
FN:1016,(anonymous_106)
FN:1021,(anonymous_107)
FN:1037,(anonymous_108)
FN:1046,(anonymous_109)
FN:1051,(anonymous_110)
FN:1057,(anonymous_111)
FN:1063,(anonymous_112)
FN:1064,(anonymous_113)
FN:1066,(anonymous_114)
FN:1075,(anonymous_115)
FN:1077,(anonymous_116)
FN:1082,(anonymous_117)
FN:1085,(anonymous_118)
FN:1086,(anonymous_119)
FN:1088,(anonymous_120)
FN:1089,(anonymous_121)
FN:1104,(anonymous_122)
FN:1114,(anonymous_123)
FN:1128,(anonymous_124)
FN:1132,(anonymous_125)
FN:1147,(anonymous_126)
FN:1151,(anonymous_127)
FN:1160,(anonymous_128)
FN:1176,(anonymous_129)
FN:1179,(anonymous_130)
FN:1181,(anonymous_131)
FN:1197,(anonymous_132)
FN:1198,(anonymous_133)
FN:1199,(anonymous_134)
FN:1213,(anonymous_135)
FN:1221,(anonymous_136)
FN:1224,(anonymous_137)
FN:1241,(anonymous_138)
FN:1250,(anonymous_139)
FN:1272,(anonymous_140)
FN:1286,(anonymous_141)
FN:1307,(anonymous_144)
FN:1309,(anonymous_145)
FN:1317,(anonymous_146)
FN:1319,(anonymous_147)
FN:1331,(anonymous_148)
FN:1341,(anonymous_149)
FN:1352,(anonymous_150)
FNF:135
FNH:50
FNDA:112,(anonymous_14)
FNDA:44,BusinessProcessesListComponent
FNDA:2322,(anonymous_16)
FNDA:44,(anonymous_17)
FNDA:1244,(anonymous_18)
FNDA:44,(anonymous_19)
FNDA:42,(anonymous_20)
FNDA:0,(anonymous_21)
FNDA:44,(anonymous_22)
FNDA:65,(anonymous_23)
FNDA:6,(anonymous_24)
FNDA:62,(anonymous_25)
FNDA:116,(anonymous_26)
FNDA:54,(anonymous_27)
FNDA:5,(anonymous_28)
FNDA:5,(anonymous_29)
FNDA:42,(anonymous_30)
FNDA:42,(anonymous_31)
FNDA:42,(anonymous_32)
FNDA:42,(anonymous_33)
FNDA:252,(anonymous_34)
FNDA:252,(anonymous_35)
FNDA:252,(anonymous_36)
FNDA:0,(anonymous_37)
FNDA:0,(anonymous_38)
FNDA:42,(anonymous_39)
FNDA:252,(anonymous_40)
FNDA:0,(anonymous_41)
FNDA:0,(anonymous_42)
FNDA:52,(anonymous_43)
FNDA:11,(anonymous_44)
FNDA:10,(anonymous_45)
FNDA:0,(anonymous_46)
FNDA:55,(anonymous_47)
FNDA:0,(anonymous_48)
FNDA:0,(anonymous_49)
FNDA:44,(anonymous_50)
FNDA:0,(anonymous_51)
FNDA:0,(anonymous_52)
FNDA:0,(anonymous_53)
FNDA:116,(anonymous_54)
FNDA:116,(anonymous_55)
FNDA:0,(anonymous_56)
FNDA:0,(anonymous_57)
FNDA:0,(anonymous_58)
FNDA:0,(anonymous_59)
FNDA:0,(anonymous_60)
FNDA:0,(anonymous_61)
FNDA:0,(anonymous_62)
FNDA:0,(anonymous_63)
FNDA:0,(anonymous_64)
FNDA:0,(anonymous_65)
FNDA:0,(anonymous_66)
FNDA:0,(anonymous_67)
FNDA:0,(anonymous_68)
FNDA:0,(anonymous_69)
FNDA:0,(anonymous_70)
FNDA:0,(anonymous_71)
FNDA:0,(anonymous_72)
FNDA:0,(anonymous_73)
FNDA:0,(anonymous_74)
FNDA:0,(anonymous_75)
FNDA:0,(anonymous_76)
FNDA:0,(anonymous_77)
FNDA:0,(anonymous_78)
FNDA:0,(anonymous_79)
FNDA:0,(anonymous_80)
FNDA:0,(anonymous_81)
FNDA:0,(anonymous_82)
FNDA:0,(anonymous_83)
FNDA:0,(anonymous_84)
FNDA:0,(anonymous_85)
FNDA:0,(anonymous_86)
FNDA:1,(anonymous_87)
FNDA:1,(anonymous_88)
FNDA:0,(anonymous_89)
FNDA:0,(anonymous_90)
FNDA:0,(anonymous_91)
FNDA:1,(anonymous_92)
FNDA:0,(anonymous_93)
FNDA:1,(anonymous_94)
FNDA:1,(anonymous_95)
FNDA:1,(anonymous_96)
FNDA:44,(anonymous_97)
FNDA:42,(anonymous_98)
FNDA:0,(anonymous_99)
FNDA:0,(anonymous_100)
FNDA:5,(anonymous_101)
FNDA:65,(anonymous_102)
FNDA:109,(anonymous_103)
FNDA:0,(anonymous_104)
FNDA:0,(anonymous_105)
FNDA:0,(anonymous_106)
FNDA:0,(anonymous_107)
FNDA:0,(anonymous_108)
FNDA:42,(anonymous_109)
FNDA:42,(anonymous_110)
FNDA:0,(anonymous_111)
FNDA:42,(anonymous_112)
FNDA:0,(anonymous_113)
FNDA:0,(anonymous_114)
FNDA:42,(anonymous_115)
FNDA:126,(anonymous_116)
FNDA:84,(anonymous_117)
FNDA:52,(anonymous_118)
FNDA:1300,(anonymous_119)
FNDA:0,(anonymous_120)
FNDA:0,(anonymous_121)
FNDA:0,(anonymous_122)
FNDA:0,(anonymous_123)
FNDA:0,(anonymous_124)
FNDA:0,(anonymous_125)
FNDA:0,(anonymous_126)
FNDA:0,(anonymous_127)
FNDA:0,(anonymous_128)
FNDA:0,(anonymous_129)
FNDA:0,(anonymous_130)
FNDA:0,(anonymous_131)
FNDA:0,(anonymous_132)
FNDA:0,(anonymous_133)
FNDA:0,(anonymous_134)
FNDA:0,(anonymous_135)
FNDA:0,(anonymous_136)
FNDA:0,(anonymous_137)
FNDA:0,(anonymous_138)
FNDA:0,(anonymous_139)
FNDA:0,(anonymous_140)
FNDA:0,(anonymous_141)
FNDA:0,(anonymous_144)
FNDA:0,(anonymous_145)
FNDA:0,(anonymous_146)
FNDA:0,(anonymous_147)
FNDA:0,(anonymous_148)
FNDA:0,(anonymous_149)
FNDA:0,(anonymous_150)
DA:104,112
DA:106,112
DA:107,112
DA:108,112
DA:109,112
DA:112,112
DA:113,112
DA:114,112
DA:117,44
DA:118,44
DA:119,44
DA:122,44
DA:123,44
DA:124,44
DA:125,44
DA:128,44
DA:129,44
DA:131,112
DA:134,44
DA:135,44
DA:136,44
DA:139,44
DA:140,44
DA:149,44
DA:150,44
DA:151,44
DA:152,44
DA:153,44
DA:154,44
DA:155,44
DA:156,44
DA:159,44
DA:160,44
DA:161,44
DA:162,44
DA:167,44
DA:170,44
DA:179,112
DA:180,2322
DA:184,44
DA:185,44
DA:186,44
DA:187,44
DA:188,44
DA:195,44
DA:206,44
DA:207,44
DA:210,44
DA:220,44
DA:221,44
DA:222,44
DA:223,44
DA:226,44
DA:229,44
DA:232,44
DA:233,44
DA:234,44
DA:235,44
DA:236,44
DA:237,44
DA:238,44
DA:239,44
DA:240,44
DA:241,44
DA:242,44
DA:243,44
DA:244,44
DA:245,44
DA:246,44
DA:247,44
DA:248,44
DA:249,44
DA:250,44
DA:251,44
DA:253,44
DA:256,112
DA:257,44
DA:258,44
DA:259,44
DA:260,44
DA:263,112
DA:264,1244
DA:267,112
DA:268,44
DA:269,0
DA:272,44
DA:274,44
DA:275,44
DA:282,42
DA:283,42
DA:284,42
DA:286,42
DA:287,42
DA:288,42
DA:289,42
DA:292,0
DA:293,0
DA:297,44
DA:300,112
DA:301,44
DA:304,65
DA:305,65
DA:306,65
DA:309,44
DA:312,6
DA:313,6
DA:314,6
DA:315,6
DA:318,44
DA:320,62
DA:321,62
DA:322,116
DA:323,116
DA:324,116
DA:329,44
DA:331,54
DA:334,5
DA:336,5
DA:341,112
DA:342,42
DA:343,42
DA:344,42
DA:349,0
DA:353,112
DA:354,42
DA:355,42
DA:365,112
DA:366,42
DA:369,42
DA:370,0
DA:373,42
DA:376,112
DA:378,42
DA:379,252
DA:390,42
DA:391,252
DA:392,42
DA:397,42
DA:398,42
DA:401,42
DA:403,252
DA:405,42
DA:408,42
DA:411,42
DA:413,0
DA:416,0
DA:419,0
DA:420,0
DA:421,0
DA:424,0
DA:429,0
DA:430,0
DA:433,0
DA:437,112
DA:438,42
DA:439,252
DA:441,252
DA:442,210
DA:447,112
DA:448,0
DA:452,0
DA:459,112
DA:460,52
DA:461,52
DA:464,112
DA:465,11
DA:466,5
DA:469,11
DA:471,11
DA:472,11
DA:476,10
DA:477,10
DA:478,10
DA:479,10
DA:482,0
DA:483,0
DA:484,0
DA:489,112
DA:490,55
DA:491,55
DA:492,55
DA:493,55
DA:494,55
DA:495,55
DA:496,55
DA:497,55
DA:499,55
DA:504,55
DA:511,112
DA:512,0
DA:515,112
DA:516,0
DA:517,0
DA:524,112
DA:525,44
DA:528,112
DA:529,0
DA:531,0
DA:532,0
DA:534,0
DA:538,0
DA:539,0
DA:542,0
DA:547,112
DA:548,0
DA:549,0
DA:551,0
DA:555,112
DA:556,0
DA:557,0
DA:558,0
DA:561,112
DA:563,116
DA:565,116
DA:568,112
DA:569,116
DA:570,0
DA:578,112
DA:579,0
DA:580,0
DA:587,112
DA:588,0
DA:590,0
DA:600,0
DA:601,0
DA:602,0
DA:604,0
DA:606,0
DA:609,0
DA:612,0
DA:622,112
DA:627,0
DA:629,0
DA:631,0
DA:632,0
DA:633,0
DA:639,0
DA:641,0
DA:643,0
DA:650,0
DA:652,0
DA:654,0
DA:655,0
DA:658,0
DA:660,0
DA:662,0
DA:666,0
DA:667,0
DA:673,0
DA:679,112
DA:682,0
DA:686,0
DA:687,0
DA:690,0
DA:691,0
DA:692,0
DA:695,0
DA:696,0
DA:701,0
DA:702,0
DA:706,0
DA:710,0
DA:715,112
DA:719,0
DA:720,0
DA:721,0
DA:724,0
DA:727,0
DA:728,0
DA:732,0
DA:735,0
DA:739,112
DA:742,0
DA:744,0
DA:745,0
DA:749,112
DA:750,0
DA:751,0
DA:752,0
DA:757,112
DA:758,0
DA:760,0
DA:763,0
DA:764,0
DA:769,0
DA:774,112
DA:776,0
DA:781,112
DA:783,0
DA:786,112
DA:787,0
DA:790,0
DA:799,112
DA:800,0
DA:801,0
DA:808,112
DA:809,0
DA:812,112
DA:813,0
DA:816,112
DA:817,0
DA:821,0
DA:823,0
DA:824,0
DA:828,0
DA:829,0
DA:832,0
DA:833,0
DA:842,112
DA:843,0
DA:844,0
DA:846,0
DA:850,112
DA:851,0
DA:853,0
DA:856,0
DA:857,0
DA:859,0
DA:860,0
DA:863,0
DA:866,112
DA:867,0
DA:870,112
DA:871,1
DA:874,112
DA:875,1
DA:880,1
DA:882,1
DA:883,1
DA:884,1
DA:886,1
DA:887,1
DA:888,1
DA:890,1
DA:892,0
DA:893,0
DA:895,0
DA:897,0
DA:898,0
DA:899,0
DA:902,0
DA:903,0
DA:904,0
DA:909,1
DA:914,112
DA:915,0
DA:916,0
DA:919,112
DA:923,1
DA:924,1
DA:925,1
DA:928,1
DA:930,0
DA:931,0
DA:934,1
DA:936,1
DA:937,1
DA:940,1
DA:943,112
DA:944,44
DA:945,0
DA:948,44
DA:951,42
DA:959,112
DA:960,0
DA:961,0
DA:962,0
DA:965,112
DA:966,0
DA:967,0
DA:968,0
DA:969,0
DA:970,0
DA:978,112
DA:979,5
DA:980,0
DA:983,5
DA:984,5
DA:985,5
DA:987,5
DA:990,112
DA:991,65
DA:994,112
DA:996,109
DA:1003,112
DA:1004,0
DA:1005,0
DA:1006,0
DA:1007,0
DA:1008,0
DA:1011,112
DA:1012,0
DA:1013,0
DA:1016,112
DA:1017,0
DA:1018,0
DA:1021,0
DA:1022,0
DA:1023,0
DA:1028,0
DA:1031,0
DA:1032,0
DA:1037,112
DA:1039,0
DA:1046,112
DA:1047,42
DA:1051,42
DA:1052,42
DA:1053,42
DA:1055,42
DA:1058,0
DA:1063,112
DA:1064,42
DA:1065,0
DA:1066,0
DA:1067,0
DA:1071,0
DA:1075,112
DA:1076,42
DA:1077,126
DA:1082,84
DA:1085,112
DA:1086,52
DA:1087,1300
DA:1088,1300
DA:1089,0
DA:1090,0
DA:1100,1300
DA:1104,112
DA:1105,0
DA:1107,0
DA:1111,0
DA:1115,0
DA:1117,0
DA:1122,0
DA:1129,0
DA:1130,0
DA:1133,0
DA:1134,0
DA:1135,0
DA:1138,0
DA:1139,0
DA:1144,0
DA:1148,0
DA:1149,0
DA:1152,0
DA:1153,0
DA:1154,0
DA:1160,112
DA:1161,0
DA:1166,0
DA:1167,0
DA:1173,0
DA:1176,112
DA:1177,0
DA:1179,0
DA:1180,0
DA:1181,0
DA:1182,0
DA:1183,0
DA:1184,0
DA:1188,0
DA:1189,0
DA:1190,0
DA:1194,0
DA:1197,112
DA:1198,0
DA:1199,0
DA:1201,0
DA:1202,0
DA:1206,0
DA:1213,112
DA:1214,0
DA:1215,0
DA:1218,0
DA:1222,0
DA:1225,0
DA:1226,0
DA:1228,0
DA:1229,0
DA:1231,0
DA:1241,112
DA:1242,0
DA:1243,0
DA:1246,0
DA:1247,0
DA:1251,0
DA:1253,0
DA:1254,0
DA:1257,0
DA:1258,0
DA:1261,0
DA:1262,0
DA:1265,0
DA:1266,0
DA:1269,0
DA:1270,0
DA:1273,0
DA:1274,0
DA:1277,0
DA:1286,112
DA:1293,0
DA:1294,0
DA:1296,0
DA:1297,0
DA:1300,0
DA:1301,0
DA:1304,0
DA:1307,112
DA:1308,0
DA:1309,0
DA:1310,0
DA:1311,0
DA:1317,112
DA:1318,0
DA:1319,0
DA:1320,0
DA:1321,0
DA:1331,112
DA:1332,0
DA:1333,0
DA:1334,0
DA:1337,0
DA:1338,0
DA:1341,112
DA:1343,0
DA:1352,112
DA:1353,112
LF:528
LH:272
BRDA:268,0,0,0
BRDA:268,0,1,44
BRDA:320,1,0,62
BRDA:320,1,1,0
BRDA:344,2,0,0
BRDA:344,2,1,42
BRDA:345,3,0,42
BRDA:345,3,1,0
BRDA:345,3,2,0
BRDA:369,4,0,0
BRDA:369,4,1,42
BRDA:391,5,0,42
BRDA:391,5,1,210
BRDA:441,6,0,210
BRDA:441,6,1,42
BRDA:465,7,0,5
BRDA:465,7,1,6
BRDA:491,8,0,55
BRDA:491,8,1,55
BRDA:496,9,0,55
BRDA:496,9,1,55
BRDA:501,10,0,0
BRDA:501,10,1,55
BRDA:500,11,0,55
BRDA:500,11,1,0
BRDA:531,12,0,0
BRDA:531,12,1,0
BRDA:532,13,0,0
BRDA:532,13,1,0
BRDA:535,14,0,0
BRDA:535,14,1,0
BRDA:534,15,0,0
BRDA:534,15,1,0
BRDA:548,16,0,0
BRDA:548,16,1,0
BRDA:548,17,0,0
BRDA:548,17,1,0
BRDA:563,18,0,116
BRDA:563,18,1,0
BRDA:563,18,2,0
BRDA:565,19,0,116
BRDA:565,19,1,116
BRDA:569,20,0,0
BRDA:569,20,1,116
BRDA:569,21,0,116
BRDA:569,21,1,103
BRDA:600,22,0,0
BRDA:600,22,1,0
BRDA:627,23,0,0
BRDA:627,23,1,0
BRDA:631,24,0,0
BRDA:631,24,1,0
BRDA:654,25,0,0
BRDA:654,25,1,0
BRDA:658,26,0,0
BRDA:658,26,1,0
BRDA:663,27,0,0
BRDA:663,27,1,0
BRDA:686,28,0,0
BRDA:686,28,1,0
BRDA:695,29,0,0
BRDA:695,29,1,0
BRDA:719,30,0,0
BRDA:719,30,1,0
BRDA:727,31,0,0
BRDA:727,31,1,0
BRDA:766,32,0,0
BRDA:766,32,1,0
BRDA:777,33,0,0
BRDA:777,33,1,0
BRDA:783,34,0,0
BRDA:783,34,1,0
BRDA:791,35,0,0
BRDA:791,35,1,0
BRDA:843,36,0,0
BRDA:843,36,1,0
BRDA:851,37,0,0
BRDA:851,37,1,0
BRDA:859,38,0,0
BRDA:859,38,1,0
BRDA:874,39,0,0
BRDA:874,39,1,1
BRDA:928,40,0,0
BRDA:928,40,1,1
BRDA:934,41,0,1
BRDA:934,41,1,0
BRDA:944,42,0,0
BRDA:944,42,1,44
BRDA:966,43,0,0
BRDA:966,43,1,0
BRDA:979,44,0,0
BRDA:979,44,1,5
BRDA:979,45,0,5
BRDA:979,45,1,0
BRDA:1017,46,0,0
BRDA:1017,46,1,0
BRDA:1017,47,0,0
BRDA:1017,47,1,0
BRDA:1022,48,0,0
BRDA:1022,48,1,0
BRDA:1028,49,0,0
BRDA:1028,49,1,0
BRDA:1031,50,0,0
BRDA:1031,50,1,0
BRDA:1031,51,0,0
BRDA:1031,51,1,0
BRDA:1039,52,0,0
BRDA:1039,52,1,0
BRDA:1065,53,0,0
BRDA:1065,53,1,0
BRDA:1066,54,0,0
BRDA:1066,54,1,0
BRDA:1082,55,0,0
BRDA:1082,55,1,84
BRDA:1107,56,0,0
BRDA:1107,56,1,0
BRDA:1108,57,0,0
BRDA:1108,57,1,0
BRDA:1138,58,0,0
BRDA:1138,58,1,0
BRDA:1166,59,0,0
BRDA:1166,59,1,0
BRDA:1166,60,0,0
BRDA:1166,60,1,0
BRDA:1182,61,0,0
BRDA:1182,61,1,0
BRDA:1188,62,0,0
BRDA:1188,62,1,0
BRDA:1201,63,0,0
BRDA:1201,63,1,0
BRDA:1214,64,0,0
BRDA:1214,64,1,0
BRDA:1229,65,0,0
BRDA:1229,65,1,0
BRDA:1242,66,0,0
BRDA:1242,66,1,0
BRDA:1253,67,0,0
BRDA:1253,67,1,0
BRDA:1257,68,0,0
BRDA:1257,68,1,0
BRDA:1261,69,0,0
BRDA:1261,69,1,0
BRDA:1265,70,0,0
BRDA:1265,70,1,0
BRDA:1296,71,0,0
BRDA:1296,71,1,0
BRDA:1300,72,0,0
BRDA:1300,72,1,0
BRDA:1308,73,0,0
BRDA:1308,73,1,0
BRDA:1310,74,0,0
BRDA:1310,74,1,0
BRDA:1318,75,0,0
BRDA:1318,75,1,0
BRDA:1320,76,0,0
BRDA:1320,76,1,0
BRDA:1333,77,0,0
BRDA:1333,77,1,0
BRF:158
BRH:30
end_of_record
TN:
SF:src/app/business-processes/all-bp/business-processes-list/business-processes-list.module.ts
FN:88,(anonymous_1)
FNF:1
FNH:1
FNDA:224,(anonymous_1)
DA:88,112
LF:1
LH:1
BRF:0
BRH:0
end_of_record
TN:
SF:src/app/business-processes/business-process-wizard/business-process-wizard-routing.module.ts
FN:41,(anonymous_1)
FNF:1
FNH:1
FNDA:450,(anonymous_1)
DA:8,225
DA:41,225
LF:2
LH:2
BRF:0
BRH:0
end_of_record
TN:
SF:src/app/business-processes/business-process-wizard/business-process-wizard.component.ts
FN:9,(anonymous_14)
FN:10,BusinessProcessWizardComponent
FN:12,(anonymous_16)
FN:16,(anonymous_19)
FN:20,(anonymous_20)
FN:25,(anonymous_21)
FNF:6
FNH:6
FNDA:225,(anonymous_14)
FNDA:226,BusinessProcessWizardComponent
FNDA:226,(anonymous_16)
FNDA:4,(anonymous_19)
FNDA:226,(anonymous_20)
FNDA:4,(anonymous_21)
DA:9,225
DA:12,225
DA:13,226
DA:16,225
DA:17,4
DA:20,225
DA:21,226
DA:22,226
DA:25,225
DA:26,4
DA:27,4
DA:29,225
LF:12
LH:12
BRF:0
BRH:0
end_of_record
TN:
SF:src/app/business-processes/business-process-wizard/business-process-wizard.module.ts
FN:146,(anonymous_1)
FNF:1
FNH:1
FNDA:450,(anonymous_1)
DA:146,225
LF:1
LH:1
BRF:0
BRH:0
end_of_record
TN:
SF:src/app/business-processes/business-process-wizard/business-process-wizard.service.ts
FN:7,(anonymous_2)
FN:10,BusinessProcessWizardService
FNF:2
FNH:2
FNDA:354,(anonymous_2)
FNDA:239,BusinessProcessWizardService
DA:7,354
DA:11,239
DA:13,354
LF:3
LH:3
BRF:0
BRH:0
end_of_record
TN:
SF:src/app/business-processes/business-process-wizard/build-data-flow/build-data-flow.component.ts
FN:31,(anonymous_2)
FN:60,BuildDataFlowNewUiComponent
FN:71,(anonymous_4)
FN:96,(anonymous_5)
FN:100,(anonymous_6)
FN:104,(anonymous_7)
FN:107,(anonymous_8)
FN:112,(anonymous_9)
FN:116,(anonymous_10)
FN:120,(anonymous_11)
FN:127,(anonymous_12)
FN:133,(anonymous_13)
FN:137,(anonymous_14)
FN:145,(anonymous_15)
FN:151,(anonymous_16)
FN:157,(anonymous_17)
FN:165,(anonymous_18)
FN:192,(anonymous_19)
FN:199,(anonymous_20)
FN:200,(anonymous_21)
FN:203,(anonymous_22)
FN:210,(anonymous_23)
FN:218,(anonymous_24)
FN:222,(anonymous_25)
FN:226,(anonymous_26)
FN:234,(anonymous_27)
FN:242,(anonymous_28)
FN:246,(anonymous_29)
FN:250,(anonymous_30)
FN:255,(anonymous_31)
FN:276,(anonymous_32)
FN:292,(anonymous_33)
FN:294,(anonymous_34)
FN:300,(anonymous_35)
FNF:34
FNH:25
FNDA:87,(anonymous_2)
FNDA:44,BuildDataFlowNewUiComponent
FNDA:26,(anonymous_4)
FNDA:0,(anonymous_5)
FNDA:70,(anonymous_6)
FNDA:26,(anonymous_7)
FNDA:44,(anonymous_8)
FNDA:26,(anonymous_9)
FNDA:0,(anonymous_10)
FNDA:132,(anonymous_11)
FNDA:70,(anonymous_12)
FNDA:70,(anonymous_13)
FNDA:164,(anonymous_14)
FNDA:14,(anonymous_15)
FNDA:14,(anonymous_16)
FNDA:14,(anonymous_17)
FNDA:14,(anonymous_18)
FNDA:0,(anonymous_19)
FNDA:0,(anonymous_20)
FNDA:0,(anonymous_21)
FNDA:3,(anonymous_22)
FNDA:3,(anonymous_23)
FNDA:3,(anonymous_24)
FNDA:3,(anonymous_25)
FNDA:14,(anonymous_26)
FNDA:0,(anonymous_27)
FNDA:0,(anonymous_28)
FNDA:0,(anonymous_29)
FNDA:14,(anonymous_30)
FNDA:19,(anonymous_31)
FNDA:18,(anonymous_32)
FNDA:23,(anonymous_33)
FNDA:0,(anonymous_34)
FNDA:19,(anonymous_35)
DA:31,207
DA:33,26
DA:34,44
DA:40,164
DA:41,44
DA:44,26
DA:60,44
DA:61,26
DA:62,26
DA:63,0
DA:64,0
DA:65,0
DA:66,0
DA:67,70
DA:69,0
DA:70,26
DA:71,44
DA:72,0
DA:76,132
DA:93,70
DA:96,113
DA:97,0
DA:100,113
DA:101,207
DA:104,250
DA:105,207
DA:106,0
DA:108,207
DA:109,70
DA:112,70
DA:116,69
DA:117,26
DA:120,43
DA:121,0
DA:122,0
DA:124,0
DA:125,0
DA:128,0
DA:133,154
DA:134,44
DA:137,87
DA:138,49
DA:140,49
DA:141,18
DA:145,0
DA:146,0
DA:147,18
DA:152,0
DA:157,43
DA:158,0
DA:165,61
DA:166,0
DA:192,61
DA:195,137
DA:196,0
DA:198,207
DA:199,44
DA:200,0
DA:203,87
DA:204,164
DA:205,14
DA:206,14
DA:210,57
DA:211,14
DA:212,14
DA:219,14
DA:220,14
DA:222,14
DA:226,57
DA:227,14
DA:228,14
DA:230,14
DA:234,57
DA:235,14
DA:236,14
DA:243,14
DA:244,14
DA:246,14
DA:250,97
DA:251,14
DA:252,151
DA:255,84
DA:256,14
DA:258,27
DA:259,27
DA:267,124
DA:273,124
DA:276,43
DA:280,27
DA:283,13
DA:284,0
DA:285,137
DA:286,30
DA:291,124
DA:293,3
DA:294,13
DA:300,46
DA:301,46
LF:98
LH:77
BRDA:108,0,0,164
BRDA:108,0,1,0
BRDA:121,1,0,44
BRDA:121,1,1,44
BRDA:121,2,0,44
BRDA:121,2,1,26
BRDA:167,3,0,44
BRDA:167,3,1,44
BRDA:195,4,0,164
BRDA:195,4,1,0
BRDA:196,5,0,0
BRDA:196,5,1,26
BRDA:205,6,0,44
BRDA:205,6,1,44
BRDA:227,7,0,0
BRDA:227,7,1,70
BRDA:280,8,0,0
BRDA:280,8,1,207
BRDA:283,9,0,207
BRDA:283,9,1,0
BRDA:285,10,0,0
BRDA:285,10,1,0
BRF:22
BRH:14
end_of_record
TN:
SF:src/app/business-processes/business-process-wizard/build-data-flow/data-flow-chart-modal-details/data-flow-chart-modal-details.component.ts
FN:43,(anonymous_16)
FN:102,DataFlowChartModalDetailsComponent
FN:111,(anonymous_18)
FN:126,(anonymous_19)
FN:128,(anonymous_20)
FN:133,(anonymous_21)
FN:135,(anonymous_22)
FN:140,(anonymous_23)
FN:147,(anonymous_24)
FN:151,(anonymous_25)
FN:158,(anonymous_26)
FN:169,(anonymous_27)
FN:181,(anonymous_28)
FN:182,(anonymous_29)
FN:185,(anonymous_30)
FN:196,(anonymous_33)
FN:208,(anonymous_34)
FN:215,(anonymous_35)
FN:225,(anonymous_36)
FN:231,(anonymous_37)
FN:238,(anonymous_38)
FN:242,(anonymous_39)
FN:249,(anonymous_40)
FN:256,(anonymous_41)
FN:268,(anonymous_42)
FN:279,(anonymous_43)
FN:285,(anonymous_44)
FN:328,(anonymous_45)
FN:336,(anonymous_46)
FN:350,(anonymous_47)
FN:368,(anonymous_48)
FN:379,(anonymous_49)
FN:384,(anonymous_50)
FN:387,(anonymous_51)
FN:392,(anonymous_52)
FN:395,(anonymous_53)
FN:403,(anonymous_54)
FN:421,(anonymous_55)
FN:423,(anonymous_56)
FN:424,(anonymous_57)
FN:437,(anonymous_58)
FNF:41
FNH:1
FNDA:137,(anonymous_16)
FNDA:0,DataFlowChartModalDetailsComponent
FNDA:0,(anonymous_18)
FNDA:0,(anonymous_19)
FNDA:0,(anonymous_20)
FNDA:0,(anonymous_21)
FNDA:0,(anonymous_22)
FNDA:0,(anonymous_23)
FNDA:0,(anonymous_24)
FNDA:0,(anonymous_25)
FNDA:0,(anonymous_26)
FNDA:0,(anonymous_27)
FNDA:0,(anonymous_28)
FNDA:0,(anonymous_29)
FNDA:0,(anonymous_30)
FNDA:0,(anonymous_33)
FNDA:0,(anonymous_34)
FNDA:0,(anonymous_35)
FNDA:0,(anonymous_36)
FNDA:0,(anonymous_37)
FNDA:0,(anonymous_38)
FNDA:0,(anonymous_39)
FNDA:0,(anonymous_40)
FNDA:0,(anonymous_41)
FNDA:0,(anonymous_42)
FNDA:0,(anonymous_43)
FNDA:0,(anonymous_44)
FNDA:0,(anonymous_45)
FNDA:0,(anonymous_46)
FNDA:0,(anonymous_47)
FNDA:0,(anonymous_48)
FNDA:0,(anonymous_49)
FNDA:0,(anonymous_50)
FNDA:0,(anonymous_51)
FNDA:0,(anonymous_52)
FNDA:0,(anonymous_53)
FNDA:0,(anonymous_54)
FNDA:0,(anonymous_55)
FNDA:0,(anonymous_56)
FNDA:0,(anonymous_57)
FNDA:0,(anonymous_58)
DA:43,137
DA:44,137
DA:45,81
DA:46,81
DA:50,0
DA:51,0
DA:52,0
DA:55,0
DA:56,0
DA:57,0
DA:62,0
DA:63,0
DA:64,0
DA:65,0
DA:67,0
DA:79,0
DA:80,0
DA:81,0
DA:83,0
DA:84,0
DA:85,0
DA:87,0
DA:88,0
DA:89,0
DA:92,0
DA:94,0
DA:96,0
DA:98,0
DA:100,0
DA:103,0
DA:104,0
DA:105,0
DA:106,0
DA:107,0
DA:108,0
DA:111,81
DA:112,56
DA:113,0
DA:119,0
DA:120,0
DA:122,0
DA:126,81
DA:128,137
DA:129,0
DA:130,56
DA:133,81
DA:134,56
DA:136,0
DA:139,0
DA:141,0
DA:142,0
DA:147,81
DA:148,0
DA:149,56
DA:150,0
DA:151,0
DA:152,0
DA:153,0
DA:154,0
DA:156,0
DA:157,0
DA:158,0
DA:159,0
DA:160,0
DA:161,0
DA:166,0
DA:169,81
DA:170,0
DA:171,56
DA:172,0
DA:173,0
DA:175,0
DA:176,56
DA:181,81
DA:182,0
DA:185,81
DA:186,56
DA:192,0
DA:193,0
DA:196,81
DA:197,0
DA:198,0
DA:199,0
DA:203,0
DA:208,81
DA:209,56
DA:215,81
DA:216,0
DA:217,0
DA:219,0
DA:225,81
DA:226,0
DA:227,0
DA:228,0
DA:230,0
DA:231,0
DA:233,0
DA:238,81
DA:239,0
DA:242,81
DA:247,0
DA:250,56
DA:251,0
DA:256,81
DA:257,56
DA:258,0
DA:264,0
DA:268,0
DA:269,0
DA:270,56
DA:271,0
DA:272,56
DA:275,0
DA:279,81
DA:280,0
DA:281,0
DA:285,81
DA:286,0
DA:287,0
DA:288,0
DA:292,0
DA:293,0
DA:294,0
DA:298,0
DA:299,0
DA:300,56
DA:305,0
DA:311,0
DA:317,0
DA:323,0
DA:325,0
DA:328,81
DA:329,0
DA:335,0
DA:337,0
DA:350,81
DA:351,56
DA:356,0
DA:361,0
DA:368,81
DA:369,0
DA:370,56
DA:371,0
DA:372,0
DA:379,81
DA:382,0
DA:384,0
DA:387,81
DA:390,0
DA:392,0
DA:395,81
DA:396,0
DA:397,0
DA:404,0
DA:410,56
DA:411,0
DA:413,0
DA:414,56
DA:416,0
DA:417,0
DA:421,81
DA:422,0
DA:423,0
DA:424,0
DA:426,0
DA:427,0
DA:429,0
DA:430,0
DA:432,0
DA:433,0
DA:437,81
DA:438,0
DA:439,56
DA:441,0
DA:442,0
DA:444,0
DA:445,0
DA:448,137
LF:178
LH:48
BRDA:119,0,0,0
BRDA:119,0,1,0
BRDA:119,1,0,0
BRDA:119,1,1,0
BRDA:148,2,0,0
BRDA:148,2,1,0
BRDA:149,3,0,0
BRDA:149,3,1,0
BRDA:149,4,0,0
BRDA:149,4,1,0
BRDA:156,5,0,0
BRDA:156,5,1,0
BRDA:170,6,0,0
BRDA:170,6,1,0
BRDA:170,7,0,0
BRDA:170,7,1,0
BRDA:171,8,0,0
BRDA:171,8,1,0
BRDA:197,9,0,0
BRDA:197,9,1,0
BRDA:197,10,0,0
BRDA:197,10,1,0
BRDA:198,11,0,0
BRDA:198,11,1,0
BRDA:216,12,0,0
BRDA:216,12,1,0
BRDA:226,13,0,0
BRDA:226,13,1,0
BRDA:226,14,0,0
BRDA:226,14,1,0
BRDA:227,15,0,0
BRDA:227,15,1,0
BRDA:239,16,0,0
BRDA:239,16,1,0
BRDA:250,17,0,0
BRDA:250,17,1,0
BRDA:258,18,0,0
BRDA:258,18,1,0
BRDA:259,19,0,0
BRDA:259,19,1,0
BRDA:259,19,2,0
BRDA:280,20,0,0
BRDA:280,20,1,0
BRDA:286,21,0,0
BRDA:286,21,1,0
BRDA:292,22,0,0
BRDA:292,22,1,0
BRDA:298,23,0,0
BRDA:298,23,1,0
BRDA:342,24,0,0
BRDA:342,24,1,0
BRDA:344,25,0,0
BRDA:344,25,1,0
BRDA:410,26,0,0
BRDA:410,26,1,0
BRDA:413,27,0,0
BRDA:413,27,1,0
BRDA:416,28,0,0
BRDA:416,28,1,0
BRDA:426,29,0,0
BRDA:426,29,1,0
BRDA:429,30,0,0
BRDA:429,30,1,0
BRDA:432,31,0,0
BRDA:432,31,1,0
BRDA:438,32,0,0
BRDA:438,32,1,0
BRDA:441,33,0,0
BRDA:441,33,1,0
BRDA:444,34,0,0
BRDA:444,34,1,0
BRF:71
BRH:0
end_of_record
TN:
SF:src/app/business-processes/business-process-wizard/build-data-flow/data-flow-empty-state/data-flow-empty-state.component.ts
FN:15,(anonymous_2)
FN:18,DataFlowEmptyStateComponent
FN:20,(anonymous_4)
FN:22,(anonymous_5)
FNF:4
FNH:3
FNDA:137,(anonymous_2)
FNDA:4,DataFlowEmptyStateComponent
FNDA:4,(anonymous_4)
FNDA:0,(anonymous_5)
DA:15,137
DA:16,137
DA:20,137
DA:22,137
DA:23,0
DA:25,137
LF:6
LH:5
BRF:0
BRH:0
end_of_record
TN:
SF:src/app/business-processes/business-process-wizard/build-data-flow/data-flow-side-bar/data-flow-side-bar.component.ts
FN:9,(anonymous_2)
FN:23,DataFlowSideBarComponent
FN:28,(anonymous_4)
FN:30,(anonymous_5)
FN:38,(anonymous_6)
FN:42,(anonymous_7)
FN:46,(anonymous_8)
FN:50,(anonymous_9)
FNF:8
FNH:5
FNDA:207,(anonymous_2)
FNDA:9,DataFlowSideBarComponent
FNDA:9,(anonymous_4)
FNDA:3,(anonymous_5)
FNDA:1,(anonymous_6)
FNDA:0,(anonymous_7)
FNDA:0,(anonymous_8)
FNDA:0,(anonymous_9)
DA:9,207
DA:10,207
DA:11,70
DA:12,207
DA:14,207
DA:15,207
DA:16,207
DA:17,207
DA:18,207
DA:24,9
DA:25,9
DA:28,207
DA:30,207
DA:31,3
DA:32,0
DA:34,3
DA:38,73
DA:39,1
DA:42,207
DA:43,0
DA:46,207
DA:47,0
DA:50,207
DA:51,0
DA:53,207
LF:25
LH:21
BRDA:31,0,0,0
BRDA:31,0,1,3
BRF:2
BRH:1
end_of_record
TN:
SF:src/app/business-processes/business-process-wizard/build-data-flow/data-flow-side-bar/data-flow-collapse-view/data-flow-collapse-view.component.ts
FN:8,(anonymous_2)
FN:12,DataFlowCollapseComponent
FN:14,(anonymous_4)
FNF:3
FNH:3
FNDA:207,(anonymous_2)
FNDA:9,DataFlowCollapseComponent
FNDA:9,(anonymous_4)
DA:8,207
DA:9,207
DA:10,207
DA:14,207
DA:15,207
LF:5
LH:5
BRF:0
BRH:0
end_of_record
TN:
SF:src/app/business-processes/business-process-wizard/build-data-flow/data-flow-side-bar/data-flow-expand-view/data-flow-expand-view.component.ts
FN:8,(anonymous_2)
FN:12,DataFlowExpandViewComponent
FN:14,(anonymous_4)
FNF:3
FNH:3
FNDA:207,(anonymous_2)
FNDA:9,DataFlowExpandViewComponent
FNDA:9,(anonymous_4)
DA:8,207
DA:9,207
DA:10,207
DA:14,207
DA:15,207
LF:5
LH:5
BRF:0
BRH:0
end_of_record
TN:
SF:src/app/business-processes/business-process-wizard/build-data-flow/data-flow-side-bar/data-flow-filters/data-flow-filters.component.ts
FN:19,(anonymous_2)
FN:29,DataFlowFiltersComponent
FN:31,(anonymous_4)
FN:33,(anonymous_5)
FN:38,(anonymous_6)
FN:52,(anonymous_7)
FN:53,(anonymous_8)
FN:60,(anonymous_9)
FNF:8
FNH:3
FNDA:207,(anonymous_2)
FNDA:9,DataFlowFiltersComponent
FNDA:9,(anonymous_4)
FNDA:0,(anonymous_5)
FNDA:0,(anonymous_6)
FNDA:0,(anonymous_7)
FNDA:0,(anonymous_8)
FNDA:0,(anonymous_9)
DA:19,207
DA:20,207
DA:21,207
DA:22,207
DA:23,207
DA:24,207
DA:26,9
DA:31,207
DA:33,207
DA:34,0
DA:35,0
DA:38,207
DA:39,0
DA:40,0
DA:41,0
DA:42,0
DA:50,0
DA:52,0
DA:53,0
DA:56,0
DA:60,207
DA:62,0
DA:64,207
LF:23
LH:12
BRDA:39,0,0,0
BRDA:39,0,1,0
BRDA:50,1,0,0
BRDA:50,1,1,0
BRF:4
BRH:0
end_of_record
TN:
SF:src/app/business-processes/business-process-wizard/build-data-flow/data-flow-side-bar/data-flow-search/data-flow-search.component.ts
FN:8,(anonymous_2)
FN:15,DataFlowSearchComponent
FN:17,(anonymous_4)
FN:19,(anonymous_5)
FN:23,(anonymous_6)
FN:33,(anonymous_7)
FNF:6
FNH:3
FNDA:207,(anonymous_2)
FNDA:9,DataFlowSearchComponent
FNDA:9,(anonymous_4)
FNDA:0,(anonymous_5)
FNDA:0,(anonymous_6)
FNDA:0,(anonymous_7)
DA:8,207
DA:11,207
DA:12,207
DA:13,207
DA:17,207
DA:19,207
DA:20,0
DA:23,207
DA:24,0
DA:28,0
DA:29,0
DA:33,207
DA:34,0
DA:35,0
DA:36,0
DA:38,207
LF:16
LH:9
BRDA:24,0,0,0
BRDA:24,0,1,0
BRDA:25,1,0,0
BRDA:25,1,1,0
BRDA:25,1,2,0
BRF:5
BRH:0
end_of_record
TN:
SF:src/app/business-processes/business-process-wizard/build-data-flow/no-mapped-systems-state/no-mapped-systems-state.component.ts
FN:9,(anonymous_2)
FN:10,NoMappedSystemsStateComponent
FN:12,(anonymous_4)
FNF:3
FNH:3
FNDA:56,(anonymous_2)
FNDA:9,NoMappedSystemsStateComponent
FNDA:9,(anonymous_4)
DA:9,56
DA:12,56
DA:13,56
LF:3
LH:3
BRF:0
BRH:0
end_of_record
TN:
SF:src/app/business-processes/business-process-wizard/build-data-flow/system-transfers/system-transfers.component.ts
FN:23,(anonymous_2)
FN:32,SystemTransfersComponent
FN:34,(anonymous_4)
FN:36,(anonymous_5)
FN:40,(anonymous_6)
FN:47,(anonymous_7)
FNF:6
FNH:6
FNDA:207,(anonymous_2)
FNDA:9,SystemTransfersComponent
FNDA:9,(anonymous_4)
FNDA:312,(anonymous_5)
FNDA:5,(anonymous_6)
FNDA:7,(anonymous_7)
DA:23,355
DA:24,52
DA:25,52
DA:26,79
DA:27,79
DA:28,180
DA:30,207
DA:34,52
DA:36,52
DA:37,9
DA:40,52
DA:42,9
DA:47,52
DA:49,9
DA:53,207
LF:15
LH:15
BRF:0
BRH:0
end_of_record
TN:
SF:src/app/business-processes/business-process-wizard/build-data-flow/system-transfers-table/system-transfers-table.component.ts
FN:27,(anonymous_2)
FN:34,SystemTransfersTableComponent
FN:36,(anonymous_4)
FN:38,(anonymous_5)
FN:43,(anonymous_6)
FN:46,(anonymous_7)
FN:53,(anonymous_8)
FN:55,(anonymous_9)
FN:58,(anonymous_10)
FN:65,(anonymous_11)
FN:73,(anonymous_12)
FNF:11
FNH:10
FNDA:207,(anonymous_2)
FNDA:32,SystemTransfersTableComponent
FNDA:32,(anonymous_4)
FNDA:32,(anonymous_5)
FNDA:0,(anonymous_6)
FNDA:32,(anonymous_7)
FNDA:16,(anonymous_8)
FNDA:16,(anonymous_9)
FNDA:32,(anonymous_10)
FNDA:16,(anonymous_11)
FNDA:16,(anonymous_12)
DA:27,207
DA:28,59
DA:29,86
DA:30,59
DA:34,32
DA:36,75
DA:37,32
DA:38,59
DA:40,32
DA:43,75
DA:44,137
DA:47,32
DA:48,32
DA:53,75
DA:55,137
DA:56,32
DA:57,32
DA:58,27
DA:59,0
DA:60,137
DA:61,59
DA:63,16
DA:64,32
DA:65,0
DA:66,32
DA:67,43
DA:68,137
DA:73,59
DA:74,16
DA:75,16
DA:77,137
DA:78,32
DA:80,43
DA:81,16
DA:83,16
DA:85,180
LF:36
LH:34
BRDA:37,0,0,0
BRDA:37,0,1,0
BRDA:47,1,0,16
BRDA:47,1,1,16
BRDA:56,2,0,0
BRDA:56,2,1,32
BRDA:56,3,0,16
BRDA:56,3,1,16
BRDA:63,4,0,16
BRDA:63,4,1,0
BRDA:74,5,0,16
BRDA:74,5,1,0
BRDA:74,6,0,16
BRDA:74,6,1,16
BRDA:77,7,0,32
BRDA:77,7,1,16
BRDA:80,8,0,16
BRDA:80,8,1,0
BRF:18
BRH:12
end_of_record
TN:
SF:src/app/business-processes/business-process-wizard/details/details.component.ts
FN:39,(anonymous_2)
FN:57,DetailsComponent
FN:65,(anonymous_4)
FN:72,(anonymous_5)
FN:76,(anonymous_6)
FN:80,(anonymous_7)
FN:91,(anonymous_8)
FN:96,(anonymous_9)
FN:102,(anonymous_10)
FN:106,(anonymous_11)
FN:111,(anonymous_12)
FN:118,(anonymous_13)
FN:123,(anonymous_14)
FN:136,(anonymous_15)
FN:140,(anonymous_16)
FN:154,(anonymous_17)
FN:160,(anonymous_18)
FNF:17
FNH:15
FNDA:225,(anonymous_2)
FNDA:202,DetailsComponent
FNDA:202,(anonymous_4)
FNDA:202,(anonymous_5)
FNDA:202,(anonymous_6)
FNDA:196,(anonymous_7)
FNDA:202,(anonymous_8)
FNDA:198,(anonymous_9)
FNDA:198,(anonymous_10)
FNDA:193,(anonymous_11)
FNDA:2496,(anonymous_12)
FNDA:28388,(anonymous_13)
FNDA:26141,(anonymous_14)
FNDA:10,(anonymous_15)
FNDA:10,(anonymous_16)
FNDA:0,(anonymous_17)
FNDA:0,(anonymous_18)
DA:39,225
DA:49,202
DA:51,202
DA:54,202
DA:55,202
DA:57,202
DA:58,202
DA:59,202
DA:60,202
DA:61,202
DA:62,202
DA:63,202
DA:65,202
DA:66,202
DA:72,203
DA:73,224
DA:76,224
DA:78,202
DA:81,201
DA:82,180
DA:91,224
DA:93,202
DA:94,202
DA:97,201
DA:98,198
DA:102,223
DA:103,198
DA:104,198
DA:107,198
DA:111,195
DA:112,2496
DA:113,0
DA:118,18
DA:119,2730
DA:120,28388
DA:123,18
DA:124,207
DA:125,26141
DA:126,26141
DA:128,207
DA:130,10
DA:131,0
DA:132,0
DA:136,18
DA:137,10
DA:138,10
DA:141,207
DA:142,10
DA:143,10
DA:154,28
DA:155,0
DA:160,18
DA:161,225
LF:53
LH:49
BRDA:81,0,0,0
BRDA:81,0,1,196
BRDA:112,1,0,0
BRDA:112,1,1,2496
BRDA:120,2,0,2523
BRDA:120,2,1,25865
BRDA:124,3,0,26141
BRDA:124,3,1,0
BRDA:124,4,0,0
BRDA:124,4,1,10
BRDA:125,5,0,10
BRDA:125,5,1,10
BRDA:142,6,0,0
BRDA:142,6,1,0
BRF:14
BRH:8
end_of_record
TN:
SF:src/app/business-processes/business-process-wizard/review/review.component.ts
FN:38,(anonymous_2)
FN:65,ReviewComponent
FN:54,(anonymous_4)
FN:82,(anonymous_5)
FN:88,(anonymous_6)
FN:96,(anonymous_7)
FN:104,(anonymous_8)
FN:118,(anonymous_9)
FN:129,(anonymous_10)
FN:133,(anonymous_11)
FN:140,(anonymous_12)
FN:144,(anonymous_13)
FN:150,(anonymous_14)
FN:159,(anonymous_15)
FN:163,(anonymous_16)
FN:172,(anonymous_17)
FN:179,(anonymous_18)
FN:183,(anonymous_19)
FN:188,(anonymous_20)
FN:194,(anonymous_21)
FN:204,(anonymous_22)
FN:219,(anonymous_23)
FN:220,(anonymous_24)
FN:229,(anonymous_25)
FN:232,(anonymous_26)
FN:237,(anonymous_27)
FN:245,(anonymous_28)
FN:247,(anonymous_29)
FN:248,(anonymous_30)
FN:263,(anonymous_31)
FN:267,(anonymous_32)
FN:282,(anonymous_33)
FN:288,(anonymous_34)
FN:294,(anonymous_35)
FN:298,(anonymous_36)
FN:303,(anonymous_37)
FN:305,(anonymous_38)
FN:308,(anonymous_39)
FN:312,(anonymous_40)
FNF:39
FNH:20
FNDA:207,(anonymous_2)
FNDA:4,ReviewComponent
FNDA:108,(anonymous_4)
FNDA:4,(anonymous_5)
FNDA:0,(anonymous_6)
FNDA:4,(anonymous_7)
FNDA:4,(anonymous_8)
FNDA:0,(anonymous_9)
FNDA:4,(anonymous_10)
FNDA:4,(anonymous_11)
FNDA:0,(anonymous_12)
FNDA:4,(anonymous_13)
FNDA:0,(anonymous_14)
FNDA:0,(anonymous_15)
FNDA:0,(anonymous_16)
FNDA:0,(anonymous_17)
FNDA:0,(anonymous_18)
FNDA:0,(anonymous_19)
FNDA:0,(anonymous_20)
FNDA:4,(anonymous_21)
FNDA:4,(anonymous_22)
FNDA:0,(anonymous_23)
FNDA:0,(anonymous_24)
FNDA:0,(anonymous_25)
FNDA:0,(anonymous_26)
FNDA:0,(anonymous_27)
FNDA:2,(anonymous_28)
FNDA:0,(anonymous_29)
FNDA:0,(anonymous_30)
FNDA:378,(anonymous_31)
FNDA:2,(anonymous_32)
FNDA:2,(anonymous_33)
FNDA:0,(anonymous_34)
FNDA:2,(anonymous_35)
FNDA:2,(anonymous_36)
FNDA:0,(anonymous_37)
FNDA:4,(anonymous_38)
FNDA:4,(anonymous_39)
FNDA:4,(anonymous_40)
DA:38,207
DA:45,4
DA:48,4
DA:50,4
DA:51,4
DA:52,4
DA:54,207
DA:55,108
DA:58,4
DA:66,4
DA:67,4
DA:68,4
DA:69,4
DA:70,4
DA:71,4
DA:72,4
DA:73,4
DA:74,4
DA:76,4
DA:77,4
DA:78,4
DA:79,4
DA:82,207
DA:83,4
DA:84,4
DA:86,4
DA:89,0
DA:90,0
DA:93,4
DA:96,207
DA:97,4
DA:98,4
DA:104,4
DA:105,4
DA:107,4
DA:108,4
DA:109,4
DA:110,4
DA:112,4
DA:116,4
DA:119,0
DA:120,0
DA:122,0
DA:129,207
DA:130,4
DA:134,4
DA:135,0
DA:140,0
DA:144,207
DA:145,4
DA:148,4
DA:149,4
DA:150,4
DA:151,0
DA:152,0
DA:159,4
DA:160,0
DA:161,0
DA:162,0
DA:163,0
DA:164,0
DA:165,0
DA:166,0
DA:172,207
DA:173,0
DA:175,0
DA:176,0
DA:179,207
DA:180,0
DA:183,207
DA:184,0
DA:185,0
DA:188,207
DA:189,0
DA:190,0
DA:191,0
DA:194,207
DA:195,4
DA:201,4
DA:204,207
DA:209,4
DA:210,4
DA:211,4
DA:213,4
DA:219,207
DA:220,0
DA:221,0
DA:222,0
DA:223,0
DA:226,0
DA:229,207
DA:230,0
DA:231,0
DA:232,0
DA:233,0
DA:235,0
DA:236,0
DA:237,0
DA:238,0
DA:242,0
DA:245,207
DA:246,2
DA:247,0
DA:249,0
DA:255,2
DA:263,207
DA:264,378
DA:267,207
DA:269,2
DA:270,0
DA:271,0
DA:273,0
DA:278,2
DA:279,2
DA:283,0
DA:284,2
DA:286,2
DA:289,0
DA:294,72
DA:295,137
DA:296,2
DA:299,2
DA:303,72
DA:305,137
DA:306,137
DA:308,4
DA:310,4
DA:312,4
DA:314,74
LF:129
LH:83
BRDA:89,0,0,0
BRDA:89,0,1,0
BRDA:134,1,0,0
BRDA:134,1,1,4
BRDA:161,2,0,0
BRDA:161,2,1,0
BRDA:164,3,0,0
BRDA:164,3,1,0
BRDA:209,4,0,4
BRDA:209,4,1,0
BRDA:210,5,0,4
BRDA:210,5,1,0
BRDA:221,6,0,0
BRDA:221,6,1,0
BRDA:230,7,0,0
BRDA:230,7,1,0
BRDA:230,8,0,0
BRDA:230,8,1,0
BRDA:235,9,0,0
BRDA:235,9,1,0
BRDA:269,10,0,0
BRDA:269,10,1,2
BRDA:270,11,0,0
BRDA:270,11,1,0
BRDA:270,12,0,0
BRDA:270,12,1,0
BRDA:283,13,0,0
BRDA:283,13,1,2
BRF:28
BRH:5
end_of_record
TN:
SF:src/app/business-processes/business-process-wizard/security-risks/security-risks.component.ts
FN:44,(anonymous_4)
FN:116,SecurityRisksComponent
FN:146,(anonymous_6)
FN:55,(anonymous_7)
FN:58,(anonymous_8)
FN:63,(anonymous_9)
FN:78,(anonymous_10)
FN:81,(anonymous_11)
FN:84,(anonymous_12)
FN:151,(anonymous_13)
FN:162,(anonymous_14)
FN:166,(anonymous_15)
FN:169,(anonymous_16)
FN:173,(anonymous_17)
FN:175,(anonymous_18)
FN:182,(anonymous_19)
FN:186,(anonymous_20)
FN:195,(anonymous_21)
FN:217,(anonymous_22)
FN:221,(anonymous_23)
FN:222,(anonymous_24)
FN:232,(anonymous_25)
FN:235,(anonymous_26)
FN:238,(anonymous_27)
FN:241,(anonymous_28)
FN:253,(anonymous_29)
FN:254,(anonymous_30)
FN:264,(anonymous_31)
FN:278,(anonymous_32)
FN:282,(anonymous_33)
FN:290,(anonymous_34)
FN:301,(anonymous_35)
FN:312,(anonymous_36)
FN:323,(anonymous_37)
FN:356,(anonymous_38)
FN:368,(anonymous_39)
FN:373,(anonymous_40)
FN:374,(anonymous_41)
FN:384,(anonymous_42)
FN:387,(anonymous_43)
FN:389,(anonymous_44)
FN:395,(anonymous_45)
FN:413,(anonymous_46)
FN:428,(anonymous_47)
FN:435,(anonymous_48)
FN:446,(anonymous_49)
FN:454,(anonymous_50)
FN:458,(anonymous_51)
FN:463,(anonymous_52)
FNF:49
FNH:39
FNDA:207,(anonymous_4)
FNDA:6,SecurityRisksComponent
FNDA:6,(anonymous_6)
FNDA:586,(anonymous_7)
FNDA:4,(anonymous_8)
FNDA:1052,(anonymous_9)
FNDA:1578,(anonymous_10)
FNDA:2114,(anonymous_11)
FNDA:526,(anonymous_12)
FNDA:6,(anonymous_13)
FNDA:6,(anonymous_14)
FNDA:6,(anonymous_15)
FNDA:6,(anonymous_16)
FNDA:6,(anonymous_17)
FNDA:6,(anonymous_18)
FNDA:0,(anonymous_19)
FNDA:6,(anonymous_20)
FNDA:4,(anonymous_21)
FNDA:0,(anonymous_22)
FNDA:4,(anonymous_23)
FNDA:48,(anonymous_24)
FNDA:48,(anonymous_25)
FNDA:0,(anonymous_26)
FNDA:4,(anonymous_27)
FNDA:48,(anonymous_28)
FNDA:6,(anonymous_29)
FNDA:0,(anonymous_30)
FNDA:4,(anonymous_31)
FNDA:8,(anonymous_32)
FNDA:0,(anonymous_33)
FNDA:1052,(anonymous_34)
FNDA:1052,(anonymous_35)
FNDA:1052,(anonymous_36)
FNDA:1052,(anonymous_37)
FNDA:526,(anonymous_38)
FNDA:4,(anonymous_39)
FNDA:48,(anonymous_40)
FNDA:0,(anonymous_41)
FNDA:8,(anonymous_42)
FNDA:0,(anonymous_43)
FNDA:0,(anonymous_44)
FNDA:4,(anonymous_45)
FNDA:4,(anonymous_46)
FNDA:4,(anonymous_47)
FNDA:0,(anonymous_48)
FNDA:0,(anonymous_49)
FNDA:4,(anonymous_50)
FNDA:4,(anonymous_51)
FNDA:4,(anonymous_52)
DA:44,207
DA:50,6
DA:55,207
DA:56,586
DA:58,207
DA:59,4
DA:63,207
DA:64,1052
DA:70,6
DA:78,207
DA:79,1578
DA:81,207
DA:82,2114
DA:84,207
DA:85,526
DA:95,6
DA:101,6
DA:109,207
DA:111,207
DA:116,6
DA:117,6
DA:118,6
DA:119,6
DA:120,6
DA:121,6
DA:122,6
DA:123,6
DA:124,6
DA:125,6
DA:126,6
DA:127,6
DA:128,6
DA:129,6
DA:131,6
DA:136,6
DA:146,6
DA:147,6
DA:151,207
DA:152,6
DA:153,6
DA:154,6
DA:155,0
DA:157,6
DA:158,0
DA:160,6
DA:162,6
DA:164,6
DA:166,6
DA:169,207
DA:170,6
DA:173,207
DA:174,6
DA:176,6
DA:177,0
DA:182,0
DA:186,207
DA:187,6
DA:196,4
DA:197,4
DA:198,4
DA:199,4
DA:201,4
DA:203,4
DA:204,4
DA:205,4
DA:206,4
DA:209,4
DA:212,4
DA:214,4
DA:217,0
DA:221,207
DA:222,4
DA:223,48
DA:231,4
DA:232,48
DA:235,4
DA:238,207
DA:239,8
DA:241,4
DA:242,48
DA:243,48
DA:244,0
DA:247,4
DA:248,0
DA:249,0
DA:253,207
DA:254,6
DA:255,0
DA:256,0
DA:257,0
DA:259,0
DA:264,207
DA:265,4
DA:266,4
DA:267,0
DA:268,0
DA:269,0
DA:270,0
DA:271,0
DA:273,0
DA:278,207
DA:279,8
DA:282,207
DA:283,0
DA:284,0
DA:285,0
DA:286,0
DA:287,0
DA:290,207
DA:291,1052
DA:294,526
DA:297,526
DA:301,207
DA:302,1052
DA:305,526
DA:308,526
DA:312,207
DA:313,1052
DA:316,526
DA:319,526
DA:323,207
DA:324,1052
DA:326,526
DA:340,526
DA:356,207
DA:357,526
DA:358,526
DA:359,526
DA:361,526
DA:368,207
DA:369,4
DA:373,48
DA:374,0
DA:384,207
DA:385,8
DA:387,4
DA:389,4
DA:391,0
DA:395,207
DA:396,4
DA:397,4
DA:398,4
DA:400,0
DA:401,0
DA:407,0
DA:413,207
DA:415,4
DA:416,0
DA:417,0
DA:419,0
DA:424,4
DA:425,4
DA:429,4
DA:430,0
DA:432,4
DA:433,0
DA:436,0
DA:437,0
DA:439,0
DA:443,4
DA:447,0
DA:449,0
DA:454,207
DA:455,4
DA:456,4
DA:459,4
DA:463,207
DA:464,207
LF:168
LH:130
BRDA:154,0,0,0
BRDA:154,0,1,6
BRDA:157,1,0,0
BRDA:157,1,1,6
BRDA:176,2,0,0
BRDA:176,2,1,6
BRDA:239,3,0,0
BRDA:239,3,1,4
BRDA:243,4,0,0
BRDA:243,4,1,48
BRDA:247,5,0,0
BRDA:247,5,1,4
BRDA:255,6,0,0
BRDA:255,6,1,0
BRDA:266,7,0,0
BRDA:266,7,1,4
BRDA:268,8,0,0
BRDA:268,8,1,0
BRDA:292,9,0,526
BRDA:292,9,1,526
BRDA:303,10,0,526
BRDA:303,10,1,526
BRDA:314,11,0,526
BRDA:314,11,1,526
BRDA:325,12,0,526
BRDA:325,12,1,526
BRDA:362,13,0,526
BRDA:362,13,1,526
BRDA:362,13,2,526
BRDA:376,14,0,0
BRDA:376,14,1,4
BRDA:386,15,0,4
BRDA:386,15,1,4
BRDA:386,15,2,0
BRDA:397,16,0,4
BRDA:397,16,1,0
BRDA:400,17,0,0
BRDA:400,17,1,0
BRDA:415,18,0,0
BRDA:415,18,1,4
BRDA:416,19,0,0
BRDA:416,19,1,0
BRDA:416,20,0,0
BRDA:416,20,1,0
BRDA:429,21,0,0
BRDA:429,21,1,4
BRDA:432,22,0,0
BRDA:432,22,1,4
BRDA:436,23,0,0
BRDA:436,23,1,0
BRF:50
BRH:25
end_of_record
TN:
SF:src/app/business-processes/business-process-wizard/shared/components/business-process-detail/business-process-detail.component.ts
FN:20,(anonymous_2)
FN:38,BusinessProcessDetailComponent
FN:40,(anonymous_4)
FN:43,(anonymous_5)
FN:51,(anonymous_6)
FN:68,(anonymous_7)
FN:80,(anonymous_8)
FN:82,(anonymous_9)
FN:86,(anonymous_10)
FN:92,(anonymous_11)
FNF:10
FNH:7
FNDA:225,(anonymous_2)
FNDA:202,BusinessProcessDetailComponent
FNDA:202,(anonymous_4)
FNDA:395,(anonymous_5)
FNDA:395,(anonymous_6)
FNDA:28664,(anonymous_7)
FNDA:0,(anonymous_8)
FNDA:0,(anonymous_9)
FNDA:0,(anonymous_10)
FNDA:28376,(anonymous_11)
DA:20,225
DA:23,225
DA:24,225
DA:26,225
DA:29,225
DA:38,202
DA:40,225
DA:41,202
DA:42,202
DA:43,202
DA:44,395
DA:45,193
DA:46,193
DA:51,395
DA:52,395
DA:68,395
DA:69,28664
DA:70,28664
DA:71,28376
DA:74,395
DA:80,225
DA:81,0
DA:82,0
DA:86,225
DA:87,0
DA:88,0
DA:92,225
DA:93,28376
DA:94,15
DA:96,28376
DA:98,28376
DA:99,28361
DA:100,28361
DA:101,28361
DA:103,225
LF:35
LH:31
BRDA:44,0,0,193
BRDA:44,0,1,202
BRDA:54,1,0,193
BRDA:54,1,1,202
BRDA:54,2,0,395
BRDA:54,2,1,193
BRDA:59,3,0,0
BRDA:59,3,1,395
BRDA:58,4,0,395
BRDA:58,4,1,193
BRDA:63,5,0,193
BRDA:63,5,1,202
BRDA:63,6,0,395
BRDA:63,6,1,193
BRDA:70,7,0,28376
BRDA:70,7,1,288
BRDA:82,8,0,0
BRDA:82,8,1,0
BRDA:81,9,0,0
BRDA:81,9,1,0
BRDA:87,10,0,0
BRDA:87,10,1,0
BRDA:87,11,0,0
BRDA:87,11,1,0
BRDA:93,12,0,15
BRDA:93,12,1,28361
BRF:26
BRH:17
end_of_record
TN:
SF:src/app/business-processes/business-process-wizard/shared/components/business-process-wizard-footer/business-process-wizard-footer.component.ts
FN:16,(anonymous_2)
FN:32,BusinessProcessWizardFooterComponent
FN:41,(anonymous_4)
FN:43,(anonymous_5)
FN:47,(anonymous_6)
FN:51,(anonymous_7)
FNF:6
FNH:4
FNDA:354,(anonymous_2)
FNDA:257,BusinessProcessWizardFooterComponent
FNDA:257,(anonymous_4)
FNDA:0,(anonymous_5)
FNDA:0,(anonymous_6)
FNDA:10,(anonymous_7)
DA:16,354
DA:17,257
DA:20,354
DA:21,89
DA:22,354
DA:24,354
DA:25,354
DA:26,354
DA:28,354
DA:29,354
DA:30,354
DA:32,257
DA:33,257
DA:34,257
DA:35,257
DA:36,257
DA:37,257
DA:38,257
DA:41,318
DA:43,318
DA:44,239
DA:47,354
DA:48,275
DA:51,79
DA:52,275
DA:54,354
LF:26
LH:26
BRF:0
BRH:0
end_of_record
TN:
SF:src/app/business-processes/business-process-wizard/shared/components/business-process-wizard-header/business-process-wizard-header.component.ts
FN:53,(anonymous_2)
FN:93,BusinessProcessWizardHeaderComponent
FN:115,(anonymous_4)
FN:119,(anonymous_5)
FN:126,(anonymous_6)
FN:136,(anonymous_7)
FN:138,(anonymous_8)
FN:142,(anonymous_9)
FN:149,(anonymous_10)
FN:153,(anonymous_11)
FN:170,(anonymous_12)
FN:174,(anonymous_13)
FN:180,(anonymous_14)
FN:185,(anonymous_15)
FN:191,(anonymous_16)
FN:195,(anonymous_17)
FN:199,(anonymous_18)
FN:206,(anonymous_19)
FN:210,(anonymous_20)
FN:224,(anonymous_21)
FN:232,(anonymous_22)
FN:238,(anonymous_23)
FN:240,(anonymous_24)
FN:246,(anonymous_25)
FN:253,(anonymous_26)
FN:260,(anonymous_27)
FN:263,(anonymous_28)
FN:273,(anonymous_29)
FN:278,(anonymous_30)
FN:284,(anonymous_31)
FN:288,(anonymous_32)
FN:292,(anonymous_33)
FN:299,(anonymous_34)
FN:303,(anonymous_35)
FN:305,(anonymous_36)
FNF:35
FNH:33
FNDA:354,(anonymous_2)
FNDA:301,BusinessProcessWizardHeaderComponent
FNDA:301,(anonymous_4)
FNDA:586,(anonymous_5)
FNDA:301,(anonymous_6)
FNDA:63,(anonymous_7)
FNDA:301,(anonymous_8)
FNDA:295,(anonymous_9)
FNDA:670200,(anonymous_10)
FNDA:42,(anonymous_11)
FNDA:242,(anonymous_12)
FNDA:300,(anonymous_13)
FNDA:286,(anonymous_14)
FNDA:300,(anonymous_15)
FNDA:279,(anonymous_16)
FNDA:115,(anonymous_17)
FNDA:103,(anonymous_18)
FNDA:12,(anonymous_19)
FNDA:103,(anonymous_20)
FNDA:0,(anonymous_21)
FNDA:26,(anonymous_22)
FNDA:55,(anonymous_23)
FNDA:106,(anonymous_24)
FNDA:162,(anonymous_25)
FNDA:273,(anonymous_26)
FNDA:190,(anonymous_27)
FNDA:286,(anonymous_28)
FNDA:26,(anonymous_29)
FNDA:41,(anonymous_30)
FNDA:93,(anonymous_31)
FNDA:71,(anonymous_32)
FNDA:224,(anonymous_33)
FNDA:187,(anonymous_34)
FNDA:138,(anonymous_35)
FNDA:0,(anonymous_36)
DA:30,354
DA:53,354
DA:54,301
DA:57,294
DA:58,271
DA:69,283
DA:70,301
DA:71,302
DA:72,217
DA:80,301
DA:81,301
DA:82,301
DA:83,301
DA:84,301
DA:94,301
DA:95,301
DA:96,301
DA:97,301
DA:98,301
DA:99,301
DA:100,301
DA:101,301
DA:102,301
DA:103,301
DA:104,301
DA:106,301
DA:107,301
DA:108,301
DA:109,301
DA:110,301
DA:115,354
DA:116,301
DA:117,301
DA:118,281
DA:120,347
DA:125,372
DA:127,301
DA:131,301
DA:132,403
DA:133,388
DA:136,354
DA:138,353
DA:139,301
DA:140,281
DA:143,301
DA:149,373
DA:150,274
DA:153,194709
DA:155,6493
DA:157,188332
DA:158,304296
DA:161,368488
DA:162,179240
DA:170,401283
DA:171,96121
DA:172,209
DA:175,149
DA:177,292
DA:180,269
DA:181,236
DA:182,221
DA:183,221
DA:186,311
DA:191,354
DA:192,286
DA:193,283
DA:194,267
DA:196,308
DA:197,285
DA:200,274
DA:201,220
DA:206,297
DA:207,208
DA:210,263
DA:211,103
DA:212,103
DA:215,77
DA:224,156
DA:225,157
DA:226,57
DA:232,159
DA:233,184
DA:234,140
DA:235,218
DA:239,25
DA:240,105
DA:242,138
DA:243,137
DA:244,105
DA:247,81
DA:248,81
DA:253,164
DA:254,131
DA:255,79
DA:256,162
DA:257,294
DA:261,213
DA:264,103
DA:265,215
DA:273,352
DA:274,219
DA:275,219
DA:276,216
DA:279,161
DA:284,171
DA:285,96
DA:286,8
DA:287,88
DA:289,201
DA:290,97
DA:293,95
DA:294,95
DA:299,158
DA:300,88
DA:303,198
DA:304,164
DA:306,133
DA:312,181
LF:118
LH:118
BRDA:126,0,0,301
BRDA:126,0,1,0
BRDA:157,1,0,24192
BRDA:157,1,1,646020
BRDA:161,2,0,430680
BRDA:161,2,1,215352
BRDA:181,3,0,215366
BRDA:181,3,1,95956
BRDA:211,4,0,103
BRDA:211,4,1,113
BRDA:211,5,0,113
BRDA:211,5,1,103
BRDA:225,6,0,275
BRDA:225,6,1,0
BRDA:274,7,0,26
BRDA:274,7,1,0
BRDA:305,8,0,0
BRDA:305,8,1,25
BRF:18
BRH:14
end_of_record
TN:
SF:src/app/business-processes/business-process-wizard/shared/components/business-process-wizard-header/business-process-wizard-header.module.ts
FN:49,(anonymous_1)
FNF:1
FNH:1
FNDA:1155,(anonymous_1)
DA:49,354
LF:1
LH:1
BRF:0
BRH:0
end_of_record
TN:
SF:src/app/business-processes/business-process-wizard/shared/components/custom-icon-maximize/custom-icon-maximize.component.ts
FN:8,(anonymous_2)
FN:9,CustomIconMaximizeComponent
FN:11,(anonymous_4)
FNF:3
FNH:3
FNDA:225,(anonymous_2)
FNDA:40,CustomIconMaximizeComponent
FNDA:40,(anonymous_4)
DA:8,225
DA:11,225
DA:12,225
LF:3
LH:3
BRF:0
BRH:0
end_of_record
TN:
SF:src/app/business-processes/business-process-wizard/shared/components/custom-icon-minimize/custom-icon-minimize.component.ts
FN:8,(anonymous_2)
FN:9,CustomIconMinimizeComponent
FN:11,(anonymous_4)
FNF:3
FNH:1
FNDA:225,(anonymous_2)
FNDA:0,CustomIconMinimizeComponent
FNDA:0,(anonymous_4)
DA:8,225
DA:11,225
DA:12,225
LF:3
LH:3
BRF:0
BRH:0
end_of_record
TN:
SF:src/app/business-processes/business-process-wizard/shared/components/data-inventory-card/data-inventory-card.component.ts
FN:20,(anonymous_2)
FN:77,DataInventoryCardComponent
FN:50,(anonymous_4)
FN:41,(anonymous_5)
FN:62,(anonymous_6)
FN:56,(anonymous_7)
FN:87,(anonymous_8)
FN:91,(anonymous_9)
FN:98,(anonymous_10)
FN:99,(anonymous_11)
FN:107,(anonymous_12)
FN:109,(anonymous_13)
FN:111,(anonymous_14)
FN:112,(anonymous_15)
FN:128,(anonymous_16)
FN:133,(anonymous_17)
FN:144,(anonymous_18)
FN:145,(anonymous_19)
FN:146,(anonymous_20)
FN:157,(anonymous_21)
FN:161,(anonymous_22)
FN:165,(anonymous_23)
FN:169,(anonymous_24)
FN:172,(anonymous_25)
FN:178,(anonymous_26)
FN:185,(anonymous_27)
FN:189,(anonymous_28)
FN:191,(anonymous_29)
FN:193,(anonymous_30)
FN:205,(anonymous_31)
FN:211,(anonymous_32)
FN:213,(anonymous_33)
FN:216,(anonymous_34)
FN:220,(anonymous_35)
FN:224,(anonymous_36)
FN:235,(anonymous_37)
FN:239,(anonymous_38)
FN:241,(anonymous_39)
FN:244,(anonymous_40)
FN:248,(anonymous_41)
FN:259,(anonymous_42)
FN:266,(anonymous_43)
FN:270,(anonymous_44)
FN:278,(anonymous_45)
FN:280,(anonymous_46)
FN:285,(anonymous_47)
FN:289,(anonymous_48)
FN:290,(anonymous_49)
FN:295,(anonymous_50)
FN:299,(anonymous_51)
FN:302,(anonymous_52)
FN:306,(anonymous_53)
FN:313,(anonymous_54)
FN:317,(anonymous_55)
FN:322,(anonymous_56)
FN:326,(anonymous_57)
FN:328,(anonymous_58)
FN:330,(anonymous_59)
FN:338,(anonymous_60)
FN:339,(anonymous_61)
FN:341,(anonymous_62)
FN:345,(anonymous_63)
FN:351,(anonymous_64)
FN:358,(anonymous_65)
FN:360,(anonymous_66)
FN:364,(anonymous_67)
FN:366,(anonymous_68)
FN:369,(anonymous_69)
FN:371,(anonymous_70)
FN:374,(anonymous_71)
FN:376,(anonymous_72)
FN:379,(anonymous_73)
FN:383,(anonymous_74)
FNF:73
FNH:38
FNDA:207,(anonymous_2)
FNDA:12,DataInventoryCardComponent
FNDA:1050,(anonymous_4)
FNDA:20,(anonymous_5)
FNDA:0,(anonymous_6)
FNDA:20,(anonymous_7)
FNDA:1050,(anonymous_8)
FNDA:12,(anonymous_9)
FNDA:0,(anonymous_10)
FNDA:8,(anonymous_11)
FNDA:100,(anonymous_12)
FNDA:8,(anonymous_13)
FNDA:100,(anonymous_14)
FNDA:100,(anonymous_15)
FNDA:1352,(anonymous_16)
FNDA:8,(anonymous_17)
FNDA:100,(anonymous_18)
FNDA:8,(anonymous_19)
FNDA:100,(anonymous_20)
FNDA:1352,(anonymous_21)
FNDA:0,(anonymous_22)
FNDA:0,(anonymous_23)
FNDA:0,(anonymous_24)
FNDA:0,(anonymous_25)
FNDA:0,(anonymous_26)
FNDA:0,(anonymous_27)
FNDA:0,(anonymous_28)
FNDA:0,(anonymous_29)
FNDA:1046,(anonymous_30)
FNDA:0,(anonymous_31)
FNDA:600,(anonymous_32)
FNDA:8112,(anonymous_33)
FNDA:0,(anonymous_34)
FNDA:1050,(anonymous_35)
FNDA:1046,(anonymous_36)
FNDA:0,(anonymous_37)
FNDA:0,(anonymous_38)
FNDA:0,(anonymous_39)
FNDA:0,(anonymous_40)
FNDA:0,(anonymous_41)
FNDA:0,(anonymous_42)
FNDA:0,(anonymous_43)
FNDA:0,(anonymous_44)
FNDA:0,(anonymous_45)
FNDA:82,(anonymous_46)
FNDA:1022,(anonymous_47)
FNDA:82,(anonymous_48)
FNDA:82,(anonymous_49)
FNDA:82,(anonymous_50)
FNDA:82,(anonymous_51)
FNDA:1022,(anonymous_52)
FNDA:0,(anonymous_53)
FNDA:0,(anonymous_54)
FNDA:0,(anonymous_55)
FNDA:0,(anonymous_56)
FNDA:0,(anonymous_57)
FNDA:0,(anonymous_58)
FNDA:0,(anonymous_59)
FNDA:0,(anonymous_60)
FNDA:8,(anonymous_61)
FNDA:100,(anonymous_62)
FNDA:0,(anonymous_63)
FNDA:0,(anonymous_64)
FNDA:1050,(anonymous_65)
FNDA:1072,(anonymous_66)
FNDA:1050,(anonymous_67)
FNDA:1072,(anonymous_68)
FNDA:8,(anonymous_69)
FNDA:0,(anonymous_70)
FNDA:1050,(anonymous_71)
FNDA:0,(anonymous_72)
FNDA:0,(anonymous_73)
FNDA:0,(anonymous_74)
DA:20,207
DA:21,70
DA:22,207
DA:23,70
DA:24,70
DA:25,70
DA:26,70
DA:27,207
DA:28,70
DA:29,70
DA:30,207
DA:37,12
DA:41,277
DA:42,20
DA:43,8
DA:44,8
DA:45,8
DA:46,8
DA:47,8
DA:51,1050
DA:56,148
DA:57,0
DA:58,20
DA:59,8
DA:63,137
DA:68,12
DA:69,12
DA:71,12
DA:72,12
DA:75,12
DA:78,12
DA:79,12
DA:81,12
DA:84,12
DA:87,137
DA:88,1050
DA:89,137
DA:92,12
DA:93,12
DA:98,70
DA:99,137
DA:100,16
DA:101,100
DA:102,100
DA:107,170
DA:108,137
DA:109,8
DA:110,8
DA:111,100
DA:112,8
DA:113,8
DA:122,100
DA:125,1352
DA:128,1422
DA:129,137
DA:133,8
DA:134,8
DA:144,100
DA:145,137
DA:146,8
DA:147,8
DA:148,100
DA:149,1352
DA:150,1352
DA:154,0
DA:157,70
DA:158,8
DA:161,207
DA:162,0
DA:165,207
DA:166,0
DA:169,70
DA:170,0
DA:171,0
DA:172,0
DA:173,0
DA:175,0
DA:176,0
DA:177,0
DA:178,0
DA:179,137
DA:181,0
DA:185,70
DA:186,0
DA:189,0
DA:190,0
DA:191,0
DA:192,0
DA:193,0
DA:194,0
DA:195,0
DA:199,137
DA:200,1046
DA:205,70
DA:206,1046
DA:208,137
DA:211,670
DA:212,1200
DA:213,8112
DA:216,70
DA:217,137
DA:220,1120
DA:221,526
DA:224,594
DA:225,137
DA:228,1046
DA:231,0
DA:235,207
DA:236,0
DA:239,70
DA:240,0
DA:241,0
DA:244,0
DA:245,0
DA:248,137
DA:249,0
DA:250,0
DA:251,0
DA:259,70
DA:260,0
DA:262,0
DA:263,137
DA:265,0
DA:266,0
DA:267,0
DA:270,70
DA:271,0
DA:272,0
DA:274,137
DA:275,82
DA:276,82
DA:278,1022
DA:279,82
DA:280,82
DA:281,137
DA:285,152
DA:286,82
DA:288,82
DA:289,137
DA:290,82
DA:292,82
DA:295,1092
DA:296,82
DA:298,82
DA:299,137
DA:302,70
DA:303,0
DA:305,0
DA:306,0
DA:307,0
DA:310,0
DA:313,70
DA:314,137
DA:315,0
DA:317,0
DA:318,0
DA:321,0
DA:322,0
DA:323,137
DA:326,0
DA:327,0
DA:328,0
DA:329,137
DA:330,8
DA:331,100
DA:335,8
DA:338,207
DA:339,0
DA:340,0
DA:341,1050
DA:345,1120
DA:350,1072
DA:351,137
DA:352,1050
DA:353,1050
DA:358,1142
DA:359,137
DA:360,137
DA:361,0
DA:364,70
DA:365,0
DA:366,0
DA:369,207
DA:370,1050
DA:371,1050
DA:374,70
DA:375,137
DA:376,0
DA:379,70
DA:380,0
DA:383,207
DA:384,1050
DA:385,1050
DA:388,78
LF:194
LH:137
BRDA:42,0,0,8
BRDA:42,0,1,12
BRDA:57,1,0,8
BRDA:57,1,1,12
BRDA:92,2,0,0
BRDA:92,2,1,0
BRDA:100,3,0,0
BRDA:100,3,1,100
BRDA:101,4,0,100
BRDA:101,4,1,0
BRDA:148,5,0,0
BRDA:148,5,1,1352
BRDA:170,6,0,0
BRDA:170,6,1,0
BRDA:170,7,0,0
BRDA:170,7,1,0
BRDA:176,8,0,0
BRDA:176,8,1,0
BRDA:194,9,0,0
BRDA:194,9,1,0
BRDA:199,10,0,0
BRDA:199,10,1,0
BRDA:206,11,0,0
BRDA:206,11,1,600
BRDA:212,12,0,526
BRDA:212,12,1,524
BRDA:226,13,0,0
BRDA:226,13,1,0
BRDA:274,14,0,82
BRDA:274,14,1,0
BRDA:292,15,0,0
BRDA:292,15,1,0
BRDA:321,16,0,0
BRDA:321,16,1,0
BRDA:352,17,0,1050
BRDA:352,17,1,0
BRDA:384,18,0,1050
BRDA:384,18,1,1050
BRF:38
BRH:14
end_of_record
TN:
SF:src/app/business-processes/business-process-wizard/shared/components/data-inventory-card-add/data-inventory-card-add.component.ts
FN:16,(anonymous_2)
FN:25,DataInventoryCardAddComponent
FN:30,(anonymous_4)
FN:32,(anonymous_5)
FN:36,(anonymous_6)
FNF:5
FNH:3
FNDA:207,(anonymous_2)
FNDA:12,DataInventoryCardAddComponent
FNDA:12,(anonymous_4)
FNDA:0,(anonymous_5)
FNDA:0,(anonymous_6)
DA:16,207
DA:17,207
DA:19,207
DA:20,207
DA:21,207
DA:23,207
DA:26,12
DA:27,12
DA:30,207
DA:32,207
DA:33,0
DA:36,207
DA:37,0
DA:38,0
DA:39,0
DA:42,0
DA:44,70
LF:17
LH:12
BRDA:37,0,0,0
BRDA:37,0,1,0
BRF:2
BRH:0
end_of_record
TN:
SF:src/app/business-processes/business-process-wizard/shared/components/data-inventory-card-filter/data-inventory-card-filter.component.ts
FN:16,(anonymous_2)
FN:33,DataInventoryCardFilterComponent
FN:47,(anonymous_4)
FN:49,(anonymous_5)
FN:57,(anonymous_6)
FNF:5
FNH:3
FNDA:207,(anonymous_2)
FNDA:12,DataInventoryCardFilterComponent
FNDA:12,(anonymous_4)
FNDA:0,(anonymous_5)
FNDA:0,(anonymous_6)
DA:16,207
DA:17,207
DA:19,207
DA:20,207
DA:21,207
DA:23,207
DA:24,207
DA:25,207
DA:27,207
DA:28,207
DA:29,207
DA:31,207
DA:34,12
DA:37,12
DA:38,12
DA:39,12
DA:42,12
DA:43,12
DA:44,12
DA:47,207
DA:49,207
DA:50,0
DA:52,0
DA:53,0
DA:57,207
DA:58,0
DA:60,0
DA:61,0
DA:64,207
LF:29
LH:23
BRDA:52,0,0,0
BRDA:52,0,1,0
BRDA:60,1,0,0
BRDA:60,1,1,0
BRF:4
BRH:0
end_of_record
TN:
SF:src/app/business-processes/business-process-wizard/shared/components/data-inventory-card-table-body/data-inventory-card-table-body.component.ts
FN:16,(anonymous_2)
FN:24,DataInventoryCardTableBodyComponent
FN:26,(anonymous_4)
FN:28,(anonymous_5)
FN:33,(anonymous_6)
FNF:5
FNH:1
FNDA:137,(anonymous_2)
FNDA:0,DataInventoryCardTableBodyComponent
FNDA:0,(anonymous_4)
FNDA:0,(anonymous_5)
FNDA:0,(anonymous_6)
DA:16,137
DA:17,137
DA:18,137
DA:19,137
DA:21,137
DA:22,137
DA:26,137
DA:28,137
DA:29,0
DA:30,0
DA:33,137
DA:34,0
DA:35,0
DA:37,137
LF:14
LH:10
BRF:0
BRH:0
end_of_record
TN:
SF:src/app/business-processes/business-process-wizard/shared/components/modals/modals.module.ts
FN:33,(anonymous_1)
FNF:1
FNH:1
FNDA:1931,(anonymous_1)
DA:33,388
LF:1
LH:1
BRF:0
BRH:0
end_of_record
TN:
SF:src/app/business-processes/business-process-wizard/shared/components/modals/modal-confirmation-basic/modal-confirmation-basic.component.ts
FN:17,(anonymous_2)
FN:32,ModalConfirmationBasicComponent
FN:44,(anonymous_4)
FN:46,(anonymous_5)
FN:53,(anonymous_6)
FNF:5
FNH:5
FNDA:388,(anonymous_2)
FNDA:23,ModalConfirmationBasicComponent
FNDA:23,(anonymous_4)
FNDA:22,(anonymous_5)
FNDA:1,(anonymous_6)
DA:17,388
DA:18,388
DA:19,388
DA:20,388
DA:21,388
DA:22,388
DA:23,388
DA:24,388
DA:25,388
DA:27,388
DA:29,388
DA:30,388
DA:32,23
DA:33,23
DA:34,23
DA:35,23
DA:36,23
DA:37,23
DA:38,23
DA:40,23
DA:41,23
DA:44,388
DA:46,388
DA:47,22
DA:48,22
DA:49,22
DA:53,388
DA:54,1
DA:55,1
DA:57,388
LF:30
LH:30
BRDA:47,0,0,22
BRDA:47,0,1,0
BRF:2
BRH:1
end_of_record
TN:
SF:src/app/business-processes/business-process-wizard/shared/components/modals/modal-confirmation-three-button/modal-confirmation-three-button.component.ts
FN:17,(anonymous_2)
FN:35,ModalConfirmationThreeButtonComponent
FN:49,(anonymous_4)
FN:51,(anonymous_5)
FN:58,(anonymous_6)
FN:63,(anonymous_7)
FNF:6
FNH:1
FNDA:388,(anonymous_2)
FNDA:0,ModalConfirmationThreeButtonComponent
FNDA:0,(anonymous_4)
FNDA:0,(anonymous_5)
FNDA:0,(anonymous_6)
FNDA:0,(anonymous_7)
DA:17,388
DA:18,388
DA:19,388
DA:20,388
DA:21,388
DA:22,388
DA:23,388
DA:24,388
DA:25,388
DA:26,388
DA:27,388
DA:29,388
DA:31,388
DA:32,388
DA:33,388
DA:35,0
DA:36,0
DA:37,0
DA:38,0
DA:39,0
DA:40,0
DA:41,0
DA:42,0
DA:44,0
DA:45,0
DA:46,0
DA:49,388
DA:51,388
DA:52,0
DA:53,0
DA:54,0
DA:58,388
DA:59,0
DA:60,0
DA:63,388
DA:64,0
DA:65,0
DA:67,388
LF:38
LH:20
BRDA:52,0,0,0
BRDA:52,0,1,0
BRF:2
BRH:0
end_of_record
TN:
SF:src/app/business-processes/business-process-wizard/shared/components/modals/modal-revalidation-date-edit/modal-revalidation-date-edit.component.ts
FN:10,(anonymous_2)
FN:24,ModalRevalidationDateEditComponent
FN:29,(anonymous_4)
FN:33,(anonymous_5)
FN:35,(anonymous_6)
FN:38,(anonymous_7)
FN:42,(anonymous_8)
FN:140,(anonymous_9)
FN:144,(anonymous_10)
FN:146,(anonymous_11)
FN:150,(anonymous_12)
FN:154,(anonymous_13)
FN:158,(anonymous_14)
FNF:13
FNH:1
FNDA:292,(anonymous_2)
FNDA:0,ModalRevalidationDateEditComponent
FNDA:0,(anonymous_4)
FNDA:0,(anonymous_5)
FNDA:0,(anonymous_6)
FNDA:0,(anonymous_7)
FNDA:0,(anonymous_8)
FNDA:0,(anonymous_9)
FNDA:0,(anonymous_10)
FNDA:0,(anonymous_11)
FNDA:0,(anonymous_12)
FNDA:0,(anonymous_13)
FNDA:0,(anonymous_14)
DA:10,292
DA:25,0
DA:26,0
DA:29,80
DA:30,0
DA:33,80
DA:35,80
DA:36,0
DA:38,80
DA:39,0
DA:42,80
DA:43,0
DA:60,0
DA:71,0
DA:86,0
DA:112,0
DA:140,80
DA:141,0
DA:144,80
DA:146,80
DA:147,100
DA:150,192
DA:151,0
DA:154,180
DA:155,112
DA:158,80
DA:159,0
DA:163,80
LF:28
LH:15
BRF:0
BRH:0
end_of_record
TN:
SF:src/app/business-processes/business-process-wizard/shared/components/notes-attachments/notes-attachments.component.ts
FN:30,(anonymous_2)
FN:49,NotesAttachmentsComponent
FN:56,(anonymous_4)
FN:71,(anonymous_5)
FN:85,(anonymous_6)
FN:93,(anonymous_7)
FN:97,(anonymous_8)
FN:103,(anonymous_9)
FN:109,(anonymous_10)
FN:117,(anonymous_11)
FN:122,(anonymous_12)
FN:127,(anonymous_13)
FN:133,(anonymous_14)
FN:137,(anonymous_15)
FN:141,(anonymous_16)
FN:145,(anonymous_17)
FNF:16
FNH:11
FNDA:354,(anonymous_2)
FNDA:115,NotesAttachmentsComponent
FNDA:115,(anonymous_4)
FNDA:118,(anonymous_5)
FNDA:175,(anonymous_6)
FNDA:1376,(anonymous_7)
FNDA:103,(anonymous_8)
FNDA:2,(anonymous_9)
FNDA:0,(anonymous_10)
FNDA:0,(anonymous_11)
FNDA:0,(anonymous_12)
FNDA:0,(anonymous_13)
FNDA:12,(anonymous_14)
FNDA:103,(anonymous_15)
FNDA:0,(anonymous_16)
FNDA:12,(anonymous_17)
DA:30,354
DA:42,79
DA:50,115
DA:51,115
DA:52,115
DA:53,115
DA:56,287
DA:57,115
DA:59,115
DA:60,115
DA:63,115
DA:68,115
DA:69,115
DA:72,115
DA:75,118
DA:76,115
DA:78,115
DA:79,115
DA:85,182
DA:86,175
DA:93,182
DA:94,287
DA:95,1376
DA:98,275
DA:99,103
DA:103,182
DA:104,2
DA:105,2
DA:106,275
DA:110,0
DA:114,0
DA:115,0
DA:118,0
DA:127,79
DA:128,0
DA:129,0
DA:133,79
DA:134,287
DA:137,79
DA:138,0
DA:141,354
DA:142,103
DA:145,354
DA:146,79
LF:44
LH:37
BRDA:75,0,0,115
BRDA:75,0,1,0
BRDA:87,1,0,1436
BRDA:87,1,1,0
BRDA:128,2,0,0
BRDA:128,2,1,0
BRF:6
BRH:2
end_of_record
TN:
SF:src/app/business-processes/business-process-wizard/shared/components/owing-organizations-contacts/owing-organizations-contacts.component.ts
FN:21,(anonymous_2)
FN:42,OwingOrganizationsContactsComponent
FN:55,(anonymous_4)
FN:59,(anonymous_5)
FN:67,(anonymous_6)
FN:79,(anonymous_7)
FN:88,(anonymous_8)
FN:94,(anonymous_9)
FN:99,(anonymous_10)
FN:106,(anonymous_11)
FN:111,(anonymous_12)
FN:118,(anonymous_13)
FN:123,(anonymous_14)
FN:129,(anonymous_15)
FN:135,(anonymous_16)
FN:151,(anonymous_17)
FN:167,(anonymous_18)
FN:168,(anonymous_19)
FN:171,(anonymous_20)
FN:174,(anonymous_21)
FN:175,(anonymous_22)
FN:192,(anonymous_23)
FN:200,(anonymous_24)
FN:204,(anonymous_25)
FN:209,(anonymous_26)
FN:214,(anonymous_27)
FN:218,(anonymous_28)
FN:223,(anonymous_29)
FN:226,(anonymous_30)
FN:231,(anonymous_31)
FN:234,(anonymous_32)
FN:240,(anonymous_33)
FN:245,(anonymous_34)
FN:250,(anonymous_35)
FN:255,(anonymous_36)
FN:258,(anonymous_37)
FN:267,(anonymous_38)
FN:270,(anonymous_39)
FN:277,(anonymous_40)
FN:280,(anonymous_41)
FN:287,(anonymous_42)
FNF:41
FNH:16
FNDA:354,(anonymous_2)
FNDA:202,OwingOrganizationsContactsComponent
FNDA:202,(anonymous_4)
FNDA:202,(anonymous_5)
FNDA:10,(anonymous_6)
FNDA:40,(anonymous_7)
FNDA:206,(anonymous_8)
FNDA:4,(anonymous_9)
FNDA:4,(anonymous_10)
FNDA:0,(anonymous_11)
FNDA:4,(anonymous_12)
FNDA:0,(anonymous_13)
FNDA:0,(anonymous_14)
FNDA:0,(anonymous_15)
FNDA:0,(anonymous_16)
FNDA:0,(anonymous_17)
FNDA:32,(anonymous_18)
FNDA:0,(anonymous_19)
FNDA:206,(anonymous_20)
FNDA:201,(anonymous_21)
FNDA:0,(anonymous_22)
FNDA:4,(anonymous_23)
FNDA:0,(anonymous_24)
FNDA:0,(anonymous_25)
FNDA:0,(anonymous_26)
FNDA:0,(anonymous_27)
FNDA:0,(anonymous_28)
FNDA:0,(anonymous_29)
FNDA:0,(anonymous_30)
FNDA:0,(anonymous_31)
FNDA:0,(anonymous_32)
FNDA:0,(anonymous_33)
FNDA:0,(anonymous_34)
FNDA:0,(anonymous_35)
FNDA:202,(anonymous_36)
FNDA:0,(anonymous_37)
FNDA:202,(anonymous_38)
FNDA:0,(anonymous_39)
FNDA:0,(anonymous_40)
FNDA:0,(anonymous_41)
FNDA:0,(anonymous_42)
DA:21,354
DA:22,354
DA:29,202
DA:30,202
DA:32,202
DA:33,202
DA:39,202
DA:40,202
DA:43,202
DA:44,202
DA:45,202
DA:46,202
DA:48,202
DA:49,202
DA:50,202
DA:51,202
DA:52,202
DA:55,354
DA:56,202
DA:57,202
DA:58,202
DA:59,202
DA:60,202
DA:61,202
DA:63,202
DA:64,202
DA:67,354
DA:68,10
DA:69,10
DA:71,10
DA:72,0
DA:74,10
DA:75,10
DA:79,354
DA:80,40
DA:88,354
DA:89,206
DA:94,354
DA:95,4
DA:96,4
DA:99,354
DA:100,4
DA:101,4
DA:102,4
DA:103,4
DA:107,0
DA:108,0
DA:112,4
DA:115,0
DA:119,0
DA:120,0
DA:124,0
DA:129,354
DA:130,0
DA:131,0
DA:132,0
DA:135,354
DA:136,0
DA:141,0
DA:142,0
DA:144,0
DA:145,0
DA:146,0
DA:148,0
DA:151,354
DA:152,0
DA:157,0
DA:158,0
DA:160,0
DA:161,0
DA:162,0
DA:164,0
DA:167,354
DA:168,32
DA:171,354
DA:172,206
DA:173,206
DA:175,201
DA:178,0
DA:179,0
DA:180,0
DA:183,201
DA:184,4
DA:186,201
DA:187,201
DA:192,354
DA:193,4
DA:194,4
DA:195,4
DA:196,4
DA:200,354
DA:204,0
DA:205,0
DA:206,0
DA:210,0
DA:211,0
DA:215,0
DA:218,0
DA:219,0
DA:223,354
DA:226,0
DA:227,0
DA:228,0
DA:231,0
DA:235,0
DA:236,0
DA:237,0
DA:241,0
DA:242,0
DA:245,0
DA:246,0
DA:250,354
DA:251,0
DA:252,0
DA:255,354
DA:256,202
DA:259,0
DA:260,0
DA:261,0
DA:263,0
DA:267,354
DA:268,202
DA:271,0
DA:272,0
DA:277,354
DA:278,0
DA:279,0
DA:280,0
DA:281,0
DA:282,0
DA:283,0
DA:285,0
DA:286,0
DA:287,0
DA:288,0
DA:289,0
DA:290,0
DA:294,354
LF:138
LH:72
BRDA:68,0,0,10
BRDA:68,0,1,0
BRDA:71,1,0,0
BRDA:71,1,1,10
BRDA:74,2,0,10
BRDA:74,2,1,0
BRDA:102,3,0,4
BRDA:102,3,1,0
BRDA:183,4,0,4
BRDA:183,4,1,197
BRDA:195,5,0,4
BRDA:195,5,1,0
BRDA:260,6,0,0
BRDA:260,6,1,0
BRDA:271,7,0,0
BRDA:271,7,1,0
BRDA:278,8,0,0
BRDA:278,8,1,0
BRDA:278,9,0,0
BRDA:278,9,1,0
BRDA:281,10,0,0
BRDA:281,10,1,0
BRDA:282,11,0,0
BRDA:282,11,1,0
BRDA:285,12,0,0
BRDA:285,12,1,0
BRDA:288,13,0,0
BRDA:288,13,1,0
BRDA:289,14,0,0
BRDA:289,14,1,0
BRF:30
BRH:7
end_of_record
TN:
SF:src/app/business-processes/business-process-wizard/shared/components/owing-organizations-contacts/add-edit-modal/add-edit-modal.component.ts
FN:35,(anonymous_2)
FN:61,AddEditOwningOrganizationContactsModalComponent
FN:82,(anonymous_4)
FN:85,(anonymous_5)
FN:89,(anonymous_6)
FN:94,(anonymous_7)
FN:98,(anonymous_8)
FN:128,(anonymous_9)
FN:154,(anonymous_10)
FN:163,(anonymous_11)
FN:168,(anonymous_12)
FN:172,(anonymous_13)
FN:178,(anonymous_14)
FNF:13
FNH:12
FNDA:354,(anonymous_2)
FNDA:40,AddEditOwningOrganizationContactsModalComponent
FNDA:40,(anonymous_4)
FNDA:48,(anonymous_5)
FNDA:44,(anonymous_6)
FNDA:0,(anonymous_7)
FNDA:4,(anonymous_8)
FNDA:16,(anonymous_9)
FNDA:16,(anonymous_10)
FNDA:38,(anonymous_11)
FNDA:27,(anonymous_12)
FNDA:35,(anonymous_13)
FNDA:13,(anonymous_14)
DA:35,354
DA:36,157
DA:37,153
DA:38,153
DA:39,153
DA:40,153
DA:41,147
DA:42,175
DA:62,40
DA:63,40
DA:64,40
DA:66,40
DA:67,40
DA:68,40
DA:69,40
DA:79,40
DA:82,158
DA:83,40
DA:84,40
DA:85,40
DA:86,42
DA:89,217
DA:90,41
DA:94,159
DA:95,48
DA:98,151
DA:99,53
DA:102,22
DA:122,24
DA:123,197
DA:125,2
DA:128,327
DA:129,43
DA:133,43
DA:134,16
DA:142,16
DA:150,16
DA:151,236
DA:154,333
DA:155,22
DA:156,9
DA:158,215
DA:163,38
DA:164,38
DA:165,38
DA:166,38
DA:168,27
DA:172,179
DA:173,40
DA:174,40
DA:175,33
DA:178,158
DA:179,214
DA:180,26
DA:181,26
DA:182,6
DA:204,154
LF:57
LH:57
BRDA:103,0,0,4
BRDA:103,0,1,0
BRDA:105,1,0,4
BRDA:105,1,1,0
BRDA:105,2,0,4
BRDA:105,2,1,4
BRDA:108,3,0,4
BRDA:108,3,1,0
BRDA:107,4,0,4
BRDA:107,4,1,4
BRDA:111,5,0,4
BRDA:111,5,1,0
BRDA:114,6,0,4
BRDA:114,6,1,0
BRDA:122,7,0,4
BRDA:122,7,1,0
BRDA:155,8,0,0
BRDA:155,8,1,16
BRDA:179,9,0,0
BRDA:179,9,1,13
BRDA:179,10,0,13
BRDA:179,10,1,0
BRDA:185,11,0,0
BRDA:185,11,1,0
BRDA:194,12,0,0
BRDA:194,12,1,27
BRF:26
BRH:14
end_of_record
TN:
SF:src/app/business-processes/business-process-wizard/shared/components/popover-filter-body/popover-filter-body.component.ts
FN:12,(anonymous_2)
FN:31,PopoverFilterBodyComponent
FN:18,(anonymous_4)
FN:21,(anonymous_5)
FN:24,(anonymous_6)
FN:27,(anonymous_7)
FN:40,(anonymous_8)
FN:44,(anonymous_9)
FN:45,(anonymous_10)
FN:50,(anonymous_11)
FN:63,(anonymous_12)
FN:67,(anonymous_13)
FN:71,(anonymous_14)
FN:73,(anonymous_15)
FN:76,(anonymous_16)
FN:79,(anonymous_17)
FN:82,(anonymous_18)
FN:94,(anonymous_19)
FN:98,(anonymous_20)
FN:99,(anonymous_21)
FN:102,(anonymous_22)
FN:105,(anonymous_23)
FN:108,(anonymous_24)
FN:113,(anonymous_25)
FN:120,(anonymous_26)
FN:122,(anonymous_27)
FN:125,(anonymous_28)
FN:128,(anonymous_29)
FN:131,(anonymous_30)
FN:142,(anonymous_31)
FN:144,(anonymous_32)
FNF:31
FNH:21
FNDA:223,(anonymous_2)
FNDA:32,PopoverFilterBodyComponent
FNDA:3480,(anonymous_4)
FNDA:4176,(anonymous_5)
FNDA:4176,(anonymous_6)
FNDA:3480,(anonymous_7)
FNDA:32,(anonymous_8)
FNDA:32,(anonymous_9)
FNDA:96,(anonymous_10)
FNDA:3520,(anonymous_11)
FNDA:32,(anonymous_12)
FNDA:128,(anonymous_13)
FNDA:1392,(anonymous_14)
FNDA:680,(anonymous_15)
FNDA:3400,(anonymous_16)
FNDA:145520,(anonymous_17)
FNDA:0,(anonymous_18)
FNDA:0,(anonymous_19)
FNDA:0,(anonymous_20)
FNDA:0,(anonymous_21)
FNDA:0,(anonymous_22)
FNDA:0,(anonymous_23)
FNDA:0,(anonymous_24)
FNDA:1392,(anonymous_25)
FNDA:1392,(anonymous_26)
FNDA:680,(anonymous_27)
FNDA:3400,(anonymous_28)
FNDA:145520,(anonymous_29)
FNDA:0,(anonymous_30)
FNDA:0,(anonymous_31)
FNDA:0,(anonymous_32)
DA:12,223
DA:13,1420
DA:14,223
DA:18,60
DA:19,32
DA:21,60
DA:22,32
DA:24,223
DA:25,3480
DA:27,223
DA:28,4176
DA:31,32
DA:32,32
DA:40,223
DA:41,4176
DA:44,3480
DA:45,195
DA:46,32
DA:51,32
DA:63,223
DA:64,32
DA:67,60
DA:68,96
DA:71,3548
DA:72,195
DA:73,32
DA:75,32
DA:76,32
DA:78,32
DA:79,195
DA:81,128
DA:82,195
DA:85,1392
DA:94,708
DA:95,1392
DA:98,3428
DA:99,1392
DA:100,145520
DA:102,1392
DA:103,0
DA:105,1392
DA:106,195
DA:108,0
DA:109,195
DA:113,28
DA:114,0
DA:117,0
DA:120,28
DA:121,0
DA:122,0
DA:124,0
DA:125,0
DA:127,195
DA:128,1392
DA:130,1392
DA:131,195
DA:134,1392
DA:142,708
DA:143,1392
DA:144,3400
DA:145,1392
DA:146,145520
DA:147,1392
DA:148,0
DA:151,28
LF:65
LH:56
BRDA:45,0,0,32
BRDA:45,0,1,0
BRDA:68,1,0,128
BRDA:68,1,1,0
BRDA:86,2,0,1392
BRDA:86,2,1,0
BRDA:86,2,2,0
BRDA:86,2,3,0
BRDA:86,2,4,0
BRF:9
BRH:3
end_of_record
TN:
SF:src/app/business-processes/business-process-wizard/shared/components/popover-filter-body-simple-list/popover-filter-body-simple-list.component.ts
FN:13,(anonymous_2)
FN:30,PopoverFilterBodySimpleListComponent
FN:26,(anonymous_4)
FN:36,(anonymous_5)
FN:40,(anonymous_6)
FN:41,(anonymous_7)
FN:52,(anonymous_8)
FN:53,(anonymous_9)
FN:54,(anonymous_10)
FN:59,(anonymous_11)
FN:63,(anonymous_12)
FN:67,(anonymous_13)
FN:70,(anonymous_14)
FN:78,(anonymous_15)
FN:83,(anonymous_16)
FN:84,(anonymous_17)
FNF:16
FNH:1
FNDA:195,(anonymous_2)
FNDA:0,PopoverFilterBodySimpleListComponent
FNDA:0,(anonymous_4)
FNDA:0,(anonymous_5)
FNDA:0,(anonymous_6)
FNDA:0,(anonymous_7)
FNDA:0,(anonymous_8)
FNDA:0,(anonymous_9)
FNDA:0,(anonymous_10)
FNDA:0,(anonymous_11)
FNDA:0,(anonymous_12)
FNDA:0,(anonymous_13)
FNDA:0,(anonymous_14)
FNDA:0,(anonymous_15)
FNDA:0,(anonymous_16)
FNDA:0,(anonymous_17)
DA:13,195
DA:14,195
DA:15,195
DA:18,195
DA:20,0
DA:21,0
DA:22,0
DA:26,195
DA:27,0
DA:30,0
DA:31,0
DA:36,195
DA:37,0
DA:40,195
DA:41,0
DA:42,0
DA:52,0
DA:53,0
DA:54,0
DA:55,0
DA:59,195
DA:60,0
DA:63,195
DA:64,0
DA:67,195
DA:68,0
DA:70,0
DA:71,0
DA:72,0
DA:73,0
DA:74,0
DA:78,195
DA:79,0
DA:80,0
DA:83,195
DA:84,0
DA:85,0
DA:88,195
LF:38
LH:13
BRDA:41,0,0,0
BRDA:41,0,1,0
BRDA:55,1,0,0
BRDA:55,1,1,0
BRDA:68,2,0,0
BRDA:68,2,1,0
BRF:6
BRH:0
end_of_record
TN:
SF:src/app/business-processes/business-process-wizard/shared/components/popover-filter-wrapper/popover-filter-wrapper.component.ts
FN:16,(anonymous_2)
FN:34,PopoverFilterWrapperComponent
FN:48,(anonymous_4)
FN:50,(anonymous_5)
FN:58,(anonymous_6)
FNF:5
FNH:3
FNDA:223,(anonymous_2)
FNDA:32,PopoverFilterWrapperComponent
FNDA:32,(anonymous_4)
FNDA:0,(anonymous_5)
FNDA:0,(anonymous_6)
DA:16,223
DA:17,223
DA:19,223
DA:20,223
DA:21,223
DA:22,223
DA:24,223
DA:25,223
DA:26,223
DA:28,223
DA:29,223
DA:30,223
DA:32,223
DA:35,32
DA:38,32
DA:39,32
DA:40,32
DA:43,32
DA:44,32
DA:45,32
DA:48,223
DA:50,223
DA:51,0
DA:53,0
DA:54,0
DA:58,223
DA:59,0
DA:61,0
DA:62,0
DA:65,223
LF:30
LH:24
BRDA:53,0,0,0
BRDA:53,0,1,0
BRDA:61,1,0,0
BRDA:61,1,1,0
BRF:4
BRH:0
end_of_record
TN:
SF:src/app/business-processes/business-process-wizard/shared/components/selected-system-record-filter/selected-system-record-filter.component.ts
FN:16,(anonymous_2)
FN:32,SelectedSystemRecordFilterComponent
FN:44,(anonymous_4)
FN:46,(anonymous_5)
FN:54,(anonymous_6)
FNF:5
FNH:3
FNDA:354,(anonymous_2)
FNDA:22,SelectedSystemRecordFilterComponent
FNDA:22,(anonymous_4)
FNDA:0,(anonymous_5)
FNDA:0,(anonymous_6)
DA:16,354
DA:17,354
DA:19,354
DA:20,354
DA:22,354
DA:23,354
DA:24,354
DA:26,354
DA:27,354
DA:28,354
DA:30,354
DA:33,22
DA:35,22
DA:36,22
DA:37,22
DA:39,22
DA:40,22
DA:41,22
DA:44,354
DA:46,354
DA:47,0
DA:49,0
DA:50,0
DA:54,354
DA:55,0
DA:57,0
DA:58,0
DA:61,354
LF:28
LH:22
BRDA:49,0,0,0
BRDA:49,0,1,0
BRDA:57,1,0,0
BRDA:57,1,1,0
BRF:4
BRH:0
end_of_record
TN:
SF:src/app/business-processes/business-process-wizard/shared/components/system-record-add/system-record-add.component.ts
FN:35,(anonymous_2)
FN:70,SystemRecordAddComponent
FN:84,(anonymous_4)
FN:100,(anonymous_5)
FN:104,(anonymous_6)
FN:109,(anonymous_7)
FN:116,(anonymous_8)
FN:135,(anonymous_9)
FN:140,(anonymous_10)
FN:159,(anonymous_11)
FN:162,(anonymous_12)
FN:166,(anonymous_13)
FN:190,(anonymous_14)
FN:206,(anonymous_15)
FN:210,(anonymous_16)
FN:220,(anonymous_17)
FN:226,(anonymous_18)
FN:230,(anonymous_19)
FN:234,(anonymous_20)
FN:238,(anonymous_21)
FN:253,(anonymous_22)
FN:282,(anonymous_23)
FN:288,(anonymous_24)
FN:299,(anonymous_25)
FN:305,(anonymous_26)
FNF:25
FNH:14
FNDA:225,(anonymous_2)
FNDA:19,SystemRecordAddComponent
FNDA:19,(anonymous_4)
FNDA:12,(anonymous_5)
FNDA:0,(anonymous_6)
FNDA:19,(anonymous_7)
FNDA:31,(anonymous_8)
FNDA:12,(anonymous_9)
FNDA:12,(anonymous_10)
FNDA:12,(anonymous_11)
FNDA:0,(anonymous_12)
FNDA:0,(anonymous_13)
FNDA:0,(anonymous_14)
FNDA:0,(anonymous_15)
FNDA:4319,(anonymous_16)
FNDA:0,(anonymous_17)
FNDA:0,(anonymous_18)
FNDA:0,(anonymous_19)
FNDA:12,(anonymous_20)
FNDA:0,(anonymous_21)
FNDA:12,(anonymous_22)
FNDA:12,(anonymous_23)
FNDA:12,(anonymous_24)
FNDA:0,(anonymous_25)
FNDA:0,(anonymous_26)
DA:35,225
DA:47,19
DA:52,19
DA:64,225
DA:65,225
DA:66,225
DA:67,225
DA:68,225
DA:71,19
DA:72,19
DA:73,19
DA:74,19
DA:75,19
DA:77,19
DA:78,19
DA:79,19
DA:80,19
DA:81,19
DA:84,225
DA:85,19
DA:87,19
DA:88,19
DA:89,19
DA:90,19
DA:93,19
DA:94,19
DA:95,19
DA:97,19
DA:100,225
DA:101,12
DA:104,225
DA:105,0
DA:106,0
DA:109,225
DA:110,19
DA:111,0
DA:114,19
DA:117,62
DA:118,31
DA:119,0
DA:120,0
DA:122,0
DA:123,0
DA:124,0
DA:126,0
DA:129,0
DA:130,0
DA:135,225
DA:136,12
DA:137,12
DA:140,225
DA:141,12
DA:149,12
DA:151,12
DA:153,12
DA:154,12
DA:155,12
DA:156,12
DA:158,12
DA:160,12
DA:166,225
DA:167,0
DA:168,0
DA:169,0
DA:172,0
DA:180,0
DA:181,0
DA:183,0
DA:184,0
DA:185,0
DA:186,0
DA:187,0
DA:189,0
DA:191,0
DA:192,0
DA:193,0
DA:196,0
DA:197,0
DA:199,0
DA:200,0
DA:201,0
DA:210,225
DA:211,4319
DA:212,4319
DA:213,4319
DA:214,4319
DA:215,4265
DA:217,4319
DA:220,225
DA:221,0
DA:222,0
DA:223,0
DA:226,225
DA:227,0
DA:230,225
DA:231,0
DA:234,225
DA:235,12
DA:238,225
DA:239,0
DA:249,0
DA:250,0
DA:253,225
DA:257,12
DA:259,12
DA:260,12
DA:261,12
DA:262,12
DA:263,12
DA:264,12
DA:265,12
DA:267,12
DA:271,12
DA:275,12
DA:276,12
DA:277,12
DA:279,12
DA:282,225
DA:283,12
DA:286,12
DA:287,12
DA:289,12
DA:290,12
DA:291,12
DA:297,12
DA:300,0
DA:305,225
DA:306,0
DA:307,0
DA:309,225
LF:130
LH:88
BRDA:85,0,0,19
BRDA:85,0,1,0
BRDA:93,1,0,19
BRDA:93,1,1,19
BRDA:94,2,0,19
BRDA:94,2,1,19
BRDA:95,3,0,19
BRDA:95,3,1,19
BRDA:110,4,0,0
BRDA:110,4,1,19
BRDA:117,5,0,31
BRDA:117,5,1,0
BRDA:118,6,0,0
BRDA:118,6,1,31
BRDA:119,7,0,0
BRDA:119,7,1,0
BRDA:120,8,0,0
BRDA:120,8,1,0
BRDA:123,9,0,0
BRDA:123,9,1,0
BRDA:167,10,0,0
BRDA:167,10,1,0
BRDA:191,11,0,0
BRDA:191,11,1,0
BRDA:192,12,0,0
BRDA:192,12,1,0
BRDA:199,13,0,0
BRDA:199,13,1,0
BRDA:214,14,0,4265
BRDA:214,14,1,54
BRDA:222,15,0,0
BRDA:222,15,1,0
BRDA:244,16,0,0
BRDA:244,16,1,0
BRDA:245,17,0,0
BRDA:245,17,1,0
BRDA:246,18,0,0
BRDA:246,18,1,0
BRDA:257,19,0,12
BRDA:257,19,1,12
BRDA:268,20,0,12
BRDA:268,20,1,0
BRDA:272,21,0,12
BRDA:272,21,1,0
BRDA:275,22,0,12
BRDA:275,22,1,0
BRDA:276,23,0,12
BRDA:276,23,1,0
BRDA:277,24,0,12
BRDA:277,24,1,0
BRF:50
BRH:19
end_of_record
TN:
SF:src/app/business-processes/business-process-wizard/shared/components/system-record-add/system-record-add.service.ts
FN:7,(anonymous_2)
FN:9,SystemRecordAddService
FN:11,(anonymous_4)
FN:15,(anonymous_5)
FN:19,(anonymous_6)
FNF:5
FNH:4
FNDA:225,(anonymous_2)
FNDA:31,SystemRecordAddService
FNDA:0,(anonymous_4)
FNDA:19,(anonymous_5)
FNDA:12,(anonymous_6)
DA:7,225
DA:8,31
DA:11,225
DA:12,0
DA:15,225
DA:16,19
DA:19,225
DA:20,12
DA:27,225
LF:9
LH:8
BRF:0
BRH:0
end_of_record
TN:
SF:src/app/business-processes/business-process-wizard/shared/components/system-record-add-company-affiliate/system-record-add-company-affiliate.component.ts
FN:36,(anonymous_2)
FN:58,SystemRecordAddCompanyAffiliateComponent
FN:72,(anonymous_4)
FN:76,(anonymous_5)
FN:80,(anonymous_6)
FN:87,(anonymous_7)
FN:100,(anonymous_8)
FN:105,(anonymous_9)
FN:109,(anonymous_10)
FN:128,(anonymous_11)
FN:131,(anonymous_12)
FN:135,(anonymous_13)
FN:158,(anonymous_14)
FN:177,(anonymous_15)
FN:181,(anonymous_16)
FN:193,(anonymous_17)
FN:198,(anonymous_18)
FN:202,(anonymous_19)
FN:229,(anonymous_20)
FN:254,(anonymous_21)
FN:262,(anonymous_22)
FN:272,(anonymous_23)
FN:278,(anonymous_24)
FNF:23
FNH:1
FNDA:225,(anonymous_2)
FNDA:0,SystemRecordAddCompanyAffiliateComponent
FNDA:0,(anonymous_4)
FNDA:0,(anonymous_5)
FNDA:0,(anonymous_6)
FNDA:0,(anonymous_7)
FNDA:0,(anonymous_8)
FNDA:0,(anonymous_9)
FNDA:0,(anonymous_10)
FNDA:0,(anonymous_11)
FNDA:0,(anonymous_12)
FNDA:0,(anonymous_13)
FNDA:0,(anonymous_14)
FNDA:0,(anonymous_15)
FNDA:0,(anonymous_16)
FNDA:0,(anonymous_17)
FNDA:0,(anonymous_18)
FNDA:0,(anonymous_19)
FNDA:0,(anonymous_20)
FNDA:0,(anonymous_21)
FNDA:0,(anonymous_22)
FNDA:0,(anonymous_23)
FNDA:0,(anonymous_24)
DA:36,225
DA:48,0
DA:52,61
DA:53,225
DA:54,225
DA:55,225
DA:56,225
DA:59,0
DA:60,0
DA:61,0
DA:62,0
DA:63,0
DA:65,0
DA:66,0
DA:67,0
DA:68,0
DA:69,0
DA:72,225
DA:73,0
DA:76,225
DA:77,0
DA:80,225
DA:81,0
DA:82,0
DA:85,0
DA:88,0
DA:89,0
DA:90,0
DA:91,0
DA:94,0
DA:95,0
DA:100,225
DA:101,0
DA:102,0
DA:105,225
DA:106,0
DA:109,225
DA:110,0
DA:118,0
DA:120,0
DA:122,0
DA:123,0
DA:124,0
DA:125,0
DA:127,0
DA:129,0
DA:135,225
DA:136,0
DA:137,0
DA:140,0
DA:148,0
DA:149,0
DA:151,0
DA:152,0
DA:153,0
DA:154,0
DA:155,0
DA:157,0
DA:159,0
DA:160,0
DA:161,0
DA:164,0
DA:165,0
DA:167,0
DA:168,0
DA:169,0
DA:171,0
DA:181,225
DA:182,0
DA:183,0
DA:184,0
DA:185,0
DA:186,0
DA:188,0
DA:189,0
DA:193,225
DA:194,0
DA:195,0
DA:198,61
DA:199,164
DA:202,61
DA:206,164
DA:214,0
DA:215,0
DA:218,0
DA:219,0
[...]
FN:55,(anonymous_9)
FN:56,(anonymous_10)
FN:64,(anonymous_11)
FN:74,(anonymous_12)
FN:85,(anonymous_13)
FN:96,(anonymous_14)
FNF:13
FNH:12
FNDA:347,(anonymous_2)
FNDA:177,DataSubjectsRecipientsService
FNDA:49,(anonymous_4)
FNDA:46,(anonymous_5)
FNDA:46,(anonymous_6)
FNDA:99,(anonymous_7)
FNDA:49,(anonymous_8)
FNDA:46,(anonymous_9)
FNDA:46,(anonymous_10)
FNDA:22,(anonymous_11)
FNDA:46,(anonymous_12)
FNDA:46,(anonymous_13)
FNDA:0,(anonymous_14)
DA:17,347
DA:24,177
DA:26,347
DA:29,49
DA:30,48
DA:33,46
DA:34,46
DA:38,1
DA:42,347
DA:43,99
DA:44,99
DA:45,99
DA:48,347
DA:51,49
DA:52,48
DA:55,46
DA:56,46
DA:60,1
DA:64,347
DA:65,22
DA:66,22
DA:70,0
DA:74,347
DA:77,46
DA:82,46
DA:85,347
DA:88,46
DA:93,46
DA:96,347
DA:97,0
DA:99,347
LF:31
LH:29
BRDA:29,0,0,48
BRDA:29,0,1,1
BRDA:51,1,0,48
BRDA:51,1,1,1
BRDA:65,2,0,22
BRDA:65,2,1,0
BRF:6
BRH:5
end_of_record
TN:
SF:src/app/shared/services/export/export.service.ts
FN:11,(anonymous_2)
FN:14,ExportService
FN:16,(anonymous_4)
FN:24,(anonymous_5)
FN:27,(anonymous_6)
FNF:5
FNH:2
FNDA:388,(anonymous_2)
FNDA:50,ExportService
FNDA:0,(anonymous_4)
FNDA:0,(anonymous_5)
FNDA:0,(anonymous_6)
DA:11,388
DA:12,388
DA:14,50
DA:16,388
DA:17,0
DA:24,388
DA:27,0
DA:29,0
DA:30,0
DA:36,388
LF:10
LH:6
BRF:0
BRH:0
end_of_record
TN:
SF:src/app/shared/services/feature-flag/feature-flag.service.ts
FN:20,(anonymous_2)
FN:23,FeatureFlagService
FN:27,(anonymous_4)
FN:36,(anonymous_5)
FN:59,(anonymous_6)
FN:62,(anonymous_7)
FN:66,(anonymous_8)
FN:71,(anonymous_9)
FN:73,(anonymous_10)
FN:83,(anonymous_11)
FN:88,(anonymous_12)
FN:93,(anonymous_13)
FN:103,(anonymous_14)
FN:112,(anonymous_15)
FN:113,(anonymous_16)
FN:114,(anonymous_17)
FN:118,(anonymous_18)
FN:124,(anonymous_19)
FN:130,(anonymous_20)
FN:139,(anonymous_21)
FN:141,(anonymous_22)
FN:146,(anonymous_23)
FNF:22
FNH:4
FNDA:388,(anonymous_2)
FNDA:371,FeatureFlagService
FNDA:371,(anonymous_4)
FNDA:0,(anonymous_5)
FNDA:0,(anonymous_6)
FNDA:0,(anonymous_7)
FNDA:0,(anonymous_8)
FNDA:0,(anonymous_9)
FNDA:0,(anonymous_10)
FNDA:0,(anonymous_11)
FNDA:0,(anonymous_12)
FNDA:0,(anonymous_13)
FNDA:0,(anonymous_14)
FNDA:0,(anonymous_15)
FNDA:0,(anonymous_16)
FNDA:0,(anonymous_17)
FNDA:0,(anonymous_18)
FNDA:72,(anonymous_19)
FNDA:0,(anonymous_20)
FNDA:0,(anonymous_21)
FNDA:0,(anonymous_22)
FNDA:0,(anonymous_23)
DA:20,388
DA:23,371
DA:24,371
DA:25,371
DA:27,371
DA:28,371
DA:29,371
DA:30,0
DA:36,388
DA:37,0
DA:56,0
DA:59,388
DA:60,0
DA:61,0
DA:62,0
DA:66,388
DA:67,0
DA:68,0
DA:71,388
DA:72,0
DA:73,0
DA:75,0
DA:76,0
DA:79,0
DA:83,0
DA:84,0
DA:88,0
DA:93,388
DA:98,0
DA:100,0
DA:102,0
DA:103,0
DA:106,0
DA:108,0
DA:111,0
DA:112,0
DA:114,0
DA:115,0
DA:118,0
DA:120,0
DA:124,388
DA:125,72
DA:126,72
DA:129,0
DA:130,0
DA:133,0
DA:134,0
DA:137,0
DA:139,0
DA:141,0
DA:142,0
DA:145,0
DA:146,0
DA:149,388
LF:54
LH:16
BRDA:29,0,0,0
BRDA:29,0,1,371
BRDA:75,1,0,0
BRDA:75,1,1,0
BRDA:79,2,0,0
BRDA:79,2,1,0
BRDA:80,3,0,0
BRDA:80,3,1,0
BRDA:98,4,0,0
BRDA:98,4,1,0
BRDA:98,5,0,0
BRDA:98,5,1,0
BRDA:106,6,0,0
BRDA:106,6,1,0
BRDA:114,7,0,0
BRDA:114,7,1,0
BRDA:120,8,0,0
BRDA:120,8,1,0
BRDA:125,9,0,72
BRDA:125,9,1,0
BRDA:125,10,0,72
BRDA:125,10,1,0
BRDA:133,11,0,0
BRDA:133,11,1,0
BRDA:137,12,0,0
BRDA:137,12,1,0
BRDA:138,13,0,0
BRDA:138,13,1,0
BRF:28
BRH:3
end_of_record
TN:
SF:src/app/shared/services/import/import.service.ts
FN:9,(anonymous_2)
FN:10,ImportService
FN:12,(anonymous_4)
FN:19,(anonymous_5)
FNF:4
FNH:1
FNDA:225,(anonymous_2)
FNDA:0,ImportService
FNDA:0,(anonymous_4)
FNDA:0,(anonymous_5)
DA:9,225
DA:10,0
DA:12,225
DA:13,0
DA:19,225
DA:22,0
DA:30,225
LF:7
LH:4
BRF:0
BRH:0
end_of_record
TN:
SF:src/app/shared/services/it-system/it-system.service.ts
FN:11,(anonymous_2)
FN:12,ItSystemService
FN:17,(anonymous_4)
FN:20,(anonymous_5)
FN:24,(anonymous_6)
FNF:5
FNH:1
FNDA:225,(anonymous_2)
FNDA:0,ItSystemService
FNDA:0,(anonymous_4)
FNDA:0,(anonymous_5)
FNDA:0,(anonymous_6)
DA:11,225
DA:13,0
DA:14,0
DA:17,225
DA:18,0
DA:20,225
DA:21,0
DA:24,0
DA:28,225
LF:9
LH:4
BRF:0
BRH:0
end_of_record
TN:
SF:src/app/shared/services/loading/loading-event.service.ts
FN:7,(anonymous_1)
FN:4,LoadingEventService
FN:10,(anonymous_3)
FN:14,(anonymous_4)
FNF:4
FNH:3
FNDA:388,(anonymous_1)
FNDA:371,LoadingEventService
FNDA:0,(anonymous_3)
FNDA:371,(anonymous_4)
DA:7,388
DA:8,371
DA:10,388
DA:11,0
DA:14,388
DA:15,371
DA:17,388
LF:7
LH:6
BRF:0
BRH:0
end_of_record
TN:
SF:src/app/shared/services/location/location.service.ts
FN:16,(anonymous_4)
FN:22,LocationService
FN:28,(anonymous_6)
FN:32,(anonymous_7)
FN:36,(anonymous_8)
FN:38,(anonymous_9)
FN:39,(anonymous_10)
FN:61,(anonymous_11)
FN:95,(anonymous_12)
FN:99,(anonymous_13)
FN:103,(anonymous_14)
FN:111,(anonymous_15)
FN:113,(anonymous_16)
FN:126,(anonymous_17)
FN:128,(anonymous_18)
FN:136,(anonymous_19)
FN:138,(anonymous_20)
FN:139,(anonymous_21)
FN:149,(anonymous_22)
FN:158,(anonymous_23)
FN:166,(anonymous_24)
FN:167,(anonymous_25)
FN:168,(anonymous_26)
FN:181,(anonymous_27)
FN:187,(anonymous_28)
FN:190,(anonymous_29)
FN:191,(anonymous_30)
FN:194,(anonymous_31)
FN:206,(anonymous_32)
FN:215,(anonymous_33)
FN:220,(anonymous_34)
FNF:31
FNH:26
FNDA:388,(anonymous_4)
FNDA:134,LocationService
FNDA:136,(anonymous_6)
FNDA:7967,(anonymous_7)
FNDA:151,(anonymous_8)
FNDA:1359,(anonymous_9)
FNDA:37750,(anonymous_10)
FNDA:201283,(anonymous_11)
FNDA:0,(anonymous_12)
FNDA:0,(anonymous_13)
FNDA:279,(anonymous_14)
FNDA:112,(anonymous_15)
FNDA:162,(anonymous_16)
FNDA:497,(anonymous_17)
FNDA:34057,(anonymous_18)
FNDA:274,(anonymous_19)
FNDA:68500,(anonymous_20)
FNDA:76172,(anonymous_21)
FNDA:68500,(anonymous_22)
FNDA:15344,(anonymous_23)
FNDA:274,(anonymous_24)
FNDA:2466,(anonymous_25)
FNDA:12878,(anonymous_26)
FNDA:15,(anonymous_27)
FNDA:16,(anonymous_28)
FNDA:108,(anonymous_29)
FNDA:3000,(anonymous_30)
FNDA:4749000,(anonymous_31)
FNDA:0,(anonymous_32)
FNDA:0,(anonymous_33)
FNDA:0,(anonymous_34)
DA:16,388
DA:17,134
DA:18,134
DA:19,134
DA:20,134
DA:22,134
DA:23,134
DA:24,134
DA:25,134
DA:28,388
DA:29,136
DA:32,388
DA:33,7967
DA:36,388
DA:37,151
DA:38,151
DA:39,1359
DA:40,37750
DA:60,37750
DA:61,37750
DA:62,201283
DA:92,151
DA:95,388
DA:96,0
DA:99,388
DA:100,0
DA:103,388
DA:104,530
DA:105,558
DA:107,279
DA:111,112
DA:113,279
DA:114,162
DA:115,162
DA:119,279
DA:123,279
DA:126,388
DA:127,497
DA:128,34057
DA:130,497
DA:131,497
DA:133,0
DA:136,388
DA:137,274
DA:138,68500
DA:139,76172
DA:142,274
DA:149,388
DA:150,68500
DA:152,0
DA:155,60828
DA:158,15344
DA:161,0
DA:162,0
DA:166,388
DA:167,2466
DA:168,12878
DA:170,2466
DA:175,2466
DA:181,388
DA:183,15
DA:184,0
DA:186,15
DA:187,15
DA:188,16
DA:190,12
DA:191,108
DA:192,3000
DA:195,4749000
DA:196,4749000
DA:198,0
DA:201,3000
DA:202,3000
DA:204,3000
DA:205,0
DA:206,0
DA:212,15
DA:215,388
DA:216,0
DA:220,0
DA:224,0
DA:228,176
LF:82
LH:69
BRDA:60,0,0,37750
BRDA:60,0,1,0
BRDA:104,1,0,251
BRDA:104,1,1,28
BRDA:105,2,0,279
BRDA:105,2,1,0
BRDA:120,3,0,117
BRDA:120,3,1,162
BRDA:119,4,0,279
BRDA:119,4,1,162
BRDA:130,5,0,497
BRDA:130,5,1,0
BRDA:151,6,0,0
BRDA:151,6,1,60828
BRDA:151,6,2,7672
BRDA:151,6,3,0
BRDA:176,7,0,2466
BRDA:176,7,1,0
BRDA:181,8,0,0
BRDA:181,8,1,15
BRDA:183,9,0,0
BRDA:183,9,1,15
BRDA:188,10,0,12
BRDA:188,10,1,4
BRDA:188,11,0,16
BRDA:188,11,1,12
BRDA:195,12,0,4749000
BRDA:195,12,1,0
BRDA:195,13,0,4749000
BRDA:195,13,1,4749000
BRDA:198,14,0,0
BRDA:198,14,1,0
BRDA:204,15,0,0
BRDA:204,15,1,3000
BRDA:225,16,0,0
BRDA:225,16,1,0
BRF:36
BRH:22
end_of_record
TN:
SF:src/app/shared/services/navigation/navigation-event.service.ts
FN:7,(anonymous_1)
FN:4,NavigationEventService
FN:13,(anonymous_3)
FNF:3
FNH:3
FNDA:347,(anonymous_1)
FNDA:2,NavigationEventService
FNDA:2,(anonymous_3)
DA:7,347
DA:9,2
DA:11,2
DA:13,347
DA:14,2
DA:16,347
LF:6
LH:6
BRF:0
BRH:0
end_of_record
TN:
SF:src/app/shared/services/notification/notification.service.ts
FN:7,(anonymous_1)
FN:4,NotificationService
FN:10,(anonymous_3)
FN:14,(anonymous_4)
FNF:4
FNH:4
FNDA:300,(anonymous_1)
FNDA:213,NotificationService
FNDA:12,(anonymous_3)
FNDA:250,(anonymous_4)
DA:7,300
DA:8,213
DA:10,300
DA:11,12
DA:14,300
DA:15,250
DA:17,300
LF:7
LH:7
BRF:0
BRH:0
end_of_record
TN:
SF:src/app/shared/services/processing-purpose-categories/processing-purpose-categories.service.ts
FN:16,(anonymous_2)
FN:26,ProcessingPurposeCategoriesService
FN:28,(anonymous_4)
FN:40,(anonymous_5)
FN:49,(anonymous_6)
FN:87,(anonymous_7)
FN:93,(anonymous_8)
FN:98,(anonymous_9)
FN:140,(anonymous_10)
FN:156,(anonymous_11)
FN:160,(anonymous_12)
FN:172,(anonymous_13)
FNF:12
FNH:1
FNDA:388,(anonymous_2)
FNDA:0,ProcessingPurposeCategoriesService
FNDA:0,(anonymous_4)
FNDA:0,(anonymous_5)
FNDA:0,(anonymous_6)
FNDA:0,(anonymous_7)
FNDA:0,(anonymous_8)
FNDA:0,(anonymous_9)
FNDA:0,(anonymous_10)
FNDA:0,(anonymous_11)
FNDA:0,(anonymous_12)
FNDA:0,(anonymous_13)
DA:16,388
DA:17,388
DA:26,0
DA:28,388
DA:31,0
DA:34,0
DA:40,388
DA:43,0
DA:49,388
DA:54,0
DA:57,0
DA:60,0
DA:65,0
DA:67,0
DA:69,0
DA:71,0
DA:73,0
DA:82,0
DA:87,388
DA:90,0
DA:93,0
DA:98,388
DA:105,0
DA:106,0
DA:107,0
DA:108,0
DA:110,0
DA:119,0
DA:122,0
DA:123,0
DA:125,0
DA:128,0
DA:131,0
DA:133,0
DA:140,388
DA:142,0
DA:144,0
DA:148,0
DA:156,388
DA:159,0
DA:160,0
DA:163,0
DA:172,388
DA:175,0
DA:177,388
LF:45
LH:11
BRDA:54,0,0,0
BRDA:54,0,1,0
BRDA:57,1,0,0
BRDA:57,1,1,0
BRDA:61,2,0,0
BRDA:61,2,1,0
BRDA:60,3,0,0
BRDA:60,3,1,0
BRDA:65,4,0,0
BRDA:65,4,1,0
BRDA:65,5,0,0
BRDA:65,5,1,0
BRDA:67,6,0,0
BRDA:67,6,1,0
BRDA:67,7,0,0
BRDA:67,7,1,0
BRDA:69,8,0,0
BRDA:69,8,1,0
BRDA:69,9,0,0
BRDA:69,9,1,0
BRDA:71,10,0,0
BRDA:71,10,1,0
BRDA:71,11,0,0
BRDA:71,11,1,0
BRDA:105,12,0,0
BRDA:105,12,1,0
BRDA:106,13,0,0
BRDA:106,13,1,0
BRDA:107,14,0,0
BRDA:107,14,1,0
BRDA:108,15,0,0
BRDA:108,15,1,0
BRDA:122,16,0,0
BRDA:122,16,1,0
BRDA:123,17,0,0
BRDA:123,17,1,0
BRDA:126,18,0,0
BRDA:126,18,1,0
BRDA:142,19,0,0
BRDA:142,19,1,0
BRF:40
BRH:0
end_of_record
TN:
SF:src/app/shared/services/processing-purposes/processing-purposes.service.ts
FN:22,(anonymous_4)
FN:23,ProcessingPurposesService
FN:25,(anonymous_6)
FN:35,(anonymous_7)
FN:43,(anonymous_8)
FN:53,(anonymous_9)
FN:55,(anonymous_10)
FN:63,(anonymous_11)
FN:65,(anonymous_12)
FN:67,(anonymous_13)
FN:77,(anonymous_14)
FN:87,(anonymous_15)
FN:94,(anonymous_16)
FN:102,(anonymous_17)
FN:112,(anonymous_18)
FN:123,(anonymous_19)
FN:129,(anonymous_20)
FN:131,(anonymous_21)
FN:135,(anonymous_22)
FN:144,(anonymous_23)
FN:148,(anonymous_24)
FNF:21
FNH:13
FNDA:388,(anonymous_4)
FNDA:56,ProcessingPurposesService
FNDA:99,(anonymous_6)
FNDA:0,(anonymous_7)
FNDA:94,(anonymous_8)
FNDA:734,(anonymous_9)
FNDA:15114,(anonymous_10)
FNDA:7634,(anonymous_11)
FNDA:15114,(anonymous_12)
FNDA:21714,(anonymous_13)
FNDA:6930,(anonymous_14)
FNDA:49,(anonymous_15)
FNDA:564,(anonymous_16)
FNDA:275,(anonymous_17)
FNDA:0,(anonymous_18)
FNDA:0,(anonymous_19)
FNDA:0,(anonymous_20)
FNDA:0,(anonymous_21)
FNDA:0,(anonymous_22)
FNDA:0,(anonymous_23)
FNDA:0,(anonymous_24)
DA:22,388
DA:23,56
DA:25,388
DA:28,99
DA:35,207
DA:38,31
DA:43,207
DA:46,276
DA:48,64
DA:53,734
DA:55,14996
DA:62,94
DA:63,94
DA:64,734
DA:65,15114
DA:67,14814
DA:68,734
DA:69,1034
DA:70,7634
DA:74,394
DA:77,7106
DA:78,330
DA:79,330
DA:81,330
DA:84,30
DA:87,388
DA:93,49
DA:94,539
DA:96,49
DA:97,0
DA:98,212
DA:102,201
DA:105,275
DA:112,201
DA:116,0
DA:123,176
DA:124,212
DA:129,176
DA:130,212
DA:131,0
DA:135,388
DA:138,0
DA:144,388
DA:147,0
DA:148,0
DA:151,176
LF:46
LH:40
BRDA:68,0,0,1034
BRDA:68,0,1,0
BRDA:68,1,0,1034
BRDA:68,1,1,1034
BRDA:78,2,0,0
BRDA:78,2,1,0
BRDA:96,3,0,0
BRDA:96,3,1,74
BRF:8
BRH:4
end_of_record
TN:
SF:src/app/shared/services/record-datagrid-pagination/datagrid-pagination.service.ts
FN:12,(anonymous_2)
FN:28,DatagridPaginationService
FN:30,(anonymous_4)
FN:35,(anonymous_5)
FN:40,(anonymous_6)
FNF:5
FNH:3
FNDA:388,(anonymous_2)
FNDA:6,DatagridPaginationService
FNDA:0,(anonymous_4)
FNDA:0,(anonymous_5)
FNDA:6,(anonymous_6)
DA:12,388
DA:13,6
DA:19,6
DA:22,6
DA:26,6
DA:30,388
DA:31,0
DA:32,0
DA:35,388
DA:36,0
DA:37,0
DA:40,388
DA:41,6
DA:42,6
DA:44,388
LF:15
LH:11
BRF:0
BRH:0
end_of_record
TN:
SF:src/app/shared/services/record-listing/datagrid-header.service.ts
FN:17,(anonymous_2)
FN:26,DatagridHeaderService
FN:31,(anonymous_4)
FN:43,(anonymous_5)
FN:50,(anonymous_6)
FN:52,(anonymous_7)
FN:55,(anonymous_8)
FN:59,(anonymous_9)
FN:63,(anonymous_10)
FN:67,(anonymous_11)
FN:71,(anonymous_12)
FN:75,(anonymous_13)
FN:79,(anonymous_14)
FNF:13
FNH:4
FNDA:388,(anonymous_2)
FNDA:9,DatagridHeaderService
FNDA:3,(anonymous_4)
FNDA:0,(anonymous_5)
FNDA:0,(anonymous_6)
FNDA:0,(anonymous_7)
FNDA:0,(anonymous_8)
FNDA:0,(anonymous_9)
FNDA:3,(anonymous_10)
FNDA:0,(anonymous_11)
FNDA:0,(anonymous_12)
FNDA:0,(anonymous_13)
FNDA:0,(anonymous_14)
DA:17,388
DA:21,9
DA:26,9
DA:27,9
DA:28,9
DA:31,388
DA:32,3
DA:33,3
DA:37,3
DA:38,3
DA:40,3
DA:43,388
DA:44,0
DA:50,388
DA:51,0
DA:53,0
DA:55,0
DA:59,388
DA:60,0
DA:63,388
DA:64,3
DA:67,388
DA:68,0
DA:71,388
DA:72,0
DA:75,388
DA:76,0
DA:79,388
DA:80,0
DA:82,388
LF:30
LH:21
BRDA:32,0,0,3
BRDA:32,0,1,0
BRF:2
BRH:1
end_of_record
TN:
SF:src/app/shared/services/record-listing/datatable.service.ts
FN:16,(anonymous_2)
FN:29,DatatableService
FN:39,(anonymous_4)
FN:43,(anonymous_5)
FN:46,(anonymous_6)
FN:56,(anonymous_7)
FN:62,(anonymous_8)
FN:68,(anonymous_9)
FN:79,(anonymous_10)
FN:83,(anonymous_11)
FN:87,(anonymous_12)
FN:91,(anonymous_13)
FNF:12
FNH:7
FNDA:388,(anonymous_2)
FNDA:50,DatatableService
FNDA:0,(anonymous_4)
FNDA:64,(anonymous_5)
FNDA:61,(anonymous_6)
FNDA:50,(anonymous_7)
FNDA:50,(anonymous_8)
FNDA:6,(anonymous_9)
FNDA:0,(anonymous_10)
FNDA:0,(anonymous_11)
FNDA:0,(anonymous_12)
FNDA:0,(anonymous_13)
DA:16,388
DA:17,50
DA:19,50
DA:20,50
DA:23,50
DA:24,50
DA:30,50
DA:31,50
DA:33,50
DA:34,50
DA:35,50
DA:36,50
DA:39,146
DA:40,292
DA:43,292
DA:44,64
DA:47,64
DA:48,61
DA:56,157
DA:57,292
DA:58,50
DA:62,103
DA:63,292
DA:64,50
DA:68,103
DA:69,292
DA:70,6
DA:74,6
DA:75,6
DA:79,102
DA:80,292
DA:83,96
DA:84,292
DA:87,96
DA:88,292
DA:91,96
DA:92,292
DA:94,388
LF:38
LH:38
BRDA:57,0,0,7
BRDA:57,0,1,43
BRDA:63,1,0,7
BRDA:63,1,1,43
BRDA:69,2,0,6
BRDA:69,2,1,0
BRF:6
BRH:5
end_of_record
TN:
SF:src/app/shared/services/record-listing/record-listing.service.ts
FN:11,(anonymous_2)
FN:16,RecordListingService
FN:18,(anonymous_4)
FN:22,(anonymous_5)
FN:33,(anonymous_6)
FN:39,(anonymous_7)
FNF:6
FNH:4
FNDA:388,(anonymous_2)
FNDA:50,RecordListingService
FNDA:0,(anonymous_4)
FNDA:6,(anonymous_5)
FNDA:50,(anonymous_6)
FNDA:0,(anonymous_7)
DA:11,388
DA:12,50
DA:14,50
DA:16,50
DA:18,388
DA:19,0
DA:22,388
DA:23,6
DA:25,6
DA:33,388
DA:34,50
DA:39,388
DA:40,0
DA:42,388
LF:14
LH:12
BRDA:23,0,0,6
BRDA:23,0,1,0
BRF:2
BRH:1
end_of_record
TN:
SF:src/app/shared/services/report-download/report-download.constant.ts
FN:1,(anonymous_0)
FNF:1
FNH:1
FNDA:212,(anonymous_0)
DA:1,212
DA:2,212
DA:3,212
LF:3
LH:3
BRDA:1,0,0,212
BRDA:1,0,1,212
BRF:2
BRH:2
end_of_record
TN:
SF:src/app/shared/services/report-download/report-download.service.ts
FN:7,(anonymous_2)
FN:11,ReportDownloadService
FN:13,(anonymous_4)
FN:18,(anonymous_5)
FN:23,(anonymous_6)
FN:32,(anonymous_7)
FN:33,(anonymous_8)
FNF:7
FNH:2
FNDA:388,(anonymous_2)
FNDA:50,ReportDownloadService
FNDA:0,(anonymous_4)
FNDA:0,(anonymous_5)
FNDA:0,(anonymous_6)
FNDA:0,(anonymous_7)
FNDA:0,(anonymous_8)
DA:7,388
DA:8,201
DA:9,23
DA:10,118
DA:11,50
DA:13,288
DA:14,100
DA:15,0
DA:18,193
DA:19,83
DA:20,83
DA:23,193
DA:24,17
DA:32,176
DA:33,0
DA:35,176
LF:16
LH:14
BRF:0
BRH:0
end_of_record
TN:
SF:src/app/shared/services/third-party/third-party.service.ts
FN:11,(anonymous_2)
FN:12,ThirdPartyService
FN:17,(anonymous_4)
FN:20,(anonymous_5)
FN:24,(anonymous_6)
FNF:5
FNH:1
FNDA:225,(anonymous_2)
FNDA:0,ThirdPartyService
FNDA:0,(anonymous_4)
FNDA:0,(anonymous_5)
FNDA:0,(anonymous_6)
DA:11,225
DA:13,0
DA:14,0
DA:17,225
DA:18,0
DA:20,225
DA:21,0
DA:24,0
DA:28,225
LF:9
LH:4
BRF:0
BRH:0
end_of_record
TN:
SF:src/app/shared/services/user/user.service.ts
FN:11,(anonymous_2)
FN:12,UserService
FN:18,(anonymous_4)
FN:36,(anonymous_5)
FN:39,(anonymous_6)
FNF:5
FNH:5
FNDA:388,(anonymous_2)
FNDA:101,UserService
FNDA:3,(anonymous_4)
FNDA:3,(anonymous_5)
FNDA:72,(anonymous_6)
DA:11,388
DA:12,101
DA:18,388
DA:20,3
DA:23,3
DA:24,3
DA:26,3
DA:28,3
DA:29,0
DA:30,0
DA:31,0
DA:34,3
DA:36,3
DA:39,388
DA:40,72
DA:43,24
DA:44,72
DA:46,72
DA:48,72
DA:49,68
DA:50,68
DA:51,0
DA:53,4
DA:55,164
LF:24
LH:20
BRDA:28,0,0,0
BRDA:28,0,1,3
BRDA:28,1,0,3
BRDA:28,1,1,0
BRDA:48,2,0,20
BRDA:48,2,1,52
BRDA:48,3,0,4
BRDA:48,3,1,68
BRF:8
BRH:6
end_of_record
TN:
SF:src/app/shared/services/user-role-controller/user-role-controller.service.ts
FN:9,(anonymous_2)
FN:20,UserRoleControllerService
FN:12,(anonymous_4)
FN:16,(anonymous_5)
FN:22,(anonymous_6)
FN:28,(anonymous_7)
FN:32,(anonymous_8)
FNF:7
FNH:7
FNDA:388,(anonymous_2)
FNDA:371,UserRoleControllerService
FNDA:543,(anonymous_4)
FNDA:352,(anonymous_5)
FNDA:369,(anonymous_6)
FNDA:352,(anonymous_7)
FNDA:17,(anonymous_8)
DA:9,388
DA:12,388
DA:13,543
DA:16,388
DA:17,352
DA:20,371
DA:22,388
DA:23,369
DA:28,388
DA:29,352
DA:32,388
DA:33,17
DA:35,388
LF:13
LH:13
BRF:0
BRH:0
end_of_record
TN:
SF:src/app/shared/utils/basic-utils.ts
FN:8,isNullOrUndefined
FN:12,exists
FN:16,defaultTo
FN:20,toCaptalizedCase
FN:24,danishToEnglishgetString
FN:31,sortDanishStringArray
FN:32,(anonymous_6)
FN:45,formatCategoryLabel
FN:50,highlightText
FN:64,(anonymous_9)
FN:76,isIdParameterInvalid
FN:81,(anonymous_11)
FN:91,downloadReturnedFile
FNF:13
FNH:8
FNDA:3908787,isNullOrUndefined
FNDA:3012591,exists
FNDA:894452,defaultTo
FNDA:1050,toCaptalizedCase
FNDA:0,danishToEnglishgetString
FNDA:0,sortDanishStringArray
FNDA:0,(anonymous_6)
FNDA:1586,formatCategoryLabel
FNDA:2355264,highlightText
FNDA:54668,(anonymous_9)
FNDA:1432,isIdParameterInvalid
FNDA:0,(anonymous_11)
FNDA:0,downloadReturnedFile
DA:6,388
DA:9,3908787
DA:13,3012591
DA:17,894452
DA:21,1050
DA:25,0
DA:31,0
DA:32,0
DA:33,0
DA:36,0
DA:40,0
DA:42,0
DA:47,1586
DA:52,2355264
DA:53,2223862
DA:56,131402
DA:58,131402
DA:59,76768
DA:62,54634
DA:64,54634
DA:65,54668
DA:67,54668
DA:73,54634
DA:77,1432
DA:78,19
DA:81,1413
DA:85,0
DA:88,1413
DA:92,0
DA:93,0
DA:94,0
DA:95,0
DA:96,0
DA:99,0
DA:100,0
DA:102,0
DA:103,0
DA:104,0
DA:105,0
DA:106,0
DA:108,0
LF:41
LH:20
BRDA:9,0,0,3908787
BRDA:9,0,1,3771932
BRDA:17,1,0,286323
BRDA:17,1,1,608129
BRDA:31,2,0,0
BRDA:31,2,1,0
BRDA:34,3,0,0
BRDA:34,3,1,0
BRDA:37,4,0,0
BRDA:37,4,1,0
BRDA:52,5,0,2223862
BRDA:52,5,1,131402
BRDA:52,6,0,2355264
BRDA:52,6,1,273594
BRDA:58,7,0,76768
BRDA:58,7,1,54634
BRDA:58,8,0,131402
BRDA:58,8,1,54634
BRDA:77,9,0,19
BRDA:77,9,1,1413
BRDA:77,10,0,1432
BRDA:77,10,1,1413
BRDA:99,11,0,0
BRDA:99,11,1,0
BRF:24
BRH:16
end_of_record
TN:
SF:src/app/shared/utils/datetime-utils.ts
FN:1,getDateFromProperties
FNF:1
FNH:0
FNDA:0,getDateFromProperties
DA:2,0
LF:1
LH:0
BRF:0
BRH:0
end_of_record
TN:
SF:src/app/shared/utils/error-utils.ts
FN:1,getErrorMessageNoPermissionsToViewRecord
FNF:1
FNH:0
FNDA:0,getErrorMessageNoPermissionsToViewRecord
DA:3,0
LF:1
LH:0
BRF:0
BRH:0
end_of_record
TN:
SF:src/app/shared/utils/form-utils.ts
FN:18,noWhitespaceValidator
FN:31,setFormArrayControls
FN:38,(anonymous_2)
FN:55,createFormGroup
FN:60,(anonymous_4)
FNF:5
FNH:2
FNDA:6673,noWhitespaceValidator
FNDA:140,setFormArrayControls
FNDA:0,(anonymous_2)
FNDA:0,createFormGroup
FNDA:0,(anonymous_4)
DA:11,388
DA:19,6673
DA:20,6673
DA:21,6673
DA:35,140
DA:36,0
DA:38,140
DA:59,0
DA:60,0
DA:61,0
DA:62,0
LF:11
LH:6
BRDA:19,0,0,6673
BRDA:19,0,1,208
BRDA:21,1,0,6465
BRDA:21,1,1,208
BRF:4
BRH:4
end_of_record
TN:
SF:src/app/shared/utils/route-utils.ts
FN:10,getRouteParamObservable
FN:15,(anonymous_1)
FNF:2
FNH:2
FNDA:229,getRouteParamObservable
FNDA:229,(anonymous_1)
DA:14,229
DA:16,229
LF:2
LH:2
BRF:0
BRH:0
end_of_record
TN:
SF:src/app/shared/utils/rxjs-utils.ts
FN:13,multicastInProgressState
FN:20,(anonymous_1)
FN:21,(anonymous_2)
FN:35,createPipeFromArray
FNF:4
FNH:3
FNDA:105,multicastInProgressState
FNDA:96,(anonymous_1)
FNDA:0,(anonymous_2)
FNDA:6,createPipeFromArray
DA:17,105
DA:19,105
DA:20,96
DA:22,0
DA:23,0
DA:38,6
LF:6
LH:4
BRF:0
BRH:0
end_of_record
TN:
SF:src/environments/environment.ts
FNF:0
FNH:0
DA:5,388
LF:1
LH:1
BRF:0
BRH:0
end_of_record
