TN:
SF:/Users/pavelterenin/workspace/rhea-ui/src/polyfills.ts
FN:84,(anonymous_0)
FNF:1
FNH:0
FNDA:0,(anonymous_0)
DA:63,1
DA:64,1
DA:65,1
DA:71,1
DA:83,1
DA:84,0
DA:85,0
DA:86,0
DA:87,0
LF:9
LH:5
BRDA:83,0,0,0
BRDA:83,0,1,1
BRDA:83,1,0,1
BRDA:83,1,1,1
BRDA:85,2,0,0
BRDA:85,2,1,0
BRF:6
BRH:3
end_of_record
TN:
SF:/Users/pavelterenin/workspace/rhea-ui/src/test.ts
FNF:0
FNH:0
DA:13,1
DA:18,1
DA:20,1
LF:3
LH:3
BRF:0
BRH:0
end_of_record
TN:
SF:/Users/pavelterenin/workspace/rhea-ui/src/app/app-routing.model.ts
FN:42,(anonymous_0)
FNF:1
FNH:0
FNDA:0,(anonymous_0)
DA:3,1
DA:16,1
DA:24,1
DA:42,1
DA:43,0
DA:45,0
DA:47,0
DA:49,0
LF:8
LH:4
BRDA:44,0,0,0
BRDA:44,0,1,0
BRDA:44,0,2,0
BRF:3
BRH:0
end_of_record
TN:
SF:/Users/pavelterenin/workspace/rhea-ui/src/app/app.component.ts
FN:31,(anonymous_4)
FN:72,AppComponent
FN:98,(anonymous_6)
FN:99,(anonymous_7)
FN:105,(anonymous_8)
FN:107,(anonymous_9)
FN:118,(anonymous_10)
FN:123,(anonymous_11)
FN:126,(anonymous_12)
FN:137,(anonymous_13)
FN:152,(anonymous_14)
FN:156,(anonymous_15)
FN:157,(anonymous_16)
FN:158,(anonymous_17)
FN:164,(anonymous_18)
FN:165,(anonymous_19)
FN:167,(anonymous_20)
FN:190,(anonymous_21)
FN:198,(anonymous_22)
FN:200,(anonymous_23)
FN:212,(anonymous_24)
FN:221,(anonymous_25)
FN:225,(anonymous_26)
FN:237,(anonymous_27)
FN:248,(anonymous_28)
FN:250,(anonymous_29)
FNF:26
FNH:3
FNDA:1,(anonymous_4)
FNDA:1,AppComponent
FNDA:0,(anonymous_6)
FNDA:0,(anonymous_7)
FNDA:0,(anonymous_8)
FNDA:0,(anonymous_9)
FNDA:0,(anonymous_10)
FNDA:0,(anonymous_11)
FNDA:0,(anonymous_12)
FNDA:1,(anonymous_13)
FNDA:0,(anonymous_14)
FNDA:0,(anonymous_15)
FNDA:0,(anonymous_16)
FNDA:0,(anonymous_17)
FNDA:0,(anonymous_18)
FNDA:0,(anonymous_19)
FNDA:0,(anonymous_20)
FNDA:0,(anonymous_21)
FNDA:0,(anonymous_22)
FNDA:0,(anonymous_23)
FNDA:0,(anonymous_24)
FNDA:0,(anonymous_25)
FNDA:0,(anonymous_26)
FNDA:0,(anonymous_27)
FNDA:0,(anonymous_28)
FNDA:0,(anonymous_29)
DA:31,1
DA:72,1
DA:73,1
DA:74,1
DA:75,1
DA:76,1
DA:77,1
DA:78,1
DA:79,1
DA:80,1
DA:81,1
DA:82,1
DA:83,1
DA:84,1
DA:85,1
DA:86,1
DA:87,1
DA:89,1
DA:90,1
DA:91,1
DA:92,1
DA:93,1
DA:94,1
DA:96,1
DA:99,0
DA:100,0
DA:101,0
DA:105,1
DA:106,0
DA:107,0
DA:108,0
DA:112,1
DA:118,1
DA:119,0
DA:120,0
DA:123,1
DA:124,0
DA:127,0
DA:128,0
DA:129,0
DA:131,0
DA:132,0
DA:137,1
DA:138,1
DA:139,1
DA:140,1
DA:143,1
DA:152,1
DA:154,0
DA:156,0
DA:157,0
DA:159,0
DA:160,0
DA:162,0
DA:164,0
DA:165,0
DA:168,0
DA:169,0
DA:170,0
DA:171,0
DA:172,0
DA:173,0
DA:174,0
DA:175,0
DA:176,0
DA:177,0
DA:178,0
DA:180,0
DA:181,0
DA:184,0
DA:185,0
DA:190,1
DA:191,0
DA:192,0
DA:194,0
DA:196,0
DA:197,0
DA:198,0
DA:199,0
DA:201,0
DA:204,0
DA:205,0
DA:208,0
DA:212,1
DA:213,0
DA:214,0
DA:215,0
DA:218,0
DA:221,1
DA:222,0
DA:226,0
DA:227,0
DA:229,0
DA:230,0
DA:231,0
DA:234,0
DA:238,0
DA:239,0
DA:240,0
DA:242,0
DA:248,1
DA:249,0
DA:250,0
DA:252,0
DA:253,0
DA:255,0
DA:258,1
LF:107
LH:39
BRDA:128,0,0,0
BRDA:128,0,1,0
BRDA:131,1,0,0
BRDA:131,1,1,0
BRDA:180,2,0,0
BRDA:180,2,1,0
BRDA:184,3,0,0
BRDA:184,3,1,0
BRDA:191,4,0,0
BRDA:191,4,1,0
BRDA:196,5,0,0
BRDA:196,5,1,0
BRDA:201,6,0,0
BRDA:201,6,1,0
BRDA:204,7,0,0
BRDA:204,7,1,0
BRDA:214,8,0,0
BRDA:214,8,1,0
BRDA:216,9,0,0
BRDA:216,9,1,0
BRDA:229,10,0,0
BRDA:229,10,1,0
BRDA:238,11,0,0
BRDA:238,11,1,0
BRDA:252,12,0,0
BRDA:252,12,1,0
BRF:26
BRH:0
end_of_record
TN:
SF:/Users/pavelterenin/workspace/rhea-ui/src/app/app.constants.ts
FN:79,(anonymous_0)
FNF:1
FNH:1
FNDA:1,(anonymous_0)
DA:2,1
DA:5,1
DA:17,1
DA:22,1
DA:28,1
DA:32,1
DA:47,1
DA:54,1
DA:59,1
DA:72,1
DA:79,1
DA:80,1
DA:81,1
LF:13
LH:13
BRDA:79,0,0,1
BRDA:79,0,1,1
BRF:2
BRH:2
end_of_record
TN:
SF:/Users/pavelterenin/workspace/rhea-ui/src/app/am-integration/am-integration/am-integration.component.ts
FN:13,(anonymous_2)
FN:16,AmintegrationComponent
FN:21,(anonymous_4)
FN:25,(anonymous_5)
FNF:4
FNH:4
FNDA:1,(anonymous_2)
FNDA:1,AmintegrationComponent
FNDA:1,(anonymous_4)
FNDA:1,(anonymous_5)
DA:13,1
DA:17,1
DA:18,1
DA:21,1
DA:22,1
DA:26,1
DA:29,1
LF:7
LH:7
BRF:0
BRH:0
end_of_record
TN:
SF:/Users/pavelterenin/workspace/rhea-ui/src/app/am-integration/am-integration/am-integration.service.ts
FN:20,(anonymous_2)
FN:21,AmIntegrationService
FN:30,(anonymous_4)
FN:60,(anonymous_5)
FN:75,(anonymous_6)
FN:79,(anonymous_7)
FN:83,(anonymous_8)
FN:90,(anonymous_9)
FN:97,(anonymous_10)
FN:104,(anonymous_11)
FN:109,(anonymous_12)
FN:112,(anonymous_13)
FNF:12
FNH:3
FNDA:1,(anonymous_2)
FNDA:1,AmIntegrationService
FNDA:1,(anonymous_4)
FNDA:0,(anonymous_5)
FNDA:0,(anonymous_6)
FNDA:0,(anonymous_7)
FNDA:0,(anonymous_8)
FNDA:0,(anonymous_9)
FNDA:0,(anonymous_10)
FNDA:0,(anonymous_11)
FNDA:0,(anonymous_12)
FNDA:0,(anonymous_13)
DA:20,1
DA:22,1
DA:23,1
DA:24,1
DA:25,1
DA:26,1
DA:27,1
DA:30,1
DA:36,1
DA:38,0
DA:39,0
DA:43,0
DA:44,0
DA:48,0
DA:49,0
DA:52,0
DA:53,0
DA:56,1
DA:60,1
DA:64,0
DA:67,0
DA:74,0
DA:76,0
DA:79,0
DA:83,1
DA:84,0
DA:90,1
DA:91,0
DA:97,1
DA:98,0
DA:104,1
DA:105,0
DA:110,0
DA:112,0
DA:115,1
LF:35
LH:16
BRDA:37,0,0,0
BRDA:37,0,1,0
BRDA:37,0,2,0
BRDA:37,0,3,0
BRDA:37,0,4,1
BRDA:64,1,0,0
BRDA:64,1,1,0
BRF:7
BRH:1
end_of_record
TN:
SF:/Users/pavelterenin/workspace/rhea-ui/src/app/business-processes/business-processes-routing.module.ts
FN:96,(anonymous_1)
FNF:1
FNH:1
FNDA:1,(anonymous_1)
DA:8,1
DA:96,1
LF:2
LH:2
BRF:0
BRH:0
end_of_record
TN:
SF:/Users/pavelterenin/workspace/rhea-ui/src/app/business-processes/business-processes.component.ts
FN:8,(anonymous_1)
FNF:1
FNH:1
FNDA:2,(anonymous_1)
DA:8,1
LF:1
LH:1
BRF:0
BRH:0
end_of_record
TN:
SF:/Users/pavelterenin/workspace/rhea-ui/src/app/business-processes/all-bp/all-business-processes.component.ts
FN:19,(anonymous_2)
FN:24,AllBusinessProcessesComponent
FN:33,(anonymous_4)
FN:35,(anonymous_5)
FN:36,(anonymous_6)
FN:40,(anonymous_7)
FN:44,(anonymous_8)
FN:49,(anonymous_9)
FN:53,(anonymous_10)
FN:56,(anonymous_11)
FN:61,(anonymous_12)
FNF:11
FNH:4
FNDA:1,(anonymous_2)
FNDA:2,AllBusinessProcessesComponent
FNDA:2,(anonymous_4)
FNDA:0,(anonymous_5)
FNDA:0,(anonymous_6)
FNDA:2,(anonymous_7)
FNDA:0,(anonymous_8)
FNDA:0,(anonymous_9)
FNDA:0,(anonymous_10)
FNDA:0,(anonymous_11)
FNDA:0,(anonymous_12)
DA:19,1
DA:21,2
DA:25,2
DA:26,2
DA:27,2
DA:28,2
DA:30,2
DA:33,1
DA:35,1
DA:36,0
DA:37,0
DA:40,2
DA:41,2
DA:42,2
DA:45,0
DA:49,1
DA:50,0
DA:54,0
DA:57,0
DA:58,0
DA:62,0
DA:63,0
DA:64,0
DA:66,0
DA:69,0
DA:73,1
LF:26
LH:14
BRDA:62,0,0,0
BRDA:62,0,1,0
BRDA:63,1,0,0
BRDA:63,1,1,0
BRF:4
BRH:0
end_of_record
TN:
SF:/Users/pavelterenin/workspace/rhea-ui/src/app/business-processes/all-bp/business-processes-list/business-processes-list.component.ts
FN:104,(anonymous_14)
FN:231,BusinessProcessesListComponent
FN:179,(anonymous_16)
FN:256,(anonymous_17)
FN:263,(anonymous_18)
FN:267,(anonymous_19)
FN:282,(anonymous_20)
FN:291,(anonymous_21)
FN:300,(anonymous_22)
FN:303,(anonymous_23)
FN:311,(anonymous_24)
FN:319,(anonymous_25)
FN:321,(anonymous_26)
FN:331,(anonymous_27)
FN:334,(anonymous_28)
FN:336,(anonymous_29)
FN:341,(anonymous_30)
FN:353,(anonymous_31)
FN:365,(anonymous_32)
FN:376,(anonymous_33)
FN:378,(anonymous_34)
FN:390,(anonymous_35)
FN:403,(anonymous_36)
FN:411,(anonymous_37)
FN:421,(anonymous_38)
FN:437,(anonymous_39)
FN:438,(anonymous_40)
FN:447,(anonymous_41)
FN:452,(anonymous_42)
FN:459,(anonymous_43)
FN:464,(anonymous_44)
FN:475,(anonymous_45)
FN:481,(anonymous_46)
FN:489,(anonymous_47)
FN:511,(anonymous_48)
FN:515,(anonymous_49)
FN:524,(anonymous_50)
FN:528,(anonymous_51)
FN:547,(anonymous_52)
FN:555,(anonymous_53)
FN:561,(anonymous_54)
FN:568,(anonymous_55)
FN:578,(anonymous_56)
FN:587,(anonymous_57)
FN:605,(anonymous_58)
FN:614,(anonymous_59)
FN:622,(anonymous_60)
FN:633,(anonymous_61)
FN:652,(anonymous_62)
FN:667,(anonymous_63)
FN:679,(anonymous_64)
FN:685,(anonymous_65)
FN:694,(anonymous_66)
FN:715,(anonymous_67)
FN:739,(anonymous_68)
FN:744,(anonymous_69)
FN:749,(anonymous_70)
FN:757,(anonymous_71)
FN:759,(anonymous_72)
FN:762,(anonymous_73)
FN:774,(anonymous_74)
FN:781,(anonymous_75)
FN:786,(anonymous_76)
FN:799,(anonymous_77)
FN:808,(anonymous_78)
FN:812,(anonymous_79)
FN:816,(anonymous_80)
FN:823,(anonymous_81)
FN:827,(anonymous_82)
FN:831,(anonymous_83)
FN:842,(anonymous_84)
FN:850,(anonymous_85)
FN:866,(anonymous_86)
FN:870,(anonymous_87)
FN:874,(anonymous_88)
FN:891,(anonymous_89)
FN:896,(anonymous_90)
FN:901,(anonymous_91)
FN:908,(anonymous_92)
FN:914,(anonymous_93)
FN:919,(anonymous_94)
FN:924,(anonymous_95)
FN:925,(anonymous_96)
FN:943,(anonymous_97)
FN:950,(anonymous_98)
FN:959,(anonymous_99)
FN:965,(anonymous_100)
FN:978,(anonymous_101)
FN:990,(anonymous_102)
FN:994,(anonymous_103)
FN:1003,(anonymous_104)
FN:1011,(anonymous_105)
FN:1016,(anonymous_106)
FN:1021,(anonymous_107)
FN:1037,(anonymous_108)
FN:1046,(anonymous_109)
FN:1051,(anonymous_110)
FN:1057,(anonymous_111)
FN:1063,(anonymous_112)
FN:1064,(anonymous_113)
FN:1066,(anonymous_114)
FN:1075,(anonymous_115)
FN:1077,(anonymous_116)
FN:1082,(anonymous_117)
FN:1085,(anonymous_118)
FN:1086,(anonymous_119)
FN:1088,(anonymous_120)
FN:1089,(anonymous_121)
FN:1104,(anonymous_122)
FN:1114,(anonymous_123)
FN:1128,(anonymous_124)
FN:1132,(anonymous_125)
FN:1147,(anonymous_126)
FN:1151,(anonymous_127)
FN:1160,(anonymous_128)
FN:1176,(anonymous_129)
FN:1179,(anonymous_130)
FN:1181,(anonymous_131)
FN:1197,(anonymous_132)
FN:1198,(anonymous_133)
FN:1199,(anonymous_134)
FN:1213,(anonymous_135)
FN:1221,(anonymous_136)
FN:1224,(anonymous_137)
FN:1241,(anonymous_138)
FN:1250,(anonymous_139)
FN:1272,(anonymous_140)
FN:1286,(anonymous_141)
FN:1307,(anonymous_144)
FN:1309,(anonymous_145)
FN:1317,(anonymous_146)
FN:1319,(anonymous_147)
FN:1331,(anonymous_148)
FN:1341,(anonymous_149)
FN:1352,(anonymous_150)
FNF:135
FNH:15
FNDA:1,(anonymous_14)
FNDA:3,BusinessProcessesListComponent
FNDA:0,(anonymous_16)
FNDA:2,(anonymous_17)
FNDA:2,(anonymous_18)
FNDA:2,(anonymous_19)
FNDA:0,(anonymous_20)
FNDA:0,(anonymous_21)
FNDA:2,(anonymous_22)
FNDA:0,(anonymous_23)
FNDA:0,(anonymous_24)
FNDA:2,(anonymous_25)
FNDA:2,(anonymous_26)
FNDA:0,(anonymous_27)
FNDA:0,(anonymous_28)
FNDA:0,(anonymous_29)
FNDA:0,(anonymous_30)
FNDA:0,(anonymous_31)
FNDA:0,(anonymous_32)
FNDA:0,(anonymous_33)
FNDA:0,(anonymous_34)
FNDA:0,(anonymous_35)
FNDA:0,(anonymous_36)
FNDA:0,(anonymous_37)
FNDA:0,(anonymous_38)
FNDA:0,(anonymous_39)
FNDA:0,(anonymous_40)
FNDA:0,(anonymous_41)
FNDA:0,(anonymous_42)
FNDA:0,(anonymous_43)
FNDA:0,(anonymous_44)
FNDA:0,(anonymous_45)
FNDA:0,(anonymous_46)
FNDA:2,(anonymous_47)
FNDA:0,(anonymous_48)
FNDA:0,(anonymous_49)
FNDA:2,(anonymous_50)
FNDA:0,(anonymous_51)
FNDA:0,(anonymous_52)
FNDA:0,(anonymous_53)
FNDA:2,(anonymous_54)
FNDA:2,(anonymous_55)
FNDA:0,(anonymous_56)
FNDA:0,(anonymous_57)
FNDA:0,(anonymous_58)
FNDA:0,(anonymous_59)
FNDA:0,(anonymous_60)
FNDA:0,(anonymous_61)
FNDA:0,(anonymous_62)
FNDA:0,(anonymous_63)
FNDA:0,(anonymous_64)
FNDA:0,(anonymous_65)
FNDA:0,(anonymous_66)
FNDA:0,(anonymous_67)
FNDA:0,(anonymous_68)
FNDA:0,(anonymous_69)
FNDA:0,(anonymous_70)
FNDA:0,(anonymous_71)
FNDA:0,(anonymous_72)
FNDA:0,(anonymous_73)
FNDA:0,(anonymous_74)
FNDA:0,(anonymous_75)
FNDA:0,(anonymous_76)
FNDA:0,(anonymous_77)
FNDA:0,(anonymous_78)
FNDA:0,(anonymous_79)
FNDA:0,(anonymous_80)
FNDA:0,(anonymous_81)
FNDA:0,(anonymous_82)
FNDA:0,(anonymous_83)
FNDA:0,(anonymous_84)
FNDA:0,(anonymous_85)
FNDA:0,(anonymous_86)
FNDA:0,(anonymous_87)
FNDA:0,(anonymous_88)
FNDA:0,(anonymous_89)
FNDA:0,(anonymous_90)
FNDA:0,(anonymous_91)
FNDA:0,(anonymous_92)
FNDA:0,(anonymous_93)
FNDA:0,(anonymous_94)
FNDA:0,(anonymous_95)
FNDA:0,(anonymous_96)
FNDA:2,(anonymous_97)
FNDA:0,(anonymous_98)
FNDA:0,(anonymous_99)
FNDA:0,(anonymous_100)
FNDA:0,(anonymous_101)
FNDA:0,(anonymous_102)
FNDA:2,(anonymous_103)
FNDA:0,(anonymous_104)
FNDA:0,(anonymous_105)
FNDA:0,(anonymous_106)
FNDA:0,(anonymous_107)
FNDA:0,(anonymous_108)
FNDA:0,(anonymous_109)
FNDA:0,(anonymous_110)
FNDA:0,(anonymous_111)
FNDA:0,(anonymous_112)
FNDA:0,(anonymous_113)
FNDA:0,(anonymous_114)
FNDA:0,(anonymous_115)
FNDA:0,(anonymous_116)
FNDA:0,(anonymous_117)
FNDA:0,(anonymous_118)
FNDA:0,(anonymous_119)
FNDA:0,(anonymous_120)
FNDA:0,(anonymous_121)
FNDA:0,(anonymous_122)
FNDA:0,(anonymous_123)
FNDA:0,(anonymous_124)
FNDA:0,(anonymous_125)
FNDA:0,(anonymous_126)
FNDA:0,(anonymous_127)
FNDA:0,(anonymous_128)
FNDA:0,(anonymous_129)
FNDA:0,(anonymous_130)
FNDA:0,(anonymous_131)
FNDA:0,(anonymous_132)
FNDA:0,(anonymous_133)
FNDA:0,(anonymous_134)
FNDA:0,(anonymous_135)
FNDA:0,(anonymous_136)
FNDA:0,(anonymous_137)
FNDA:0,(anonymous_138)
FNDA:0,(anonymous_139)
FNDA:0,(anonymous_140)
FNDA:0,(anonymous_141)
FNDA:0,(anonymous_144)
FNDA:0,(anonymous_145)
FNDA:0,(anonymous_146)
FNDA:0,(anonymous_147)
FNDA:0,(anonymous_148)
FNDA:0,(anonymous_149)
FNDA:3,(anonymous_150)
DA:104,1
DA:106,1
DA:107,1
DA:108,1
DA:109,1
DA:112,1
DA:113,1
DA:114,1
DA:117,3
DA:118,3
DA:119,3
DA:122,3
DA:123,3
DA:124,3
DA:125,3
DA:128,3
DA:129,3
DA:131,3
DA:134,3
DA:135,3
DA:136,3
DA:139,3
DA:140,3
DA:149,3
DA:150,3
DA:151,3
DA:152,3
DA:153,3
DA:154,3
DA:155,3
DA:156,3
DA:159,3
DA:160,3
DA:161,3
DA:162,3
DA:167,3
DA:170,3
DA:179,1
DA:180,0
DA:184,3
DA:185,3
DA:186,3
DA:187,3
DA:188,3
DA:195,3
DA:206,3
DA:207,3
DA:210,3
DA:220,3
DA:221,3
DA:222,3
DA:223,3
DA:226,3
DA:229,3
DA:232,3
DA:233,3
DA:234,3
DA:235,3
DA:236,3
DA:237,3
DA:238,3
DA:239,3
DA:240,3
DA:241,3
DA:242,3
DA:243,3
DA:244,3
DA:245,3
DA:246,3
DA:247,3
DA:248,3
DA:249,3
DA:250,3
DA:251,3
DA:253,3
DA:256,1
DA:257,2
DA:258,2
DA:259,2
DA:260,2
DA:263,1
DA:264,2
DA:267,2
DA:268,2
DA:269,0
DA:272,2
DA:274,2
DA:275,2
DA:282,0
DA:283,0
DA:284,0
DA:286,0
DA:287,0
DA:288,0
DA:289,0
DA:292,0
DA:293,0
DA:297,2
DA:300,2
DA:301,2
DA:304,0
DA:305,0
DA:306,0
DA:309,2
DA:312,0
DA:313,0
DA:314,0
DA:315,0
DA:318,2
DA:320,2
DA:321,2
DA:322,2
DA:323,2
DA:324,2
DA:329,2
DA:331,0
DA:334,0
DA:336,0
DA:341,1
DA:342,0
DA:343,0
DA:344,0
DA:349,0
DA:353,1
DA:354,0
DA:355,0
DA:365,1
DA:366,0
DA:369,0
DA:370,0
DA:373,0
DA:376,1
DA:378,0
DA:379,0
DA:390,0
DA:391,0
DA:392,0
DA:397,0
DA:398,0
DA:401,0
DA:403,0
DA:405,0
DA:408,0
DA:411,0
DA:413,0
DA:416,0
DA:419,0
DA:420,0
DA:421,0
DA:424,0
DA:429,0
DA:430,0
DA:433,0
DA:437,1
DA:438,0
DA:439,0
DA:441,0
DA:442,0
DA:447,1
DA:448,0
DA:452,0
DA:459,1
DA:460,0
DA:461,0
DA:464,1
DA:465,0
DA:466,0
DA:469,0
DA:471,0
DA:472,0
DA:476,0
DA:477,0
DA:478,0
DA:479,0
DA:482,0
DA:483,0
DA:484,0
DA:489,1
DA:490,2
DA:491,2
DA:492,2
DA:493,2
DA:494,2
DA:495,2
DA:496,2
DA:497,2
DA:499,2
DA:504,2
DA:511,1
DA:512,0
DA:515,1
DA:516,0
DA:517,0
DA:524,1
DA:525,2
DA:528,1
DA:529,0
DA:531,0
DA:532,0
DA:534,0
DA:538,0
DA:539,0
DA:542,0
DA:547,1
DA:548,0
DA:549,0
DA:551,0
DA:555,1
DA:556,0
DA:557,0
DA:558,0
DA:561,1
DA:563,2
DA:565,2
DA:568,1
DA:569,2
DA:570,0
DA:578,1
DA:579,0
DA:580,0
DA:587,1
DA:588,0
DA:590,0
DA:600,0
DA:601,0
DA:602,0
DA:604,0
DA:606,0
DA:609,0
DA:612,0
DA:622,1
DA:627,0
DA:629,0
DA:631,0
DA:632,0
DA:633,0
DA:639,0
DA:641,0
DA:643,0
DA:650,0
DA:652,0
DA:654,0
DA:655,0
DA:658,0
DA:660,0
DA:662,0
DA:666,0
DA:667,0
DA:673,0
DA:679,1
DA:682,0
DA:686,0
DA:687,0
DA:690,0
DA:691,0
DA:692,0
DA:695,0
DA:696,0
DA:701,0
DA:702,0
DA:706,0
DA:710,0
DA:715,1
DA:719,0
DA:720,0
DA:721,0
DA:724,0
DA:727,0
DA:728,0
DA:732,0
DA:735,0
DA:739,1
DA:742,0
DA:744,0
DA:745,0
DA:749,1
DA:750,0
DA:751,0
DA:752,0
DA:757,1
DA:758,0
DA:760,0
DA:763,0
DA:764,0
DA:769,0
DA:774,1
DA:776,0
DA:781,1
DA:783,0
DA:786,1
DA:787,0
DA:790,0
DA:799,1
DA:800,0
DA:801,0
DA:808,1
DA:809,0
DA:812,1
DA:813,0
DA:816,1
DA:817,0
DA:821,0
DA:823,0
DA:824,0
DA:828,0
DA:829,0
DA:832,0
DA:833,0
DA:842,1
DA:843,0
DA:844,0
DA:846,0
DA:850,1
DA:851,0
DA:853,0
DA:856,0
DA:857,0
DA:859,0
DA:860,0
DA:863,0
DA:866,1
DA:867,0
DA:870,1
DA:871,0
DA:874,1
DA:875,0
DA:880,0
DA:882,0
DA:883,0
DA:884,0
DA:886,0
DA:887,0
DA:888,0
DA:890,0
DA:892,0
DA:893,0
DA:895,0
DA:897,0
DA:898,0
DA:899,0
DA:902,0
DA:903,0
DA:904,0
DA:909,0
DA:914,1
DA:915,0
DA:916,0
DA:919,1
DA:923,0
DA:924,0
DA:925,0
DA:928,0
DA:930,0
DA:931,0
DA:934,0
DA:936,0
DA:937,0
DA:940,0
DA:943,2
DA:944,2
DA:945,0
DA:948,2
DA:951,0
DA:959,1
DA:960,0
DA:961,0
DA:962,0
DA:965,1
DA:966,0
DA:967,0
DA:968,0
DA:969,0
DA:970,0
DA:978,1
DA:979,0
DA:980,0
DA:983,0
DA:984,0
DA:985,0
DA:987,0
DA:990,1
DA:991,0
DA:994,1
DA:996,2
DA:1003,1
DA:1004,0
DA:1005,0
DA:1006,0
DA:1007,0
DA:1008,0
DA:1011,1
DA:1012,0
DA:1013,0
DA:1016,1
DA:1017,0
DA:1018,0
DA:1021,0
DA:1022,0
DA:1023,0
DA:1028,0
DA:1031,0
DA:1032,0
DA:1037,1
DA:1039,0
DA:1046,1
DA:1047,0
DA:1051,0
DA:1052,0
DA:1053,0
DA:1055,0
DA:1058,0
DA:1063,1
DA:1064,0
DA:1065,0
DA:1066,0
DA:1067,0
DA:1071,0
DA:1075,1
DA:1076,0
DA:1077,0
DA:1082,0
DA:1085,1
DA:1086,0
DA:1087,0
DA:1088,0
DA:1089,0
DA:1090,0
DA:1100,0
DA:1104,1
DA:1105,0
DA:1107,0
DA:1111,0
DA:1115,0
DA:1117,0
DA:1122,0
DA:1129,0
DA:1130,0
DA:1133,0
DA:1134,0
DA:1135,0
DA:1138,0
DA:1139,0
DA:1144,0
DA:1148,0
DA:1149,0
DA:1152,0
DA:1153,0
DA:1154,0
DA:1160,1
DA:1161,0
DA:1166,0
DA:1167,0
DA:1173,0
DA:1176,1
DA:1177,0
DA:1179,0
DA:1180,0
DA:1181,0
DA:1182,0
DA:1183,0
DA:1184,0
DA:1188,0
DA:1189,0
DA:1190,0
DA:1194,0
DA:1197,1
DA:1198,0
DA:1199,0
DA:1201,0
DA:1202,0
DA:1206,0
DA:1213,1
DA:1214,0
DA:1215,0
DA:1218,0
DA:1222,0
DA:1225,0
DA:1226,0
DA:1228,0
DA:1229,0
DA:1231,0
DA:1241,1
DA:1242,0
DA:1243,0
DA:1246,0
DA:1247,0
DA:1251,0
DA:1253,0
DA:1254,0
DA:1257,0
DA:1258,0
DA:1261,0
DA:1262,0
DA:1265,0
DA:1266,0
DA:1269,0
DA:1270,0
DA:1273,0
DA:1274,0
DA:1277,0
DA:1286,1
DA:1293,0
DA:1294,0
DA:1296,0
DA:1297,0
DA:1300,0
DA:1301,0
DA:1304,0
DA:1307,1
DA:1308,0
DA:1309,0
DA:1310,0
DA:1311,0
DA:1317,1
DA:1318,0
DA:1319,0
DA:1320,0
DA:1321,0
DA:1331,1
DA:1332,0
DA:1333,0
DA:1334,0
DA:1337,0
DA:1338,0
DA:1341,1
DA:1343,0
DA:1352,1
DA:1353,1
LF:528
LH:180
BRDA:268,0,0,0
BRDA:268,0,1,2
BRDA:320,1,0,2
BRDA:320,1,1,0
BRDA:344,2,0,0
BRDA:344,2,1,0
BRDA:345,3,0,0
BRDA:345,3,1,0
BRDA:345,3,2,0
BRDA:369,4,0,0
BRDA:369,4,1,0
BRDA:391,5,0,0
BRDA:391,5,1,0
BRDA:441,6,0,0
BRDA:441,6,1,0
BRDA:465,7,0,0
BRDA:465,7,1,0
BRDA:491,8,0,2
BRDA:491,8,1,2
BRDA:496,9,0,2
BRDA:496,9,1,2
BRDA:501,10,0,0
BRDA:501,10,1,2
BRDA:500,11,0,2
BRDA:500,11,1,0
BRDA:531,12,0,0
BRDA:531,12,1,0
BRDA:532,13,0,0
BRDA:532,13,1,0
BRDA:535,14,0,0
BRDA:535,14,1,0
BRDA:534,15,0,0
BRDA:534,15,1,0
BRDA:548,16,0,0
BRDA:548,16,1,0
BRDA:548,17,0,0
BRDA:548,17,1,0
BRDA:563,18,0,2
BRDA:563,18,1,0
BRDA:563,18,2,0
BRDA:565,19,0,2
BRDA:565,19,1,2
BRDA:569,20,0,0
BRDA:569,20,1,2
BRDA:569,21,0,2
BRDA:569,21,1,0
BRDA:600,22,0,0
BRDA:600,22,1,0
BRDA:627,23,0,0
BRDA:627,23,1,0
BRDA:631,24,0,0
BRDA:631,24,1,0
BRDA:654,25,0,0
BRDA:654,25,1,0
BRDA:658,26,0,0
BRDA:658,26,1,0
BRDA:663,27,0,0
BRDA:663,27,1,0
BRDA:686,28,0,0
BRDA:686,28,1,0
BRDA:695,29,0,0
BRDA:695,29,1,0
BRDA:719,30,0,0
BRDA:719,30,1,0
BRDA:727,31,0,0
BRDA:727,31,1,0
BRDA:766,32,0,0
BRDA:766,32,1,0
BRDA:777,33,0,0
BRDA:777,33,1,0
BRDA:783,34,0,0
BRDA:783,34,1,0
BRDA:791,35,0,0
BRDA:791,35,1,0
BRDA:843,36,0,0
BRDA:843,36,1,0
BRDA:851,37,0,0
BRDA:851,37,1,0
BRDA:859,38,0,0
BRDA:859,38,1,0
BRDA:874,39,0,0
BRDA:874,39,1,0
BRDA:928,40,0,0
BRDA:928,40,1,0
BRDA:934,41,0,0
BRDA:934,41,1,0
BRDA:944,42,0,0
BRDA:944,42,1,2
BRDA:966,43,0,0
BRDA:966,43,1,0
BRDA:979,44,0,0
BRDA:979,44,1,0
BRDA:979,45,0,0
BRDA:979,45,1,0
BRDA:1017,46,0,0
BRDA:1017,46,1,0
BRDA:1017,47,0,0
BRDA:1017,47,1,0
BRDA:1022,48,0,0
BRDA:1022,48,1,0
BRDA:1028,49,0,0
BRDA:1028,49,1,0
BRDA:1031,50,0,0
BRDA:1031,50,1,0
BRDA:1031,51,0,0
BRDA:1031,51,1,0
BRDA:1039,52,0,0
BRDA:1039,52,1,0
BRDA:1065,53,0,0
BRDA:1065,53,1,0
BRDA:1066,54,0,0
BRDA:1066,54,1,0
BRDA:1082,55,0,0
BRDA:1082,55,1,0
BRDA:1107,56,0,0
BRDA:1107,56,1,0
BRDA:1108,57,0,0
BRDA:1108,57,1,0
BRDA:1138,58,0,0
BRDA:1138,58,1,0
BRDA:1166,59,0,0
BRDA:1166,59,1,0
BRDA:1166,60,0,0
BRDA:1166,60,1,0
BRDA:1182,61,0,0
BRDA:1182,61,1,0
BRDA:1188,62,0,0
BRDA:1188,62,1,0
BRDA:1201,63,0,0
BRDA:1201,63,1,0
BRDA:1214,64,0,0
BRDA:1214,64,1,0
BRDA:1229,65,0,0
BRDA:1229,65,1,0
BRDA:1242,66,0,0
BRDA:1242,66,1,0
BRDA:1253,67,0,0
BRDA:1253,67,1,0
BRDA:1257,68,0,0
BRDA:1257,68,1,0
BRDA:1261,69,0,0
BRDA:1261,69,1,0
BRDA:1265,70,0,0
BRDA:1265,70,1,0
BRDA:1296,71,0,0
BRDA:1296,71,1,0
BRDA:1300,72,0,0
BRDA:1300,72,1,0
BRDA:1308,73,0,0
BRDA:1308,73,1,0
BRDA:1310,74,0,0
BRDA:1310,74,1,0
BRDA:1318,75,0,0
BRDA:1318,75,1,0
BRDA:1320,76,0,0
BRDA:1320,76,1,0
BRDA:1333,77,0,0
BRDA:1333,77,1,0
BRF:158
BRH:14
end_of_record
TN:
SF:/Users/pavelterenin/workspace/rhea-ui/src/app/business-processes/all-bp/business-processes-list/business-processes-list.module.ts
FN:88,(anonymous_1)
FNF:1
FNH:1
FNDA:3,(anonymous_1)
DA:88,1
LF:1
LH:1
BRF:0
BRH:0
end_of_record
TN:
SF:/Users/pavelterenin/workspace/rhea-ui/src/app/business-processes/business-process-wizard/business-process-wizard.component.ts
FN:9,(anonymous_14)
FN:10,BusinessProcessWizardComponent
FN:12,(anonymous_16)
FN:16,(anonymous_19)
FN:20,(anonymous_20)
FN:25,(anonymous_21)
FNF:6
FNH:6
FNDA:1,(anonymous_14)
FNDA:1,BusinessProcessWizardComponent
FNDA:1,(anonymous_16)
FNDA:1,(anonymous_19)
FNDA:1,(anonymous_20)
FNDA:1,(anonymous_21)
DA:9,1
DA:12,1
DA:13,1
DA:16,1
DA:17,1
DA:20,1
DA:21,1
DA:22,1
DA:25,1
DA:26,1
DA:27,1
DA:29,1
LF:12
LH:12
BRF:0
BRH:0
end_of_record
TN:
SF:/Users/pavelterenin/workspace/rhea-ui/src/app/business-processes/business-process-wizard/business-process-wizard.service.ts
FN:7,(anonymous_2)
FN:10,BusinessProcessWizardService
FNF:2
FNH:2
FNDA:1,(anonymous_2)
FNDA:31,BusinessProcessWizardService
DA:7,1
DA:11,31
DA:13,1
LF:3
LH:3
BRF:0
BRH:0
end_of_record
TN:
SF:/Users/pavelterenin/workspace/rhea-ui/src/app/business-processes/business-process-wizard/build-data-flow/build-data-flow.component.ts
FN:59,(anonymous_14)
FN:126,BuildDataFlowNewUiComponent
FN:139,(anonymous_16)
FN:166,(anonymous_17)
FN:173,(anonymous_18)
FN:177,(anonymous_19)
FN:180,(anonymous_20)
FN:185,(anonymous_21)
FN:189,(anonymous_22)
FN:193,(anonymous_23)
FN:201,(anonymous_24)
FN:208,(anonymous_25)
FN:214,(anonymous_26)
FN:217,(anonymous_27)
FN:222,(anonymous_28)
FN:223,(anonymous_29)
FN:233,(anonymous_30)
FN:239,(anonymous_31)
FN:246,(anonymous_32)
FN:253,(anonymous_33)
FN:257,(anonymous_34)
FN:263,(anonymous_35)
FN:290,(anonymous_36)
FN:297,(anonymous_37)
FN:298,(anonymous_38)
FN:301,(anonymous_39)
FN:314,(anonymous_42)
FN:319,(anonymous_43)
FN:349,(anonymous_44)
FN:354,(anonymous_45)
FN:363,(anonymous_46)
FN:369,(anonymous_47)
FN:377,(anonymous_48)
FN:383,(anonymous_49)
FN:392,(anonymous_50)
FN:400,(anonymous_51)
FN:406,(anonymous_52)
FN:415,(anonymous_53)
FN:423,(anonymous_54)
FN:429,(anonymous_55)
FN:435,(anonymous_56)
FN:455,(anonymous_57)
FN:461,(anonymous_58)
FN:471,(anonymous_59)
FN:489,(anonymous_62)
FN:495,(anonymous_63)
FN:505,(anonymous_64)
FN:513,(anonymous_65)
FN:527,(anonymous_66)
FN:538,(anonymous_67)
FN:547,(anonymous_68)
FN:558,(anonymous_69)
FN:563,(anonymous_70)
FN:570,(anonymous_71)
FN:571,(anonymous_72)
FN:572,(anonymous_73)
FN:579,(anonymous_74)
FN:590,(anonymous_75)
FN:595,(anonymous_76)
FN:602,(anonymous_77)
FN:618,(anonymous_78)
FN:642,(anonymous_81)
FN:646,(anonymous_82)
FN:654,(anonymous_83)
FN:654,(anonymous_84)
FN:668,(anonymous_86)
FN:676,(anonymous_87)
FN:676,(anonymous_88)
FN:690,(anonymous_90)
FN:706,(anonymous_91)
FN:718,(anonymous_92)
FN:736,(anonymous_93)
FN:741,(anonymous_94)
FN:762,(anonymous_95)
FN:763,(anonymous_96)
FN:774,(anonymous_97)
FN:790,(anonymous_98)
FN:792,(anonymous_99)
FN:798,(anonymous_100)
FN:815,(anonymous_101)
FN:817,(anonymous_102)
FN:823,(anonymous_103)
FN:836,(anonymous_104)
FN:846,(anonymous_105)
FN:851,(anonymous_106)
FN:870,(anonymous_107)
FN:872,(anonymous_108)
FN:874,(anonymous_109)
FN:884,(anonymous_110)
FN:900,(anonymous_111)
FN:911,(anonymous_112)
FN:913,(anonymous_113)
FN:920,(anonymous_114)
FN:928,(anonymous_115)
FN:938,(anonymous_116)
FN:950,(anonymous_117)
FN:962,(anonymous_118)
FNF:97
FNH:13
FNDA:1,(anonymous_14)
FNDA:1,BuildDataFlowNewUiComponent
FNDA:1,(anonymous_16)
FNDA:1,(anonymous_17)
FNDA:1,(anonymous_18)
FNDA:0,(anonymous_19)
FNDA:0,(anonymous_20)
FNDA:0,(anonymous_21)
FNDA:0,(anonymous_22)
FNDA:0,(anonymous_23)
FNDA:0,(anonymous_24)
FNDA:0,(anonymous_25)
FNDA:1,(anonymous_26)
FNDA:0,(anonymous_27)
FNDA:0,(anonymous_28)
FNDA:0,(anonymous_29)
FNDA:1,(anonymous_30)
FNDA:1,(anonymous_31)
FNDA:0,(anonymous_32)
FNDA:0,(anonymous_33)
FNDA:0,(anonymous_34)
FNDA:1,(anonymous_35)
FNDA:5,(anonymous_36)
FNDA:0,(anonymous_37)
FNDA:0,(anonymous_38)
FNDA:0,(anonymous_39)
FNDA:0,(anonymous_42)
FNDA:0,(anonymous_43)
FNDA:0,(anonymous_44)
FNDA:0,(anonymous_45)
FNDA:0,(anonymous_46)
FNDA:0,(anonymous_47)
FNDA:0,(anonymous_48)
FNDA:0,(anonymous_49)
FNDA:0,(anonymous_50)
FNDA:0,(anonymous_51)
FNDA:0,(anonymous_52)
FNDA:0,(anonymous_53)
FNDA:0,(anonymous_54)
FNDA:0,(anonymous_55)
FNDA:0,(anonymous_56)
FNDA:0,(anonymous_57)
FNDA:0,(anonymous_58)
FNDA:1,(anonymous_59)
FNDA:0,(anonymous_62)
FNDA:0,(anonymous_63)
FNDA:0,(anonymous_64)
FNDA:0,(anonymous_65)
FNDA:0,(anonymous_66)
FNDA:0,(anonymous_67)
FNDA:0,(anonymous_68)
FNDA:0,(anonymous_69)
FNDA:0,(anonymous_70)
FNDA:0,(anonymous_71)
FNDA:0,(anonymous_72)
FNDA:0,(anonymous_73)
FNDA:0,(anonymous_74)
FNDA:0,(anonymous_75)
FNDA:0,(anonymous_76)
FNDA:0,(anonymous_77)
FNDA:0,(anonymous_78)
FNDA:0,(anonymous_81)
FNDA:0,(anonymous_82)
FNDA:0,(anonymous_83)
FNDA:0,(anonymous_84)
FNDA:0,(anonymous_86)
FNDA:0,(anonymous_87)
FNDA:0,(anonymous_88)
FNDA:0,(anonymous_90)
FNDA:0,(anonymous_91)
FNDA:0,(anonymous_92)
FNDA:0,(anonymous_93)
FNDA:0,(anonymous_94)
FNDA:0,(anonymous_95)
FNDA:0,(anonymous_96)
FNDA:0,(anonymous_97)
FNDA:0,(anonymous_98)
FNDA:0,(anonymous_99)
FNDA:0,(anonymous_100)
FNDA:1,(anonymous_101)
FNDA:0,(anonymous_102)
FNDA:0,(anonymous_103)
FNDA:0,(anonymous_104)
FNDA:0,(anonymous_105)
FNDA:0,(anonymous_106)
FNDA:0,(anonymous_107)
FNDA:0,(anonymous_108)
FNDA:0,(anonymous_109)
FNDA:0,(anonymous_110)
FNDA:0,(anonymous_111)
FNDA:0,(anonymous_112)
FNDA:0,(anonymous_113)
FNDA:0,(anonymous_114)
FNDA:0,(anonymous_115)
FNDA:0,(anonymous_116)
FNDA:0,(anonymous_117)
FNDA:1,(anonymous_118)
DA:59,1
DA:61,1
DA:63,1
DA:64,1
DA:73,1
DA:74,1
DA:77,1
DA:109,1
DA:110,1
DA:126,1
DA:127,1
DA:128,1
DA:129,1
DA:130,1
DA:131,1
DA:132,1
DA:133,1
DA:134,1
DA:136,1
DA:137,1
DA:138,1
DA:139,1
DA:140,1
DA:144,1
DA:162,1
DA:163,1
DA:166,1
DA:167,1
DA:168,1
DA:169,1
DA:170,1
DA:173,1
DA:177,1
DA:178,0
DA:179,0
DA:181,0
DA:182,0
DA:185,0
DA:189,1
DA:190,0
DA:193,1
DA:194,0
DA:195,0
DA:197,0
DA:201,1
DA:202,0
DA:203,0
DA:205,0
DA:206,0
DA:209,0
DA:214,1
DA:215,1
DA:216,1
DA:217,0
DA:218,0
DA:222,1
DA:223,0
DA:225,0
DA:226,0
DA:227,0
DA:229,0
DA:233,1
DA:234,1
DA:235,1
DA:236,1
DA:239,1
DA:240,1
DA:242,1
DA:243,1
DA:247,0
DA:251,0
DA:252,0
DA:253,0
DA:255,0
DA:258,0
DA:263,1
DA:264,1
DA:290,1
DA:293,10
DA:294,10
DA:296,5
DA:297,0
DA:298,0
DA:301,1
DA:302,0
DA:303,0
DA:305,0
DA:306,0
DA:307,0
DA:309,0
DA:310,0
DA:314,1
DA:315,0
DA:316,0
DA:319,1
DA:324,0
DA:325,0
DA:327,0
DA:328,0
DA:330,0
DA:334,0
DA:336,0
DA:340,0
DA:342,0
DA:343,0
DA:345,0
DA:349,1
DA:350,0
DA:351,0
DA:354,1
DA:355,0
DA:363,1
DA:364,0
DA:365,0
DA:366,0
DA:370,0
DA:375,0
DA:378,0
DA:383,1
DA:387,0
DA:388,0
DA:389,0
DA:393,0
DA:398,0
DA:401,0
DA:406,1
DA:410,0
DA:411,0
DA:412,0
DA:416,0
DA:421,0
DA:424,0
DA:429,1
DA:430,0
DA:431,0
DA:432,0
DA:437,0
DA:440,0
DA:453,0
DA:456,0
DA:461,1
DA:462,0
DA:463,0
DA:464,0
DA:466,0
DA:467,0
DA:471,1
DA:472,1
DA:475,2
DA:476,0
DA:479,1
DA:483,0
DA:485,0
DA:489,1
DA:490,0
DA:491,0
DA:492,0
DA:495,1
DA:496,0
DA:497,0
DA:498,0
DA:499,0
DA:501,0
DA:505,1
DA:506,0
DA:510,0
DA:513,1
DA:514,0
DA:516,0
DA:517,0
DA:518,0
DA:519,0
DA:521,0
DA:523,0
DA:524,0
DA:527,1
DA:528,0
DA:530,0
DA:538,1
DA:539,0
DA:540,0
DA:542,0
DA:544,0
DA:547,1
DA:548,0
DA:550,0
DA:552,0
DA:559,0
DA:560,0
DA:561,0
DA:564,0
DA:565,0
DA:570,1
DA:571,0
DA:572,0
DA:573,0
DA:576,0
DA:579,1
DA:580,0
DA:582,0
DA:584,0
DA:591,0
DA:592,0
DA:593,0
DA:596,0
DA:597,0
DA:602,1
DA:603,0
DA:604,0
DA:606,0
DA:607,0
DA:609,0
DA:612,0
DA:613,0
DA:614,0
DA:618,1
DA:619,0
DA:620,0
DA:621,0
DA:623,0
DA:624,0
DA:626,0
DA:627,0
DA:629,0
DA:630,0
DA:631,0
DA:632,0
DA:635,0
DA:636,0
DA:637,0
DA:638,0
DA:642,1
DA:643,0
DA:646,1
DA:647,0
DA:648,0
DA:654,0
DA:655,0
DA:656,0
DA:657,0
DA:658,0
DA:660,0
DA:661,0
DA:664,0
DA:668,1
DA:669,0
DA:670,0
DA:676,0
DA:677,0
DA:678,0
DA:679,0
DA:680,0
DA:682,0
DA:683,0
DA:686,0
DA:690,1
DA:691,0
DA:692,0
DA:698,0
DA:699,0
DA:700,0
DA:701,0
DA:703,0
DA:706,1
DA:707,0
DA:712,0
DA:713,0
DA:714,0
DA:715,0
DA:718,1
DA:719,0
DA:724,0
DA:729,0
DA:730,0
DA:732,0
DA:736,1
DA:737,0
DA:738,0
DA:741,1
DA:742,0
DA:744,0
DA:745,0
DA:753,0
DA:759,0
DA:762,1
DA:763,0
DA:764,0
DA:765,0
DA:769,0
DA:770,0
DA:771,0
DA:774,1
DA:778,0
DA:781,0
DA:782,0
DA:783,0
DA:784,0
DA:789,0
DA:791,0
DA:792,0
DA:798,1
DA:799,0
DA:800,0
DA:803,0
DA:804,0
DA:810,0
DA:811,0
DA:815,1
DA:816,1
DA:818,0
DA:823,1
DA:824,0
DA:825,0
DA:826,0
DA:827,0
DA:828,0
DA:830,0
DA:832,0
DA:835,0
DA:836,0
DA:840,0
DA:842,0
DA:845,0
DA:846,0
DA:850,0
DA:851,0
DA:852,0
DA:853,0
DA:860,0
DA:861,0
DA:863,0
DA:865,0
DA:867,0
DA:870,1
DA:871,0
DA:872,0
DA:873,0
DA:874,0
DA:876,0
DA:877,0
DA:881,0
DA:884,1
DA:886,0
DA:888,0
DA:890,0
DA:892,0
DA:894,0
DA:896,0
DA:897,0
DA:900,1
DA:905,0
DA:911,0
DA:912,0
DA:914,0
DA:915,0
DA:919,0
DA:921,0
DA:922,0
DA:926,0
DA:927,0
DA:929,0
DA:930,0
DA:937,0
DA:939,0
DA:940,0
DA:947,0
DA:950,1
DA:951,0
DA:952,0
DA:956,0
DA:962,1
DA:963,1
LF:372
LH:99
BRDA:181,0,0,0
BRDA:181,0,1,0
BRDA:194,1,0,0
BRDA:194,1,1,0
BRDA:202,2,0,0
BRDA:202,2,1,0
BRDA:202,3,0,0
BRDA:202,3,1,0
BRDA:216,4,0,0
BRDA:216,4,1,1
BRDA:225,5,0,0
BRDA:225,5,1,0
BRDA:248,6,0,0
BRDA:248,6,1,0
BRDA:248,6,2,0
BRDA:265,7,0,1
BRDA:265,7,1,0
BRDA:293,8,0,5
BRDA:293,8,1,0
BRDA:294,9,0,5
BRDA:294,9,1,0
BRDA:302,10,0,0
BRDA:302,10,1,0
BRDA:306,11,0,0
BRDA:306,11,1,0
BRDA:309,12,0,0
BRDA:309,12,1,0
BRDA:326,13,0,0
BRDA:326,13,1,0
BRDA:326,13,2,0
BRDA:326,13,3,0
BRDA:326,13,4,0
BRDA:437,14,0,0
BRDA:437,14,1,0
BRDA:444,15,0,0
BRDA:444,15,1,0
BRDA:463,16,0,0
BRDA:463,16,1,0
BRDA:475,17,0,1
BRDA:475,17,1,0
BRDA:475,18,0,1
BRDA:475,18,1,1
BRDA:497,19,0,0
BRDA:497,19,1,0
BRDA:513,20,0,0
BRDA:513,20,1,0
BRDA:539,21,0,0
BRDA:539,21,1,0
BRDA:602,22,0,0
BRDA:602,22,1,0
BRDA:603,23,0,0
BRDA:603,23,1,0
BRDA:603,24,0,0
BRDA:603,24,1,0
BRDA:606,25,0,0
BRDA:606,25,1,0
BRDA:612,26,0,0
BRDA:612,26,1,0
BRDA:618,27,0,0
BRDA:618,27,1,0
BRDA:619,28,0,0
BRDA:619,28,1,0
BRDA:623,29,0,0
BRDA:623,29,1,0
BRDA:626,30,0,0
BRDA:626,30,1,0
BRDA:626,31,0,0
BRDA:626,31,1,0
BRDA:629,32,0,0
BRDA:629,32,1,0
BRDA:629,33,0,0
BRDA:629,33,1,0
BRDA:635,34,0,0
BRDA:635,34,1,0
BRDA:660,35,0,0
BRDA:660,35,1,0
BRDA:682,36,0,0
BRDA:682,36,1,0
BRDA:700,37,0,0
BRDA:700,37,1,0
BRDA:700,38,0,0
BRDA:700,38,1,0
BRDA:708,39,0,0
BRDA:708,39,1,0
BRDA:729,40,0,0
BRDA:729,40,1,0
BRDA:729,41,0,0
BRDA:729,41,1,0
BRDA:764,42,0,0
BRDA:764,42,1,0
BRDA:778,43,0,0
BRDA:778,43,1,0
BRDA:781,44,0,0
BRDA:781,44,1,0
BRDA:783,45,0,0
BRDA:783,45,1,0
BRDA:799,46,0,0
BRDA:799,46,1,0
BRDA:803,47,0,0
BRDA:803,47,1,0
BRDA:803,48,0,0
BRDA:803,48,1,0
BRDA:810,49,0,0
BRDA:810,49,1,0
BRDA:810,50,0,0
BRDA:810,50,1,0
BRDA:826,51,0,0
BRDA:826,51,1,0
BRDA:830,52,0,0
BRDA:830,52,1,0
BRDA:833,53,0,0
BRDA:833,53,1,0
BRDA:840,54,0,0
BRDA:840,54,1,0
BRDA:843,55,0,0
BRDA:843,55,1,0
BRDA:850,56,0,0
BRDA:850,56,1,0
BRDA:852,57,0,0
BRDA:852,57,1,0
BRDA:855,58,0,0
BRDA:855,58,1,0
BRDA:876,59,0,0
BRDA:876,59,1,0
BRDA:914,60,0,0
BRDA:914,60,1,0
BRDA:921,61,0,0
BRDA:921,61,1,0
BRDA:926,62,0,0
BRDA:926,62,1,0
BRDA:929,63,0,0
BRDA:929,63,1,0
BRDA:939,64,0,0
BRDA:939,64,1,0
BRDA:951,65,0,0
BRDA:951,65,1,0
BRF:136
BRH:7
end_of_record
TN:
SF:/Users/pavelterenin/workspace/rhea-ui/src/app/business-processes/business-process-wizard/build-data-flow/data-flow-chart-modal-details/data-flow-chart-modal-details.component.ts
FN:56,(anonymous_16)
FN:116,DataFlowChartModalDetailsComponent
FN:125,(anonymous_18)
FN:140,(anonymous_19)
FN:144,(anonymous_20)
FN:149,(anonymous_21)
FN:151,(anonymous_22)
FN:156,(anonymous_23)
FN:163,(anonymous_24)
FN:167,(anonymous_25)
FN:174,(anonymous_26)
FN:185,(anonymous_27)
FN:186,(anonymous_28)
FN:191,(anonymous_29)
FN:203,(anonymous_30)
FN:204,(anonymous_31)
FN:207,(anonymous_32)
FN:218,(anonymous_35)
FN:252,(anonymous_36)
FN:259,(anonymous_37)
FN:269,(anonymous_38)
FN:275,(anonymous_39)
FN:282,(anonymous_40)
FN:286,(anonymous_41)
FN:292,(anonymous_42)
FN:295,(anonymous_43)
FN:298,(anonymous_44)
FN:319,(anonymous_45)
FN:326,(anonymous_46)
FN:330,(anonymous_47)
FN:331,(anonymous_48)
FN:333,(anonymous_49)
FN:344,(anonymous_50)
FN:351,(anonymous_51)
FN:358,(anonymous_52)
FN:370,(anonymous_53)
FN:381,(anonymous_54)
FN:387,(anonymous_55)
FN:430,(anonymous_56)
FN:438,(anonymous_57)
FN:452,(anonymous_58)
FN:470,(anonymous_59)
FN:481,(anonymous_60)
FN:486,(anonymous_61)
FN:489,(anonymous_62)
FN:494,(anonymous_63)
FN:497,(anonymous_64)
FN:505,(anonymous_65)
FN:523,(anonymous_66)
FN:525,(anonymous_67)
FN:526,(anonymous_68)
FN:539,(anonymous_69)
FNF:52
FNH:5
FNDA:1,(anonymous_16)
FNDA:1,DataFlowChartModalDetailsComponent
FNDA:1,(anonymous_18)
FNDA:1,(anonymous_19)
FNDA:0,(anonymous_20)
FNDA:1,(anonymous_21)
FNDA:0,(anonymous_22)
FNDA:0,(anonymous_23)
FNDA:0,(anonymous_24)
FNDA:0,(anonymous_25)
FNDA:0,(anonymous_26)
FNDA:0,(anonymous_27)
FNDA:0,(anonymous_28)
FNDA:0,(anonymous_29)
FNDA:0,(anonymous_30)
FNDA:0,(anonymous_31)
FNDA:0,(anonymous_32)
FNDA:0,(anonymous_35)
FNDA:0,(anonymous_36)
FNDA:0,(anonymous_37)
FNDA:0,(anonymous_38)
FNDA:0,(anonymous_39)
FNDA:0,(anonymous_40)
FNDA:0,(anonymous_41)
FNDA:0,(anonymous_42)
FNDA:0,(anonymous_43)
FNDA:0,(anonymous_44)
FNDA:0,(anonymous_45)
FNDA:0,(anonymous_46)
FNDA:0,(anonymous_47)
FNDA:0,(anonymous_48)
FNDA:0,(anonymous_49)
FNDA:0,(anonymous_50)
FNDA:0,(anonymous_51)
FNDA:0,(anonymous_52)
FNDA:0,(anonymous_53)
FNDA:0,(anonymous_54)
FNDA:0,(anonymous_55)
FNDA:0,(anonymous_56)
FNDA:0,(anonymous_57)
FNDA:0,(anonymous_58)
FNDA:0,(anonymous_59)
FNDA:0,(anonymous_60)
FNDA:0,(anonymous_61)
FNDA:0,(anonymous_62)
FNDA:0,(anonymous_63)
FNDA:0,(anonymous_64)
FNDA:0,(anonymous_65)
FNDA:0,(anonymous_66)
FNDA:0,(anonymous_67)
FNDA:0,(anonymous_68)
FNDA:0,(anonymous_69)
DA:56,1
DA:57,1
DA:58,1
DA:59,1
DA:63,1
DA:64,1
DA:65,1
DA:68,1
DA:69,1
DA:70,1
DA:73,1
DA:81,1
DA:82,1
DA:83,1
DA:84,1
DA:85,1
DA:93,1
DA:94,1
DA:95,1
DA:97,1
DA:98,1
DA:99,1
DA:101,1
DA:102,1
DA:103,1
DA:106,1
DA:108,1
DA:110,1
DA:112,1
DA:114,1
DA:117,1
DA:118,1
DA:119,1
DA:120,1
DA:121,1
DA:122,1
DA:125,1
DA:126,1
DA:127,1
DA:133,1
DA:134,0
DA:136,1
DA:140,1
DA:141,1
DA:144,1
DA:145,0
DA:146,0
DA:149,1
DA:150,1
DA:152,0
DA:155,1
DA:157,0
DA:158,0
DA:163,1
DA:164,0
DA:165,0
DA:166,0
DA:167,0
DA:168,0
DA:169,0
DA:170,0
DA:172,0
DA:173,0
DA:174,0
DA:175,0
DA:176,0
DA:177,0
DA:182,0
DA:185,1
DA:186,0
DA:187,0
DA:191,1
DA:192,0
DA:193,0
DA:194,0
DA:195,0
DA:197,0
DA:198,0
DA:203,1
DA:204,0
DA:207,1
DA:208,0
DA:214,0
DA:215,0
DA:218,1
DA:219,0
DA:220,0
DA:225,0
DA:231,0
DA:232,0
DA:233,0
DA:236,0
DA:237,0
DA:238,0
DA:240,0
DA:241,0
DA:242,0
DA:244,0
DA:245,0
DA:252,1
DA:253,0
DA:259,1
DA:260,0
DA:261,0
DA:263,0
DA:269,1
DA:270,0
DA:271,0
DA:272,0
DA:274,0
DA:275,0
DA:277,0
DA:282,1
DA:283,0
DA:286,1
DA:291,0
DA:292,0
DA:293,0
DA:296,0
DA:297,0
DA:298,0
DA:300,0
DA:301,0
DA:303,0
DA:306,0
DA:308,0
DA:313,0
DA:319,1
DA:324,0
DA:325,0
DA:326,0
DA:328,0
DA:330,0
DA:331,0
DA:332,0
DA:334,0
DA:335,0
DA:337,0
DA:344,1
DA:349,0
DA:352,0
DA:353,0
DA:358,1
DA:359,0
DA:360,0
DA:366,0
DA:370,0
DA:371,0
DA:372,0
DA:373,0
DA:374,0
DA:377,0
DA:381,1
DA:382,0
DA:383,0
DA:387,1
DA:388,0
DA:389,0
DA:390,0
DA:394,0
DA:395,0
DA:396,0
DA:400,0
DA:401,0
DA:402,0
DA:407,0
DA:413,0
DA:419,0
DA:425,0
DA:427,0
DA:430,1
DA:431,0
DA:437,0
DA:439,0
DA:452,1
DA:453,0
DA:458,0
DA:463,0
DA:470,1
DA:471,0
DA:472,0
DA:473,0
DA:474,0
DA:481,1
DA:484,0
DA:486,0
DA:489,1
DA:492,0
DA:494,0
DA:497,1
DA:498,0
DA:499,0
DA:506,0
DA:512,0
DA:513,0
DA:515,0
DA:516,0
DA:518,0
DA:519,0
DA:523,1
DA:524,0
DA:525,0
DA:526,0
DA:528,0
DA:529,0
DA:531,0
DA:532,0
DA:534,0
DA:535,0
DA:539,1
DA:540,0
DA:541,0
DA:543,0
DA:544,0
DA:546,0
DA:547,0
DA:550,1
LF:217
LH:72
BRDA:133,0,0,0
BRDA:133,0,1,1
BRDA:133,1,0,1
BRDA:133,1,1,0
BRDA:164,2,0,0
BRDA:164,2,1,0
BRDA:165,3,0,0
BRDA:165,3,1,0
BRDA:165,4,0,0
BRDA:165,4,1,0
BRDA:172,5,0,0
BRDA:172,5,1,0
BRDA:192,6,0,0
BRDA:192,6,1,0
BRDA:192,7,0,0
BRDA:192,7,1,0
BRDA:193,8,0,0
BRDA:193,8,1,0
BRDA:219,9,0,0
BRDA:219,9,1,0
BRDA:219,10,0,0
BRDA:219,10,1,0
BRDA:231,11,0,0
BRDA:231,11,1,0
BRDA:232,12,0,0
BRDA:232,12,1,0
BRDA:236,13,0,0
BRDA:236,13,1,0
BRDA:240,14,0,0
BRDA:240,14,1,0
BRDA:260,15,0,0
BRDA:260,15,1,0
BRDA:270,16,0,0
BRDA:270,16,1,0
BRDA:270,17,0,0
BRDA:270,17,1,0
BRDA:271,18,0,0
BRDA:271,18,1,0
BRDA:283,19,0,0
BRDA:283,19,1,0
BRDA:291,20,0,0
BRDA:291,20,1,0
BRDA:300,21,0,0
BRDA:300,21,1,0
BRDA:300,22,0,0
BRDA:300,22,1,0
BRDA:334,23,0,0
BRDA:334,23,1,0
BRDA:352,24,0,0
BRDA:352,24,1,0
BRDA:360,25,0,0
BRDA:360,25,1,0
BRDA:361,26,0,0
BRDA:361,26,1,0
BRDA:361,26,2,0
BRDA:382,27,0,0
BRDA:382,27,1,0
BRDA:388,28,0,0
BRDA:388,28,1,0
BRDA:394,29,0,0
BRDA:394,29,1,0
BRDA:400,30,0,0
BRDA:400,30,1,0
BRDA:444,31,0,0
BRDA:444,31,1,0
BRDA:446,32,0,0
BRDA:446,32,1,0
BRDA:512,33,0,0
BRDA:512,33,1,0
BRDA:515,34,0,0
BRDA:515,34,1,0
BRDA:518,35,0,0
BRDA:518,35,1,0
BRDA:528,36,0,0
BRDA:528,36,1,0
BRDA:531,37,0,0
BRDA:531,37,1,0
BRDA:534,38,0,0
BRDA:534,38,1,0
BRDA:540,39,0,0
BRDA:540,39,1,0
BRDA:543,40,0,0
BRDA:543,40,1,0
BRDA:546,41,0,0
BRDA:546,41,1,0
BRF:85
BRH:2
end_of_record
TN:
SF:/Users/pavelterenin/workspace/rhea-ui/src/app/business-processes/business-process-wizard/build-data-flow/data-flow-empty-state/data-flow-empty-state.component.ts
FN:15,(anonymous_2)
FN:18,DataFlowEmptyStateComponent
FN:20,(anonymous_4)
FN:22,(anonymous_5)
FNF:4
FNH:3
FNDA:1,(anonymous_2)
FNDA:1,DataFlowEmptyStateComponent
FNDA:1,(anonymous_4)
FNDA:0,(anonymous_5)
DA:15,1
DA:16,1
DA:20,1
DA:22,1
DA:23,0
DA:25,1
LF:6
LH:5
BRF:0
BRH:0
end_of_record
TN:
SF:/Users/pavelterenin/workspace/rhea-ui/src/app/business-processes/business-process-wizard/build-data-flow/data-flow-side-bar/data-flow-side-bar.component.ts
FN:9,(anonymous_2)
FN:23,DataFlowSideBarComponent
FN:28,(anonymous_4)
FN:30,(anonymous_5)
FN:41,(anonymous_6)
FN:46,(anonymous_7)
FN:50,(anonymous_8)
FN:54,(anonymous_9)
FN:58,(anonymous_10)
FNF:9
FNH:3
FNDA:1,(anonymous_2)
FNDA:1,DataFlowSideBarComponent
FNDA:1,(anonymous_4)
FNDA:0,(anonymous_5)
FNDA:0,(anonymous_6)
FNDA:0,(anonymous_7)
FNDA:0,(anonymous_8)
FNDA:0,(anonymous_9)
FNDA:0,(anonymous_10)
DA:9,1
DA:10,1
DA:11,1
DA:12,1
DA:14,1
DA:15,1
DA:16,1
DA:17,1
DA:18,1
DA:24,1
DA:25,1
DA:28,1
DA:30,1
DA:31,0
DA:32,0
DA:34,0
DA:41,0
DA:42,0
DA:46,1
DA:47,0
DA:50,1
DA:51,0
DA:54,1
DA:55,0
DA:58,1
DA:59,0
DA:61,1
LF:27
LH:18
BRDA:31,0,0,0
BRDA:31,0,1,0
BRF:2
BRH:0
end_of_record
TN:
SF:/Users/pavelterenin/workspace/rhea-ui/src/app/business-processes/business-process-wizard/build-data-flow/data-flow-side-bar/data-flow-collapse-view/data-flow-collapse-view.component.ts
FN:8,(anonymous_2)
FN:12,DataFlowCollapseComponent
FN:14,(anonymous_4)
FNF:3
FNH:3
FNDA:1,(anonymous_2)
FNDA:1,DataFlowCollapseComponent
FNDA:1,(anonymous_4)
DA:8,1
DA:9,1
DA:10,1
DA:14,1
DA:15,1
LF:5
LH:5
BRF:0
BRH:0
end_of_record
TN:
SF:/Users/pavelterenin/workspace/rhea-ui/src/app/business-processes/business-process-wizard/build-data-flow/data-flow-side-bar/data-flow-expand-view/data-flow-expand-view.component.ts
FN:8,(anonymous_2)
FN:12,DataFlowExpandViewComponent
FN:14,(anonymous_4)
FNF:3
FNH:3
FNDA:1,(anonymous_2)
FNDA:1,DataFlowExpandViewComponent
FNDA:1,(anonymous_4)
DA:8,1
DA:9,1
DA:10,1
DA:14,1
DA:15,1
LF:5
LH:5
BRF:0
BRH:0
end_of_record
TN:
SF:/Users/pavelterenin/workspace/rhea-ui/src/app/business-processes/business-process-wizard/build-data-flow/data-flow-side-bar/data-flow-filters/data-flow-filters.component.ts
FN:19,(anonymous_2)
FN:29,DataFlowFiltersComponent
FN:31,(anonymous_4)
FN:33,(anonymous_5)
FN:38,(anonymous_6)
FN:52,(anonymous_7)
FN:53,(anonymous_8)
FN:60,(anonymous_9)
FNF:8
FNH:3
FNDA:1,(anonymous_2)
FNDA:1,DataFlowFiltersComponent
FNDA:1,(anonymous_4)
FNDA:0,(anonymous_5)
FNDA:0,(anonymous_6)
FNDA:0,(anonymous_7)
FNDA:0,(anonymous_8)
FNDA:0,(anonymous_9)
DA:19,1
DA:20,1
DA:21,1
DA:22,1
DA:23,1
DA:24,1
DA:26,1
DA:31,1
DA:33,1
DA:34,0
DA:35,0
DA:38,1
DA:39,0
DA:40,0
DA:41,0
DA:42,0
DA:50,0
DA:52,0
DA:53,0
DA:56,0
DA:60,1
DA:62,0
DA:64,1
LF:23
LH:12
BRDA:39,0,0,0
BRDA:39,0,1,0
BRDA:50,1,0,0
BRDA:50,1,1,0
BRF:4
BRH:0
end_of_record
TN:
SF:/Users/pavelterenin/workspace/rhea-ui/src/app/business-processes/business-process-wizard/build-data-flow/data-flow-side-bar/data-flow-search/data-flow-search.component.ts
FN:8,(anonymous_2)
FN:15,DataFlowSearchComponent
FN:17,(anonymous_4)
FN:19,(anonymous_5)
FN:23,(anonymous_6)
FN:33,(anonymous_7)
FNF:6
FNH:3
FNDA:1,(anonymous_2)
FNDA:1,DataFlowSearchComponent
FNDA:1,(anonymous_4)
FNDA:0,(anonymous_5)
FNDA:0,(anonymous_6)
FNDA:0,(anonymous_7)
DA:8,1
DA:11,1
DA:12,1
DA:13,1
DA:17,1
DA:19,1
DA:20,0
DA:23,1
DA:24,0
DA:28,0
DA:29,0
DA:33,1
DA:34,0
DA:35,0
DA:36,0
DA:38,1
LF:16
LH:9
BRDA:24,0,0,0
BRDA:24,0,1,0
BRDA:25,1,0,0
BRDA:25,1,1,0
BRDA:25,1,2,0
BRF:5
BRH:0
end_of_record
TN:
SF:/Users/pavelterenin/workspace/rhea-ui/src/app/business-processes/business-process-wizard/build-data-flow/no-mapped-systems-state/no-mapped-systems-state.component.ts
FN:9,(anonymous_2)
FN:10,NoMappedSystemsStateComponent
FN:12,(anonymous_4)
FNF:3
FNH:3
FNDA:1,(anonymous_2)
FNDA:1,NoMappedSystemsStateComponent
FNDA:1,(anonymous_4)
DA:9,1
DA:12,1
DA:13,1
LF:3
LH:3
BRF:0
BRH:0
end_of_record
TN:
SF:/Users/pavelterenin/workspace/rhea-ui/src/app/business-processes/business-process-wizard/build-data-flow/system-transfers/system-transfers.component.ts
FN:28,(anonymous_2)
FN:55,SystemTransfersComponent
FN:57,(anonymous_4)
FN:59,(anonymous_5)
FN:63,(anonymous_6)
FN:67,(anonymous_7)
FN:71,(anonymous_8)
FN:75,(anonymous_9)
FN:82,(anonymous_10)
FN:89,(anonymous_11)
FN:94,(anonymous_12)
FN:101,(anonymous_13)
FN:116,(anonymous_14)
FNF:13
FNH:4
FNDA:1,(anonymous_2)
FNDA:1,SystemTransfersComponent
FNDA:1,(anonymous_4)
FNDA:1,(anonymous_5)
FNDA:0,(anonymous_6)
FNDA:0,(anonymous_7)
FNDA:0,(anonymous_8)
FNDA:0,(anonymous_9)
FNDA:0,(anonymous_10)
FNDA:0,(anonymous_11)
FNDA:0,(anonymous_12)
FNDA:0,(anonymous_13)
FNDA:0,(anonymous_14)
DA:28,1
DA:29,1
DA:30,1
DA:31,1
DA:32,1
DA:34,1
DA:35,1
DA:36,1
DA:37,1
DA:38,1
DA:39,1
DA:40,1
DA:42,1
DA:43,1
DA:44,1
DA:45,1
DA:46,1
DA:48,1
DA:55,1
DA:57,1
DA:59,1
DA:60,1
DA:63,1
DA:64,0
DA:67,1
DA:68,0
DA:71,1
DA:72,0
DA:75,1
DA:77,0
DA:82,1
DA:84,0
DA:89,1
DA:90,0
DA:91,0
DA:94,1
DA:95,0
DA:96,0
DA:97,0
DA:101,1
DA:102,0
DA:103,0
DA:105,0
DA:106,0
DA:108,0
DA:109,0
DA:111,0
DA:112,0
DA:116,1
DA:122,0
DA:123,0
DA:124,0
DA:125,0
DA:126,0
DA:127,0
DA:128,0
DA:129,0
DA:130,0
DA:132,0
DA:151,0
DA:153,0
DA:155,0
DA:157,0
DA:159,0
DA:162,0
DA:164,0
DA:165,0
DA:168,0
DA:170,1
LF:69
LH:32
BRDA:94,0,0,0
BRDA:94,0,1,0
BRDA:96,1,0,0
BRDA:96,1,1,0
BRDA:102,2,0,0
BRDA:102,2,1,0
BRDA:105,3,0,0
BRDA:105,3,1,0
BRDA:108,4,0,0
BRDA:108,4,1,0
BRDA:108,5,0,0
BRDA:108,5,1,0
BRDA:111,6,0,0
BRDA:111,6,1,0
BRDA:111,7,0,0
BRDA:111,7,1,0
BRDA:151,8,0,0
BRDA:151,8,1,0
BRDA:157,9,0,0
BRDA:157,9,1,0
BRDA:162,10,0,0
BRDA:162,10,1,0
BRF:22
BRH:0
end_of_record
TN:
SF:/Users/pavelterenin/workspace/rhea-ui/src/app/business-processes/business-process-wizard/build-data-flow/system-transfers-table/system-transfers-table.component.ts
FN:31,(anonymous_2)
FN:51,SystemTransfersTableComponent
FN:56,(anonymous_4)
FN:63,(anonymous_5)
FN:66,(anonymous_6)
FN:73,(anonymous_7)
FN:148,(anonymous_8)
FN:153,(anonymous_9)
FN:162,(anonymous_10)
FN:168,(anonymous_11)
FN:174,(anonymous_12)
FN:178,(anonymous_13)
FN:185,(anonymous_14)
FN:193,(anonymous_15)
FN:200,(anonymous_16)
FN:208,(anonymous_17)
FN:212,(anonymous_18)
FN:215,(anonymous_19)
FN:219,(anonymous_20)
FN:222,(anonymous_21)
FN:229,(anonymous_22)
FN:240,(anonymous_23)
FN:241,(anonymous_24)
FN:244,(anonymous_25)
FN:245,(anonymous_26)
FN:248,(anonymous_27)
FN:256,(anonymous_28)
FN:257,(anonymous_29)
FN:261,(anonymous_30)
FN:264,(anonymous_31)
FN:273,(anonymous_32)
FN:283,(anonymous_33)
FN:288,(anonymous_34)
FN:301,(anonymous_35)
FN:307,(anonymous_36)
FN:310,(anonymous_37)
FN:311,(anonymous_38)
FN:311,(anonymous_39)
FN:337,(anonymous_40)
FN:342,(anonymous_41)
FN:346,(anonymous_42)
FN:350,(anonymous_43)
FN:365,(anonymous_44)
FN:385,(anonymous_45)
FNF:44
FNH:11
FNDA:1,(anonymous_2)
FNDA:1,SystemTransfersTableComponent
FNDA:1,(anonymous_4)
FNDA:1,(anonymous_5)
FNDA:0,(anonymous_6)
FNDA:1,(anonymous_7)
FNDA:0,(anonymous_8)
FNDA:0,(anonymous_9)
FNDA:0,(anonymous_10)
FNDA:0,(anonymous_11)
FNDA:0,(anonymous_12)
FNDA:0,(anonymous_13)
FNDA:0,(anonymous_14)
FNDA:0,(anonymous_15)
FNDA:0,(anonymous_16)
FNDA:0,(anonymous_17)
FNDA:0,(anonymous_18)
FNDA:0,(anonymous_19)
FNDA:0,(anonymous_20)
FNDA:0,(anonymous_21)
FNDA:0,(anonymous_22)
FNDA:0,(anonymous_23)
FNDA:0,(anonymous_24)
FNDA:0,(anonymous_25)
FNDA:0,(anonymous_26)
FNDA:1,(anonymous_27)
FNDA:1,(anonymous_28)
FNDA:0,(anonymous_29)
FNDA:0,(anonymous_30)
FNDA:0,(anonymous_31)
FNDA:0,(anonymous_32)
FNDA:0,(anonymous_33)
FNDA:0,(anonymous_34)
FNDA:0,(anonymous_35)
FNDA:0,(anonymous_36)
FNDA:0,(anonymous_37)
FNDA:0,(anonymous_38)
FNDA:0,(anonymous_39)
FNDA:0,(anonymous_40)
FNDA:2,(anonymous_41)
FNDA:2,(anonymous_42)
FNDA:1,(anonymous_43)
FNDA:0,(anonymous_44)
FNDA:1,(anonymous_45)
DA:31,1
DA:32,1
DA:34,1
DA:35,1
DA:36,1
DA:37,1
DA:39,1
DA:40,1
DA:41,1
DA:44,1
DA:45,1
DA:52,1
DA:53,1
DA:56,1
DA:57,1
DA:58,1
DA:59,1
DA:60,1
DA:63,1
DA:64,1
DA:67,0
DA:68,0
DA:73,1
DA:74,1
DA:75,0
DA:96,1
DA:97,0
DA:124,1
DA:125,0
DA:148,1
DA:149,0
DA:153,0
DA:154,0
DA:162,1
DA:163,0
DA:167,0
DA:168,0
DA:170,0
DA:173,0
DA:174,0
DA:178,1
DA:179,0
DA:184,0
DA:185,0
DA:186,0
DA:189,0
DA:193,1
DA:194,0
DA:199,0
DA:200,0
DA:201,0
DA:204,0
DA:208,1
DA:209,0
DA:210,0
DA:212,0
DA:215,1
DA:216,0
DA:217,0
DA:219,0
DA:222,1
DA:223,0
DA:229,1
DA:230,0
DA:232,0
DA:233,0
DA:235,0
DA:237,0
DA:240,1
DA:241,0
DA:244,1
DA:245,0
DA:248,1
DA:249,1
DA:250,1
DA:256,1
DA:257,1
DA:261,1
DA:262,0
DA:263,0
DA:264,0
DA:265,0
DA:266,0
DA:267,0
DA:270,0
DA:271,0
DA:272,0
DA:273,0
DA:274,0
DA:275,0
DA:276,0
DA:279,0
DA:283,1
DA:284,0
DA:285,0
DA:288,1
DA:289,0
DA:290,0
DA:292,0
DA:293,0
DA:295,0
DA:296,0
DA:298,0
DA:301,1
DA:302,0
DA:303,0
DA:307,1
DA:308,0
DA:310,0
DA:311,0
DA:313,0
DA:314,0
DA:320,0
DA:321,0
DA:328,0
DA:329,0
DA:337,1
DA:338,0
DA:339,0
DA:342,1
DA:343,2
DA:346,1
DA:347,2
DA:350,1
DA:351,1
DA:353,0
DA:355,1
DA:357,0
DA:359,1
DA:361,0
DA:365,1
DA:366,0
DA:368,0
DA:369,0
DA:370,0
DA:372,0
DA:373,0
DA:376,0
DA:380,0
DA:382,0
DA:385,1
DA:386,1
LF:142
LH:56
BRDA:67,0,0,0
BRDA:67,0,1,0
BRDA:74,1,0,0
BRDA:74,1,1,1
BRDA:96,2,0,0
BRDA:96,2,1,1
BRDA:124,3,0,0
BRDA:124,3,1,1
BRDA:149,4,0,0
BRDA:149,4,1,0
BRDA:150,5,0,0
BRDA:150,5,1,0
BRDA:163,6,0,0
BRDA:163,6,1,0
BRDA:164,7,0,0
BRDA:164,7,1,0
BRDA:173,8,0,0
BRDA:173,8,1,0
BRDA:179,9,0,0
BRDA:179,9,1,0
BRDA:180,10,0,0
BRDA:180,10,1,0
BRDA:180,10,2,0
BRDA:194,11,0,0
BRDA:194,11,1,0
BRDA:195,12,0,0
BRDA:195,12,1,0
BRDA:195,12,2,0
BRDA:209,13,0,0
BRDA:209,13,1,0
BRDA:216,14,0,0
BRDA:216,14,1,0
BRDA:224,15,0,0
BRDA:224,15,1,0
BRDA:232,16,0,0
BRDA:232,16,1,0
BRDA:248,17,0,0
BRDA:248,17,1,1
BRDA:257,18,0,1
BRDA:257,18,1,1
BRDA:262,19,0,0
BRDA:262,19,1,0
BRDA:262,20,0,0
BRDA:262,20,1,0
BRDA:271,21,0,0
BRDA:271,21,1,0
BRDA:289,22,0,0
BRDA:289,22,1,0
BRDA:289,23,0,0
BRDA:289,23,1,0
BRDA:292,24,0,0
BRDA:292,24,1,0
BRDA:295,25,0,0
BRDA:295,25,1,0
BRDA:302,26,0,0
BRDA:302,26,1,0
BRDA:313,27,0,0
BRDA:313,27,1,0
BRDA:320,28,0,0
BRDA:320,28,1,0
BRDA:328,29,0,0
BRDA:328,29,1,0
BRDA:351,30,0,0
BRDA:351,30,1,1
BRDA:355,31,0,0
BRDA:355,31,1,1
BRDA:359,32,0,0
BRDA:359,32,1,1
BRF:68
BRH:9
end_of_record
TN:
SF:/Users/pavelterenin/workspace/rhea-ui/src/app/business-processes/business-process-wizard/details/details.component.ts
FN:40,(anonymous_2)
FN:58,DetailsComponent
FN:67,(anonymous_4)
FN:74,(anonymous_5)
FN:78,(anonymous_6)
FN:82,(anonymous_7)
FN:93,(anonymous_8)
FN:98,(anonymous_9)
FN:104,(anonymous_10)
FN:109,(anonymous_11)
FN:112,(anonymous_12)
FN:126,(anonymous_13)
FN:133,(anonymous_14)
FN:138,(anonymous_15)
FN:151,(anonymous_16)
FN:155,(anonymous_17)
FN:169,(anonymous_18)
FN:175,(anonymous_19)
FNF:18
FNH:8
FNDA:1,(anonymous_2)
FNDA:1,DetailsComponent
FNDA:1,(anonymous_4)
FNDA:1,(anonymous_5)
FNDA:1,(anonymous_6)
FNDA:0,(anonymous_7)
FNDA:1,(anonymous_8)
FNDA:0,(anonymous_9)
FNDA:0,(anonymous_10)
FNDA:0,(anonymous_11)
FNDA:0,(anonymous_12)
FNDA:0,(anonymous_13)
FNDA:1,(anonymous_14)
FNDA:0,(anonymous_15)
FNDA:0,(anonymous_16)
FNDA:0,(anonymous_17)
FNDA:0,(anonymous_18)
FNDA:1,(anonymous_19)
DA:40,1
DA:50,1
DA:52,1
DA:55,1
DA:56,1
DA:58,1
DA:59,1
DA:60,1
DA:61,1
DA:62,1
DA:63,1
DA:64,1
DA:65,1
DA:67,1
DA:68,1
DA:74,1
DA:75,1
DA:78,1
DA:80,1
DA:83,0
DA:84,0
DA:93,1
DA:95,1
DA:96,1
DA:99,0
DA:100,0
DA:104,1
DA:105,0
DA:106,0
DA:110,0
DA:113,0
DA:114,0
DA:116,0
DA:126,1
DA:127,0
DA:128,0
DA:133,1
DA:134,1
DA:135,1
DA:138,1
DA:139,0
DA:140,0
DA:141,0
DA:143,0
DA:145,0
DA:146,0
DA:147,0
DA:151,1
DA:152,0
DA:153,0
DA:156,0
DA:157,0
DA:158,0
DA:169,1
DA:170,0
DA:175,1
DA:176,1
LF:57
LH:32
BRDA:83,0,0,0
BRDA:83,0,1,0
BRDA:114,1,0,0
BRDA:114,1,1,0
BRDA:127,2,0,0
BRDA:127,2,1,0
BRDA:135,3,0,1
BRDA:135,3,1,0
BRDA:139,4,0,0
BRDA:139,4,1,0
BRDA:139,5,0,0
BRDA:139,5,1,0
BRDA:140,6,0,0
BRDA:140,6,1,0
BRDA:157,7,0,0
BRDA:157,7,1,0
BRF:16
BRH:1
end_of_record
TN:
SF:/Users/pavelterenin/workspace/rhea-ui/src/app/business-processes/business-process-wizard/review/review.component.ts
FN:38,(anonymous_2)
FN:65,ReviewComponent
FN:54,(anonymous_4)
FN:82,(anonymous_5)
FN:88,(anonymous_6)
FN:96,(anonymous_7)
FN:104,(anonymous_8)
FN:118,(anonymous_9)
FN:129,(anonymous_10)
FN:133,(anonymous_11)
FN:140,(anonymous_12)
FN:144,(anonymous_13)
FN:150,(anonymous_14)
FN:159,(anonymous_15)
FN:163,(anonymous_16)
FN:172,(anonymous_17)
FN:179,(anonymous_18)
FN:183,(anonymous_19)
FN:188,(anonymous_20)
FN:194,(anonymous_21)
FN:204,(anonymous_22)
FN:219,(anonymous_23)
FN:220,(anonymous_24)
FN:229,(anonymous_25)
FN:232,(anonymous_26)
FN:237,(anonymous_27)
FN:245,(anonymous_28)
FN:247,(anonymous_29)
FN:248,(anonymous_30)
FN:263,(anonymous_31)
FN:267,(anonymous_32)
FN:285,(anonymous_33)
FN:291,(anonymous_34)
FN:297,(anonymous_35)
FN:301,(anonymous_36)
FN:306,(anonymous_37)
FN:308,(anonymous_38)
FN:311,(anonymous_39)
FN:315,(anonymous_40)
FNF:39
FNH:39
FNDA:1,(anonymous_2)
FNDA:27,ReviewComponent
FNDA:16,(anonymous_4)
FNDA:28,(anonymous_5)
FNDA:1,(anonymous_6)
FNDA:29,(anonymous_7)
FNDA:1,(anonymous_8)
FNDA:1,(anonymous_9)
FNDA:29,(anonymous_10)
FNDA:1,(anonymous_11)
FNDA:1,(anonymous_12)
FNDA:1,(anonymous_13)
FNDA:1,(anonymous_14)
FNDA:2,(anonymous_15)
FNDA:1,(anonymous_16)
FNDA:1,(anonymous_17)
FNDA:1,(anonymous_18)
FNDA:1,(anonymous_19)
FNDA:1,(anonymous_20)
FNDA:2,(anonymous_21)
FNDA:4,(anonymous_22)
FNDA:2,(anonymous_23)
FNDA:2,(anonymous_24)
FNDA:3,(anonymous_25)
FNDA:2,(anonymous_26)
FNDA:1,(anonymous_27)
FNDA:1,(anonymous_28)
FNDA:2,(anonymous_29)
FNDA:1,(anonymous_30)
FNDA:107,(anonymous_31)
FNDA:8,(anonymous_32)
FNDA:4,(anonymous_33)
FNDA:1,(anonymous_34)
FNDA:4,(anonymous_35)
FNDA:4,(anonymous_36)
FNDA:27,(anonymous_37)
FNDA:28,(anonymous_38)
FNDA:28,(anonymous_39)
FNDA:28,(anonymous_40)
DA:38,1
DA:45,27
DA:48,27
DA:50,27
DA:51,27
DA:52,27
DA:54,1
DA:55,16
DA:58,27
DA:66,27
DA:67,27
DA:68,27
DA:69,27
DA:70,27
DA:71,27
DA:72,27
DA:73,27
DA:74,27
DA:76,27
DA:77,27
DA:78,27
DA:79,27
DA:82,28
DA:83,28
DA:84,28
DA:86,28
DA:89,1
DA:90,1
DA:93,28
DA:96,29
DA:97,29
DA:98,29
DA:104,1
DA:105,1
DA:107,1
DA:108,1
DA:109,1
DA:110,1
DA:112,1
DA:116,1
DA:119,1
DA:120,1
DA:122,1
DA:129,29
DA:130,29
DA:134,1
DA:135,1
DA:140,1
DA:144,1
DA:145,1
DA:148,1
DA:149,1
DA:150,1
DA:151,1
DA:152,1
DA:159,1
DA:160,2
DA:161,2
DA:162,1
DA:163,1
DA:164,1
DA:165,1
DA:166,1
DA:172,1
DA:173,1
DA:175,1
DA:176,1
DA:179,1
DA:180,1
DA:183,1
DA:184,1
DA:185,1
DA:188,1
DA:189,1
DA:190,1
DA:191,1
DA:194,1
DA:195,2
DA:201,2
DA:204,1
DA:209,4
DA:210,4
DA:211,4
DA:213,4
DA:219,1
DA:220,2
DA:221,2
DA:222,2
DA:223,2
DA:226,2
DA:229,1
DA:230,3
DA:231,2
DA:232,2
DA:233,2
DA:235,1
DA:236,1
DA:237,1
DA:238,1
DA:242,3
DA:245,1
DA:246,1
DA:247,2
DA:249,1
DA:255,1
DA:263,1
DA:264,107
DA:267,8
DA:269,8
DA:270,3
DA:271,2
DA:273,1
DA:278,5
DA:279,5
DA:280,1
DA:282,5
DA:286,4
DA:287,1
DA:289,3
DA:292,1
DA:297,4
DA:298,4
DA:299,4
DA:302,4
DA:306,1
DA:308,28
DA:309,28
DA:311,28
DA:313,28
DA:316,28
DA:317,28
DA:320,1
LF:132
LH:132
BRDA:89,0,0,1
BRDA:89,0,1,0
BRDA:134,1,0,1
BRDA:134,1,1,0
BRDA:161,2,0,1
BRDA:161,2,1,1
BRDA:164,3,0,1
BRDA:164,3,1,0
BRDA:209,4,0,4
BRDA:209,4,1,1
BRDA:210,5,0,4
BRDA:210,5,1,1
BRDA:221,6,0,2
BRDA:221,6,1,0
BRDA:230,7,0,2
BRDA:230,7,1,1
BRDA:230,8,0,3
BRDA:230,8,1,2
BRDA:235,9,0,1
BRDA:235,9,1,0
BRDA:269,10,0,3
BRDA:269,10,1,5
BRDA:270,11,0,2
BRDA:270,11,1,1
BRDA:270,12,0,3
BRDA:270,12,1,2
BRDA:279,13,0,1
BRDA:279,13,1,4
BRDA:286,14,0,1
BRDA:286,14,1,3
BRF:30
BRH:25
end_of_record
TN:
SF:/Users/pavelterenin/workspace/rhea-ui/src/app/business-processes/business-process-wizard/security-risks/security-risks.component.ts
FN:44,(anonymous_4)
FN:116,SecurityRisksComponent
FN:146,(anonymous_6)
FN:55,(anonymous_7)
FN:58,(anonymous_8)
FN:63,(anonymous_9)
FN:78,(anonymous_10)
FN:81,(anonymous_11)
FN:84,(anonymous_12)
FN:151,(anonymous_13)
FN:162,(anonymous_14)
FN:166,(anonymous_15)
FN:169,(anonymous_16)
FN:173,(anonymous_17)
FN:175,(anonymous_18)
FN:182,(anonymous_19)
FN:186,(anonymous_20)
FN:195,(anonymous_21)
FN:217,(anonymous_22)
FN:221,(anonymous_23)
FN:222,(anonymous_24)
FN:232,(anonymous_25)
FN:235,(anonymous_26)
FN:238,(anonymous_27)
FN:241,(anonymous_28)
FN:253,(anonymous_29)
FN:254,(anonymous_30)
FN:264,(anonymous_31)
FN:278,(anonymous_32)
FN:282,(anonymous_33)
FN:290,(anonymous_34)
FN:301,(anonymous_35)
FN:312,(anonymous_36)
FN:323,(anonymous_37)
FN:356,(anonymous_38)
FN:368,(anonymous_39)
FN:373,(anonymous_40)
FN:374,(anonymous_41)
FN:384,(anonymous_42)
FN:387,(anonymous_43)
FN:389,(anonymous_44)
FN:395,(anonymous_45)
FN:413,(anonymous_46)
FN:428,(anonymous_47)
FN:435,(anonymous_48)
FN:446,(anonymous_49)
FN:454,(anonymous_50)
FN:458,(anonymous_51)
FN:463,(anonymous_52)
FNF:49
FNH:21
FNDA:1,(anonymous_4)
FNDA:1,SecurityRisksComponent
FNDA:1,(anonymous_6)
FNDA:2,(anonymous_7)
FNDA:0,(anonymous_8)
FNDA:4,(anonymous_9)
FNDA:6,(anonymous_10)
FNDA:9,(anonymous_11)
FNDA:2,(anonymous_12)
FNDA:1,(anonymous_13)
FNDA:1,(anonymous_14)
FNDA:1,(anonymous_15)
FNDA:1,(anonymous_16)
FNDA:1,(anonymous_17)
FNDA:0,(anonymous_18)
FNDA:0,(anonymous_19)
FNDA:1,(anonymous_20)
FNDA:0,(anonymous_21)
FNDA:0,(anonymous_22)
FNDA:0,(anonymous_23)
FNDA:0,(anonymous_24)
FNDA:0,(anonymous_25)
FNDA:0,(anonymous_26)
FNDA:0,(anonymous_27)
FNDA:0,(anonymous_28)
FNDA:1,(anonymous_29)
FNDA:0,(anonymous_30)
FNDA:0,(anonymous_31)
FNDA:0,(anonymous_32)
FNDA:0,(anonymous_33)
FNDA:4,(anonymous_34)
FNDA:4,(anonymous_35)
FNDA:4,(anonymous_36)
FNDA:4,(anonymous_37)
FNDA:2,(anonymous_38)
FNDA:0,(anonymous_39)
FNDA:0,(anonymous_40)
FNDA:0,(anonymous_41)
FNDA:0,(anonymous_42)
FNDA:0,(anonymous_43)
FNDA:0,(anonymous_44)
FNDA:0,(anonymous_45)
FNDA:0,(anonymous_46)
FNDA:0,(anonymous_47)
FNDA:0,(anonymous_48)
FNDA:0,(anonymous_49)
FNDA:0,(anonymous_50)
FNDA:0,(anonymous_51)
FNDA:1,(anonymous_52)
DA:44,1
DA:50,1
DA:55,1
DA:56,2
DA:58,1
DA:59,0
DA:63,1
DA:64,4
DA:70,1
DA:78,1
DA:79,6
DA:81,1
DA:82,9
DA:84,1
DA:85,2
DA:95,1
DA:101,1
DA:109,1
DA:111,1
DA:116,1
DA:117,1
DA:118,1
DA:119,1
DA:120,1
DA:121,1
DA:122,1
DA:123,1
DA:124,1
DA:125,1
DA:126,1
DA:127,1
DA:128,1
DA:129,1
DA:131,1
DA:136,1
DA:146,1
DA:147,1
DA:151,1
DA:152,1
DA:153,1
DA:154,1
DA:155,0
DA:157,1
DA:158,0
DA:160,1
DA:162,1
DA:164,1
DA:166,1
DA:169,1
DA:170,1
DA:173,1
DA:174,1
DA:176,0
DA:177,0
DA:182,0
DA:186,1
DA:187,1
DA:196,0
DA:197,0
DA:198,0
DA:199,0
DA:201,0
DA:203,0
DA:204,0
DA:205,0
DA:206,0
DA:209,0
DA:212,0
DA:214,0
DA:217,0
DA:221,1
DA:222,0
DA:223,0
DA:231,0
DA:232,0
DA:235,0
DA:238,1
DA:239,0
DA:241,0
DA:242,0
DA:243,0
DA:244,0
DA:247,0
DA:248,0
DA:249,0
DA:253,1
DA:254,1
DA:255,0
DA:256,0
DA:257,0
DA:259,0
DA:264,1
DA:265,0
DA:266,0
DA:267,0
DA:268,0
DA:269,0
DA:270,0
DA:271,0
DA:273,0
DA:278,1
DA:279,0
DA:282,1
DA:283,0
DA:284,0
DA:285,0
DA:286,0
DA:287,0
DA:290,1
DA:291,4
DA:294,2
DA:297,2
DA:301,1
DA:302,4
DA:305,2
DA:308,2
DA:312,1
DA:313,4
DA:316,2
DA:319,2
DA:323,1
DA:324,4
DA:326,2
DA:340,2
DA:356,1
DA:357,2
DA:358,2
DA:359,2
DA:361,2
DA:368,1
DA:369,0
DA:373,0
DA:374,0
DA:384,1
DA:385,0
DA:387,0
DA:389,0
DA:391,0
DA:395,1
DA:396,0
DA:397,0
DA:398,0
DA:400,0
DA:401,0
DA:407,0
DA:413,1
DA:415,0
DA:416,0
DA:417,0
DA:419,0
DA:424,0
DA:425,0
DA:429,0
DA:430,0
DA:432,0
DA:433,0
DA:436,0
DA:437,0
DA:439,0
DA:443,0
DA:447,0
DA:449,0
DA:454,1
DA:455,0
DA:456,0
DA:459,0
DA:463,1
DA:464,1
LF:168
LH:86
BRDA:154,0,0,0
BRDA:154,0,1,1
BRDA:157,1,0,0
BRDA:157,1,1,1
BRDA:176,2,0,0
BRDA:176,2,1,0
BRDA:239,3,0,0
BRDA:239,3,1,0
BRDA:243,4,0,0
BRDA:243,4,1,0
BRDA:247,5,0,0
BRDA:247,5,1,0
BRDA:255,6,0,0
BRDA:255,6,1,0
BRDA:266,7,0,0
BRDA:266,7,1,0
BRDA:268,8,0,0
BRDA:268,8,1,0
BRDA:292,9,0,2
BRDA:292,9,1,2
BRDA:303,10,0,2
BRDA:303,10,1,2
BRDA:314,11,0,2
BRDA:314,11,1,2
BRDA:325,12,0,2
BRDA:325,12,1,2
BRDA:362,13,0,2
BRDA:362,13,1,2
BRDA:362,13,2,2
BRDA:376,14,0,0
BRDA:376,14,1,0
BRDA:386,15,0,0
BRDA:386,15,1,0
BRDA:386,15,2,0
BRDA:397,16,0,0
BRDA:397,16,1,0
BRDA:400,17,0,0
BRDA:400,17,1,0
BRDA:415,18,0,0
BRDA:415,18,1,0
BRDA:416,19,0,0
BRDA:416,19,1,0
BRDA:416,20,0,0
BRDA:416,20,1,0
BRDA:429,21,0,0
BRDA:429,21,1,0
BRDA:432,22,0,0
BRDA:432,22,1,0
BRDA:436,23,0,0
BRDA:436,23,1,0
BRF:50
BRH:13
end_of_record
TN:
SF:/Users/pavelterenin/workspace/rhea-ui/src/app/business-processes/business-process-wizard/shared/index.ts
FNF:0
FNH:0
LF:0
LH:0
BRF:0
BRH:0
end_of_record
TN:
SF:/Users/pavelterenin/workspace/rhea-ui/src/app/business-processes/business-process-wizard/shared/components/business-process-detail/business-process-detail.component.ts
FN:20,(anonymous_2)
FN:38,BusinessProcessDetailComponent
FN:40,(anonymous_4)
FN:43,(anonymous_5)
FN:51,(anonymous_6)
FN:68,(anonymous_7)
FN:80,(anonymous_8)
FN:82,(anonymous_9)
FN:86,(anonymous_10)
FN:92,(anonymous_11)
FNF:10
FNH:7
FNDA:1,(anonymous_2)
FNDA:2,BusinessProcessDetailComponent
FNDA:2,(anonymous_4)
FNDA:2,(anonymous_5)
FNDA:3,(anonymous_6)
FNDA:3,(anonymous_7)
FNDA:0,(anonymous_8)
FNDA:0,(anonymous_9)
FNDA:0,(anonymous_10)
FNDA:1,(anonymous_11)
DA:20,1
DA:23,1
DA:24,1
DA:26,2
DA:29,2
DA:38,2
DA:40,2
DA:41,2
DA:42,2
DA:43,2
DA:44,2
DA:45,1
DA:46,1
DA:51,3
DA:52,3
DA:68,3
DA:69,3
DA:70,3
DA:71,1
DA:74,3
DA:80,1
DA:81,0
DA:82,0
DA:86,1
DA:87,0
DA:88,0
DA:92,1
DA:93,1
DA:94,0
DA:96,1
DA:98,1
DA:99,1
DA:100,1
DA:101,1
DA:103,1
LF:35
LH:30
BRDA:44,0,0,1
BRDA:44,0,1,1
BRDA:54,1,0,1
BRDA:54,1,1,2
BRDA:54,2,0,3
BRDA:54,2,1,1
BRDA:59,3,0,0
BRDA:59,3,1,3
BRDA:58,4,0,3
BRDA:58,4,1,1
BRDA:63,5,0,1
BRDA:63,5,1,2
BRDA:63,6,0,3
BRDA:63,6,1,1
BRDA:70,7,0,1
BRDA:70,7,1,2
BRDA:82,8,0,0
BRDA:82,8,1,0
BRDA:81,9,0,0
BRDA:81,9,1,0
BRDA:87,10,0,0
BRDA:87,10,1,0
BRDA:87,11,0,0
BRDA:87,11,1,0
BRDA:93,12,0,0
BRDA:93,12,1,1
BRF:26
BRH:16
end_of_record
TN:
SF:/Users/pavelterenin/workspace/rhea-ui/src/app/business-processes/business-process-wizard/shared/components/business-process-wizard-footer/business-process-wizard-footer.component.ts
FN:16,(anonymous_2)
FN:36,BusinessProcessWizardFooterComponent
FN:45,(anonymous_4)
FN:47,(anonymous_5)
FN:51,(anonymous_6)
FN:55,(anonymous_7)
FNF:6
FNH:3
FNDA:1,(anonymous_2)
FNDA:30,BusinessProcessWizardFooterComponent
FNDA:30,(anonymous_4)
FNDA:0,(anonymous_5)
FNDA:0,(anonymous_6)
FNDA:0,(anonymous_7)
DA:16,1
DA:17,30
DA:20,1
DA:21,1
DA:22,1
DA:24,1
DA:25,1
DA:26,1
DA:28,1
DA:29,1
DA:30,1
DA:32,30
DA:33,30
DA:34,30
DA:36,30
DA:37,30
DA:38,30
DA:39,30
DA:40,30
DA:41,30
DA:42,30
DA:45,1
DA:47,1
DA:48,0
DA:51,1
DA:52,0
DA:55,1
DA:56,0
DA:58,1
LF:29
LH:26
BRF:0
BRH:0
end_of_record
TN:
SF:/Users/pavelterenin/workspace/rhea-ui/src/app/business-processes/business-process-wizard/shared/components/business-process-wizard-header/business-process-wizard-header.component.ts
FN:58,(anonymous_2)
FN:104,BusinessProcessWizardHeaderComponent
FN:130,(anonymous_4)
FN:134,(anonymous_5)
FN:141,(anonymous_6)
FN:151,(anonymous_7)
FN:153,(anonymous_8)
FN:157,(anonymous_9)
FN:164,(anonymous_10)
FN:178,(anonymous_11)
FN:182,(anonymous_12)
FN:199,(anonymous_13)
FN:203,(anonymous_14)
FN:209,(anonymous_15)
FN:214,(anonymous_16)
FN:220,(anonymous_17)
FN:224,(anonymous_18)
FN:228,(anonymous_19)
FN:235,(anonymous_20)
FN:239,(anonymous_21)
FN:252,(anonymous_22)
FN:265,(anonymous_23)
FN:269,(anonymous_24)
FN:275,(anonymous_25)
FN:283,(anonymous_26)
FN:289,(anonymous_27)
FN:291,(anonymous_28)
FN:297,(anonymous_29)
FN:304,(anonymous_30)
FN:311,(anonymous_31)
FN:318,(anonymous_32)
FN:328,(anonymous_33)
FN:333,(anonymous_34)
FN:339,(anonymous_35)
FN:343,(anonymous_36)
FN:347,(anonymous_37)
FN:354,(anonymous_38)
FN:358,(anonymous_39)
FN:360,(anonymous_40)
FN:370,(anonymous_41)
FNF:40
FNH:12
FNDA:1,(anonymous_2)
FNDA:30,BusinessProcessWizardHeaderComponent
FNDA:30,(anonymous_4)
FNDA:30,(anonymous_5)
FNDA:30,(anonymous_6)
FNDA:30,(anonymous_7)
FNDA:29,(anonymous_8)
FNDA:0,(anonymous_9)
FNDA:660,(anonymous_10)
FNDA:0,(anonymous_11)
FNDA:0,(anonymous_12)
FNDA:30,(anonymous_13)
FNDA:0,(anonymous_14)
FNDA:30,(anonymous_15)
FNDA:0,(anonymous_16)
FNDA:0,(anonymous_17)
FNDA:0,(anonymous_18)
FNDA:0,(anonymous_19)
FNDA:0,(anonymous_20)
FNDA:0,(anonymous_21)
FNDA:0,(anonymous_22)
FNDA:0,(anonymous_23)
FNDA:0,(anonymous_24)
FNDA:0,(anonymous_25)
FNDA:30,(anonymous_26)
FNDA:0,(anonymous_27)
FNDA:0,(anonymous_28)
FNDA:0,(anonymous_29)
FNDA:0,(anonymous_30)
FNDA:0,(anonymous_31)
FNDA:0,(anonymous_32)
FNDA:30,(anonymous_33)
FNDA:0,(anonymous_34)
FNDA:0,(anonymous_35)
FNDA:0,(anonymous_36)
FNDA:0,(anonymous_37)
FNDA:0,(anonymous_38)
FNDA:0,(anonymous_39)
FNDA:0,(anonymous_40)
FNDA:0,(anonymous_41)
DA:30,1
DA:58,1
DA:59,30
DA:62,1
DA:63,1
DA:74,1
DA:75,30
DA:76,1
DA:77,1
DA:81,1
DA:89,30
DA:90,30
DA:91,30
DA:92,30
DA:93,30
DA:94,30
DA:105,30
DA:106,30
DA:107,30
DA:108,30
DA:109,30
DA:110,30
DA:111,30
DA:112,30
DA:113,30
DA:114,30
DA:115,30
DA:116,30
DA:117,30
DA:119,30
DA:120,30
DA:121,30
DA:122,30
DA:123,30
DA:124,30
DA:127,30
DA:130,30
DA:131,30
DA:132,30
DA:133,30
DA:135,30
DA:140,30
DA:142,30
DA:146,30
DA:147,30
DA:148,30
DA:151,1
DA:153,29
DA:154,29
DA:155,29
DA:158,0
DA:164,1
DA:165,660
DA:166,660
DA:168,0
DA:169,0
DA:171,0
DA:178,1
DA:179,0
DA:182,1
DA:184,0
DA:186,0
DA:187,0
DA:190,0
DA:191,0
DA:199,30
DA:200,30
DA:201,30
DA:204,0
DA:206,30
DA:209,30
DA:210,30
DA:211,0
DA:212,0
DA:215,0
DA:220,1
DA:221,0
DA:222,0
DA:223,0
DA:225,0
DA:226,0
DA:229,0
DA:230,0
DA:235,1
DA:236,0
DA:239,1
DA:240,0
DA:241,0
DA:244,0
DA:252,1
DA:253,0
DA:260,0
DA:261,0
DA:262,0
DA:264,0
DA:267,0
DA:275,1
DA:276,0
DA:277,0
DA:283,30
DA:284,30
DA:285,30
DA:286,30
DA:290,0
DA:291,0
DA:293,0
DA:294,0
DA:295,0
DA:298,0
DA:299,0
DA:304,1
DA:305,0
DA:306,0
DA:307,0
DA:308,0
DA:312,0
DA:313,0
DA:319,0
DA:320,0
DA:328,30
DA:329,30
DA:330,0
DA:331,0
DA:334,0
DA:339,1
DA:340,0
DA:341,0
DA:342,0
DA:344,0
DA:345,0
DA:348,0
DA:349,0
DA:354,1
DA:355,0
DA:358,1
DA:359,0
DA:361,0
DA:370,1
DA:371,0
DA:372,0
DA:379,1
LF:141
LH:78
BRDA:141,0,0,30
BRDA:141,0,1,0
BRDA:165,1,0,660
BRDA:165,1,1,0
BRDA:168,2,0,0
BRDA:168,2,1,0
BRDA:172,3,0,0
BRDA:172,3,1,0
BRDA:172,3,2,0
BRDA:172,3,3,0
BRDA:186,4,0,0
BRDA:186,4,1,0
BRDA:190,5,0,0
BRDA:190,5,1,0
BRDA:210,6,0,0
BRDA:210,6,1,30
BRDA:240,7,0,0
BRDA:240,7,1,0
BRDA:240,8,0,0
BRDA:240,8,1,0
BRDA:260,9,0,0
BRDA:260,9,1,0
BRDA:276,10,0,0
BRDA:276,10,1,0
BRDA:329,11,0,0
BRDA:329,11,1,30
BRDA:360,12,0,0
BRDA:360,12,1,0
BRF:28
BRH:4
end_of_record
TN:
SF:/Users/pavelterenin/workspace/rhea-ui/src/app/business-processes/business-process-wizard/shared/components/business-process-wizard-header/business-process-wizard-header.module.ts
FN:49,(anonymous_1)
FNF:1
FNH:1
FNDA:22,(anonymous_1)
DA:49,1
LF:1
LH:1
BRF:0
BRH:0
end_of_record
TN:
SF:/Users/pavelterenin/workspace/rhea-ui/src/app/business-processes/business-process-wizard/shared/components/custom-icon-maximize/custom-icon-maximize.component.ts
FN:8,(anonymous_2)
FN:9,CustomIconMaximizeComponent
FN:11,(anonymous_4)
FNF:3
FNH:3
FNDA:1,(anonymous_2)
FNDA:1,CustomIconMaximizeComponent
FNDA:1,(anonymous_4)
DA:8,1
DA:11,1
DA:12,1
LF:3
LH:3
BRF:0
BRH:0
end_of_record
TN:
SF:/Users/pavelterenin/workspace/rhea-ui/src/app/business-processes/business-process-wizard/shared/components/custom-icon-minimize/custom-icon-minimize.component.ts
FN:8,(anonymous_2)
FN:9,CustomIconMinimizeComponent
FN:11,(anonymous_4)
FNF:3
FNH:3
FNDA:1,(anonymous_2)
FNDA:1,CustomIconMinimizeComponent
FNDA:1,(anonymous_4)
DA:8,1
DA:11,1
DA:12,1
LF:3
LH:3
BRF:0
BRH:0
end_of_record
TN:
SF:/Users/pavelterenin/workspace/rhea-ui/src/app/business-processes/business-process-wizard/shared/components/data-inventory-card/data-inventory-card.component.ts
FN:19,(anonymous_2)
FN:82,DataInventoryCardComponent
FN:51,(anonymous_4)
FN:41,(anonymous_5)
FN:63,(anonymous_6)
FN:57,(anonymous_7)
FN:67,(anonymous_8)
FN:92,(anonymous_9)
FN:95,(anonymous_10)
FN:102,(anonymous_11)
FN:103,(anonymous_12)
FN:111,(anonymous_13)
FN:113,(anonymous_14)
FN:116,(anonymous_15)
FN:117,(anonymous_16)
FN:134,(anonymous_17)
FN:139,(anonymous_18)
FN:150,(anonymous_19)
FN:151,(anonymous_20)
FN:152,(anonymous_21)
FN:163,(anonymous_22)
FN:167,(anonymous_23)
FN:170,(anonymous_24)
FN:176,(anonymous_25)
FN:183,(anonymous_26)
FN:187,(anonymous_27)
FN:189,(anonymous_28)
FN:191,(anonymous_29)
FN:203,(anonymous_30)
FN:204,(anonymous_31)
FN:210,(anonymous_32)
FN:212,(anonymous_33)
FN:215,(anonymous_34)
FN:219,(anonymous_35)
FN:230,(anonymous_36)
FN:231,(anonymous_37)
FN:234,(anonymous_38)
FN:235,(anonymous_39)
FN:238,(anonymous_40)
FN:241,(anonymous_41)
FN:252,(anonymous_42)
FN:259,(anonymous_43)
FN:262,(anonymous_44)
FN:270,(anonymous_45)
FN:274,(anonymous_46)
FN:278,(anonymous_47)
FN:279,(anonymous_48)
FN:284,(anonymous_49)
FN:288,(anonymous_50)
FN:291,(anonymous_51)
FN:295,(anonymous_52)
FN:302,(anonymous_53)
FN:306,(anonymous_54)
FN:312,(anonymous_55)
FN:319,(anonymous_56)
FN:320,(anonymous_57)
FN:322,(anonymous_58)
FN:326,(anonymous_59)
FN:332,(anonymous_60)
FN:339,(anonymous_61)
FN:341,(anonymous_62)
FN:345,(anonymous_63)
FN:347,(anonymous_64)
FN:350,(anonymous_65)
FN:352,(anonymous_66)
FN:355,(anonymous_67)
FN:357,(anonymous_68)
FN:360,(anonymous_69)
FN:364,(anonymous_70)
FN:372,(anonymous_71)
FN:377,(anonymous_72)
FN:380,(anonymous_73)
FN:385,(anonymous_74)
FN:388,(anonymous_75)
FN:396,(anonymous_76)
FN:405,(anonymous_77)
FN:406,(anonymous_78)
FN:409,(anonymous_79)
FN:410,(anonymous_80)
FN:413,(anonymous_81)
FNF:80
FNH:15
FNDA:1,(anonymous_2)
FNDA:3,DataInventoryCardComponent
FNDA:6,(anonymous_4)
FNDA:2,(anonymous_5)
FNDA:0,(anonymous_6)
FNDA:2,(anonymous_7)
FNDA:6,(anonymous_8)
FNDA:3,(anonymous_9)
FNDA:0,(anonymous_10)
FNDA:0,(anonymous_11)
FNDA:0,(anonymous_12)
FNDA:0,(anonymous_13)
FNDA:0,(anonymous_14)
FNDA:0,(anonymous_15)
FNDA:0,(anonymous_16)
FNDA:0,(anonymous_17)
FNDA:0,(anonymous_18)
FNDA:0,(anonymous_19)
FNDA:0,(anonymous_20)
FNDA:0,(anonymous_21)
FNDA:0,(anonymous_22)
FNDA:0,(anonymous_23)
FNDA:0,(anonymous_24)
FNDA:0,(anonymous_25)
FNDA:0,(anonymous_26)
FNDA:0,(anonymous_27)
FNDA:0,(anonymous_28)
FNDA:0,(anonymous_29)
FNDA:6,(anonymous_30)
FNDA:0,(anonymous_31)
FNDA:0,(anonymous_32)
FNDA:0,(anonymous_33)
FNDA:0,(anonymous_34)
FNDA:6,(anonymous_35)
FNDA:6,(anonymous_36)
FNDA:0,(anonymous_37)
FNDA:0,(anonymous_38)
FNDA:0,(anonymous_39)
FNDA:0,(anonymous_40)
FNDA:0,(anonymous_41)
FNDA:0,(anonymous_42)
FNDA:0,(anonymous_43)
FNDA:0,(anonymous_44)
FNDA:0,(anonymous_45)
FNDA:0,(anonymous_46)
FNDA:0,(anonymous_47)
FNDA:0,(anonymous_48)
FNDA:0,(anonymous_49)
FNDA:0,(anonymous_50)
FNDA:0,(anonymous_51)
FNDA:0,(anonymous_52)
FNDA:0,(anonymous_53)
FNDA:0,(anonymous_54)
FNDA:0,(anonymous_55)
FNDA:0,(anonymous_56)
FNDA:0,(anonymous_57)
FNDA:0,(anonymous_58)
FNDA:0,(anonymous_59)
FNDA:0,(anonymous_60)
FNDA:0,(anonymous_61)
FNDA:0,(anonymous_62)
FNDA:0,(anonymous_63)
FNDA:0,(anonymous_64)
FNDA:6,(anonymous_65)
FNDA:0,(anonymous_66)
FNDA:6,(anonymous_67)
FNDA:0,(anonymous_68)
FNDA:0,(anonymous_69)
FNDA:0,(anonymous_70)
FNDA:6,(anonymous_71)
FNDA:0,(anonymous_72)
FNDA:0,(anonymous_73)
FNDA:0,(anonymous_74)
FNDA:6,(anonymous_75)
FNDA:0,(anonymous_76)
FNDA:0,(anonymous_77)
FNDA:0,(anonymous_78)
FNDA:0,(anonymous_79)
FNDA:0,(anonymous_80)
FNDA:3,(anonymous_81)
DA:19,1
DA:20,1
DA:21,1
DA:22,1
DA:23,1
DA:24,1
DA:25,1
DA:26,1
DA:27,1
DA:28,1
DA:29,1
DA:37,3
DA:41,2
DA:42,2
DA:43,0
DA:44,0
DA:45,0
DA:46,0
DA:47,0
DA:48,0
DA:52,6
DA:57,2
DA:58,2
DA:59,0
DA:60,0
DA:64,0
DA:67,1
DA:68,6
DA:73,3
DA:74,3
DA:76,3
DA:77,3
DA:80,3
DA:83,3
DA:84,3
DA:86,3
DA:89,3
DA:92,3
DA:93,3
DA:96,0
DA:97,0
DA:102,1
DA:103,0
DA:104,0
DA:105,0
DA:106,0
DA:111,1
DA:112,0
DA:113,0
DA:114,0
DA:116,0
DA:117,0
DA:118,0
DA:127,0
DA:131,0
DA:134,1
DA:135,0
DA:139,0
DA:140,0
DA:150,1
DA:151,0
DA:152,0
DA:153,0
DA:154,0
DA:155,0
DA:156,0
DA:160,0
DA:163,1
DA:164,0
DA:167,1
DA:168,0
DA:169,0
DA:170,0
DA:171,0
DA:173,0
DA:174,0
DA:175,0
DA:176,0
DA:177,0
DA:179,0
DA:183,1
DA:184,0
DA:187,0
DA:188,0
DA:189,0
DA:190,0
DA:191,0
DA:192,0
DA:193,0
DA:197,0
DA:198,0
DA:203,1
DA:204,6
DA:207,6
DA:210,1
DA:211,0
DA:212,0
DA:215,1
DA:216,0
DA:219,1
DA:220,6
DA:223,2
DA:226,2
DA:230,1
DA:231,6
DA:234,1
DA:235,0
DA:238,0
DA:241,0
DA:242,0
DA:243,0
DA:244,0
DA:252,1
DA:253,0
DA:255,0
DA:256,0
DA:258,0
DA:259,0
DA:262,1
DA:263,0
DA:264,0
DA:266,0
DA:267,0
DA:268,0
DA:270,0
DA:274,1
DA:275,0
DA:277,0
DA:278,0
DA:279,0
DA:281,0
DA:284,1
DA:285,0
DA:287,0
DA:288,0
DA:291,1
DA:292,0
DA:294,0
DA:295,0
DA:296,0
DA:299,0
DA:302,1
DA:303,0
DA:304,0
DA:306,0
DA:307,0
DA:309,0
DA:310,0
DA:312,0
DA:316,0
DA:319,1
DA:320,0
DA:321,0
DA:322,0
DA:326,1
DA:331,0
DA:332,0
DA:333,0
DA:334,0
DA:339,1
DA:340,0
DA:341,0
DA:342,0
DA:345,1
DA:346,0
DA:347,0
DA:350,1
DA:351,6
DA:352,6
DA:355,1
DA:356,6
DA:357,6
DA:360,1
DA:361,0
DA:364,1
DA:365,0
DA:366,0
DA:368,0
DA:369,0
DA:372,1
DA:373,6
DA:374,6
DA:377,0
DA:380,1
DA:381,0
DA:382,0
DA:385,0
DA:388,1
DA:389,6
DA:390,6
DA:393,0
DA:396,1
DA:397,0
DA:398,0
DA:399,0
DA:401,0
DA:405,1
DA:406,0
DA:409,1
DA:410,0
DA:413,1
DA:414,3
DA:415,3
DA:418,1
LF:204
LH:81
BRDA:42,0,0,0
BRDA:42,0,1,2
BRDA:58,1,0,0
BRDA:58,1,1,2
BRDA:96,2,0,0
BRDA:96,2,1,0
BRDA:104,3,0,0
BRDA:104,3,1,0
BRDA:105,4,0,0
BRDA:105,4,1,0
BRDA:154,5,0,0
BRDA:154,5,1,0
BRDA:168,6,0,0
BRDA:168,6,1,0
BRDA:168,7,0,0
BRDA:168,7,1,0
BRDA:174,8,0,0
BRDA:174,8,1,0
BRDA:192,9,0,0
BRDA:192,9,1,0
BRDA:197,10,0,0
BRDA:197,10,1,0
BRDA:211,11,0,0
BRDA:211,11,1,0
BRDA:221,12,0,2
BRDA:221,12,1,2
BRDA:266,13,0,0
BRDA:266,13,1,0
BRDA:281,14,0,0
BRDA:281,14,1,0
BRDA:309,15,0,0
BRDA:309,15,1,0
BRDA:333,16,0,0
BRDA:333,16,1,0
BRDA:373,17,0,6
BRDA:373,17,1,0
BRDA:373,18,0,6
BRDA:373,18,1,6
BRDA:381,19,0,0
BRDA:381,19,1,0
BRDA:381,20,0,0
BRDA:381,20,1,0
BRDA:389,21,0,6
BRDA:389,21,1,0
BRDA:389,22,0,6
BRDA:389,22,1,6
BRDA:393,23,0,0
BRDA:393,23,1,0
BRDA:398,24,0,0
BRDA:398,24,1,0
BRDA:414,25,0,3
BRDA:414,25,1,0
BRF:52
BRH:11
end_of_record
TN:
SF:/Users/pavelterenin/workspace/rhea-ui/src/app/business-processes/business-process-wizard/shared/components/data-inventory-card-add/data-inventory-card-add.component.ts
FN:16,(anonymous_2)
FN:23,DataInventoryCardAddComponent
FN:28,(anonymous_4)
FN:30,(anonymous_5)
FN:34,(anonymous_6)
FNF:5
FNH:3
FNDA:1,(anonymous_2)
FNDA:4,DataInventoryCardAddComponent
FNDA:4,(anonymous_4)
FNDA:0,(anonymous_5)
FNDA:0,(anonymous_6)
DA:16,1
DA:17,1
DA:19,1
DA:20,4
DA:21,1
DA:24,4
DA:25,4
DA:28,1
DA:30,1
DA:31,0
DA:34,1
DA:35,0
DA:36,0
DA:37,0
DA:40,0
DA:42,1
LF:16
LH:11
BRDA:35,0,0,0
BRDA:35,0,1,0
BRF:2
BRH:0
end_of_record
TN:
SF:/Users/pavelterenin/workspace/rhea-ui/src/app/business-processes/business-process-wizard/shared/components/data-inventory-card-filter/data-inventory-card-filter.component.ts
FN:16,(anonymous_2)
FN:33,DataInventoryCardFilterComponent
FN:47,(anonymous_4)
FN:49,(anonymous_5)
FN:57,(anonymous_6)
FNF:5
FNH:3
FNDA:1,(anonymous_2)
FNDA:4,DataInventoryCardFilterComponent
FNDA:4,(anonymous_4)
FNDA:0,(anonymous_5)
FNDA:0,(anonymous_6)
DA:16,1
DA:17,1
DA:19,1
DA:20,1
DA:21,4
DA:23,1
DA:24,1
DA:25,1
DA:27,1
DA:28,1
DA:29,1
DA:31,1
DA:34,4
DA:37,4
DA:38,4
DA:39,4
DA:42,4
DA:43,4
DA:44,4
DA:47,1
DA:49,1
DA:50,0
DA:52,0
DA:53,0
DA:57,1
DA:58,0
DA:60,0
DA:61,0
DA:64,1
LF:29
LH:23
BRDA:52,0,0,0
BRDA:52,0,1,0
BRDA:60,1,0,0
BRDA:60,1,1,0
BRF:4
BRH:0
end_of_record
TN:
SF:/Users/pavelterenin/workspace/rhea-ui/src/app/business-processes/business-process-wizard/shared/components/data-inventory-card-table-body/data-inventory-card-table-body.component.ts
FN:16,(anonymous_2)
FN:24,DataInventoryCardTableBodyComponent
FN:26,(anonymous_4)
FN:28,(anonymous_5)
FN:33,(anonymous_6)
FNF:5
FNH:3
FNDA:1,(anonymous_2)
FNDA:1,DataInventoryCardTableBodyComponent
FNDA:1,(anonymous_4)
FNDA:0,(anonymous_5)
FNDA:0,(anonymous_6)
DA:16,1
DA:17,1
DA:18,1
DA:19,1
DA:21,1
DA:22,1
DA:26,1
DA:28,1
DA:29,0
DA:30,0
DA:33,1
DA:34,0
DA:35,0
DA:37,1
LF:14
LH:10
BRF:0
BRH:0
end_of_record
TN:
SF:/Users/pavelterenin/workspace/rhea-ui/src/app/business-processes/business-process-wizard/shared/components/modals/modals.module.ts
FN:47,(anonymous_1)
FNF:1
FNH:1
FNDA:77,(anonymous_1)
DA:47,1
LF:1
LH:1
BRF:0
BRH:0
end_of_record
TN:
SF:/Users/pavelterenin/workspace/rhea-ui/src/app/business-processes/business-process-wizard/shared/components/modals/modal-confirmation-basic/modal-confirmation-basic.component.ts
FN:17,(anonymous_2)
FN:32,ModalConfirmationBasicComponent
FN:44,(anonymous_4)
FN:46,(anonymous_5)
FN:53,(anonymous_6)
FNF:5
FNH:5
FNDA:1,(anonymous_2)
FNDA:4,ModalConfirmationBasicComponent
FNDA:4,(anonymous_4)
FNDA:2,(anonymous_5)
FNDA:1,(anonymous_6)
DA:17,1
DA:18,1
DA:19,1
DA:20,1
DA:21,1
DA:22,1
DA:23,1
DA:24,1
DA:25,1
DA:27,1
DA:29,1
DA:30,1
DA:32,4
DA:33,4
DA:34,4
DA:35,4
DA:36,4
DA:37,4
DA:38,4
DA:40,4
DA:41,4
DA:44,1
DA:46,1
DA:47,2
DA:48,1
DA:49,1
DA:53,1
DA:54,1
DA:55,1
DA:57,1
LF:30
LH:30
BRDA:47,0,0,1
BRDA:47,0,1,1
BRF:2
BRH:2
end_of_record
TN:
SF:/Users/pavelterenin/workspace/rhea-ui/src/app/business-processes/business-process-wizard/shared/components/modals/modal-confirmation-three-button/modal-confirmation-three-button.component.ts
FN:17,(anonymous_2)
FN:35,ModalConfirmationThreeButtonComponent
FN:49,(anonymous_4)
FN:51,(anonymous_5)
FN:58,(anonymous_6)
FN:63,(anonymous_7)
FNF:6
FNH:6
FNDA:1,(anonymous_2)
FNDA:5,ModalConfirmationThreeButtonComponent
FNDA:5,(anonymous_4)
FNDA:2,(anonymous_5)
FNDA:1,(anonymous_6)
FNDA:1,(anonymous_7)
DA:17,1
DA:18,1
DA:19,1
DA:20,1
DA:21,1
DA:22,1
DA:23,1
DA:24,1
DA:25,1
DA:26,1
DA:27,1
DA:29,1
DA:31,1
DA:32,1
DA:33,1
DA:35,5
DA:36,5
DA:37,5
DA:38,5
DA:39,5
DA:40,5
DA:41,5
DA:42,5
DA:44,5
DA:45,5
DA:46,5
DA:49,1
DA:51,1
DA:52,2
DA:53,1
DA:54,1
DA:58,1
DA:59,1
DA:60,1
DA:63,1
DA:64,1
DA:65,1
DA:67,1
LF:38
LH:38
BRDA:52,0,0,1
BRDA:52,0,1,1
BRF:2
BRH:2
end_of_record
TN:
SF:/Users/pavelterenin/workspace/rhea-ui/src/app/business-processes/business-process-wizard/shared/components/modals/modal-revalidation-date-edit/modal-revalidation-date-edit.component.ts
FN:36,(anonymous_2)
FN:69,ModalRevalidationDateEditComponent
FN:78,(anonymous_4)
FN:83,(anonymous_5)
FN:95,(anonymous_6)
FN:123,(anonymous_7)
FN:130,(anonymous_8)
FN:137,(anonymous_9)
FN:139,(anonymous_10)
FN:143,(anonymous_11)
FN:149,(anonymous_12)
FN:159,(anonymous_13)
FN:163,(anonymous_14)
FN:167,(anonymous_15)
FN:170,(anonymous_16)
FN:173,(anonymous_17)
FN:180,(anonymous_18)
FN:187,(anonymous_19)
FN:193,(anonymous_20)
FN:200,(anonymous_21)
FN:215,(anonymous_22)
FN:216,(anonymous_23)
FN:220,(anonymous_24)
FN:243,(anonymous_25)
FN:252,(anonymous_26)
FN:256,(anonymous_27)
FN:281,(anonymous_28)
FN:283,(anonymous_29)
FN:286,(anonymous_30)
FN:295,(anonymous_31)
FN:297,(anonymous_32)
FN:301,(anonymous_33)
FN:307,(anonymous_34)
FN:311,(anonymous_35)
FN:341,(anonymous_36)
FN:342,(anonymous_37)
FN:345,(anonymous_38)
FN:349,(anonymous_39)
FN:353,(anonymous_40)
FN:357,(anonymous_41)
FN:365,(anonymous_42)
FN:367,(anonymous_43)
FN:374,(anonymous_44)
FN:389,(anonymous_45)
FN:396,(anonymous_46)
FN:405,(anonymous_47)
FN:406,(anonymous_48)
FN:420,(anonymous_49)
FN:425,(anonymous_50)
FN:428,(anonymous_51)
FN:434,(anonymous_52)
FN:438,(anonymous_53)
FN:442,(anonymous_54)
FN:446,(anonymous_55)
FN:447,(anonymous_56)
FN:448,(anonymous_57)
FN:453,(anonymous_58)
FNF:57
FNH:56
FNDA:1,(anonymous_2)
FNDA:42,ModalRevalidationDateEditComponent
FNDA:42,(anonymous_4)
FNDA:43,(anonymous_5)
FNDA:1,(anonymous_6)
FNDA:42,(anonymous_7)
FNDA:0,(anonymous_8)
FNDA:3,(anonymous_9)
FNDA:6,(anonymous_10)
FNDA:4,(anonymous_11)
FNDA:42,(anonymous_12)
FNDA:1,(anonymous_13)
FNDA:166,(anonymous_14)
FNDA:1,(anonymous_15)
FNDA:2,(anonymous_16)
FNDA:3,(anonymous_17)
FNDA:2,(anonymous_18)
FNDA:1,(anonymous_19)
FNDA:1,(anonymous_20)
FNDA:166,(anonymous_21)
FNDA:3,(anonymous_22)
FNDA:6,(anonymous_23)
FNDA:1,(anonymous_24)
FNDA:2,(anonymous_25)
FNDA:1,(anonymous_26)
FNDA:4,(anonymous_27)
FNDA:3,(anonymous_28)
FNDA:4,(anonymous_29)
FNDA:10,(anonymous_30)
FNDA:3,(anonymous_31)
FNDA:4,(anonymous_32)
FNDA:1,(anonymous_33)
FNDA:1,(anonymous_34)
FNDA:2,(anonymous_35)
FNDA:10,(anonymous_36)
FNDA:17,(anonymous_37)
FNDA:1,(anonymous_38)
FNDA:1,(anonymous_39)
FNDA:1,(anonymous_40)
FNDA:169,(anonymous_41)
FNDA:8,(anonymous_42)
FNDA:22,(anonymous_43)
FNDA:2,(anonymous_44)
FNDA:1,(anonymous_45)
FNDA:1,(anonymous_46)
FNDA:3,(anonymous_47)
FNDA:19,(anonymous_48)
FNDA:2,(anonymous_49)
FNDA:1,(anonymous_50)
FNDA:1,(anonymous_51)
FNDA:3,(anonymous_52)
FNDA:2,(anonymous_53)
FNDA:3,(anonymous_54)
FNDA:1,(anonymous_55)
FNDA:2,(anonymous_56)
FNDA:3,(anonymous_57)
FNDA:42,(anonymous_58)
DA:36,1
DA:37,42
DA:39,42
DA:46,42
DA:50,42
DA:51,42
DA:52,42
DA:53,42
DA:61,42
DA:62,42
DA:63,42
DA:64,42
DA:65,42
DA:66,42
DA:67,42
DA:70,42
DA:71,42
DA:72,42
DA:73,42
DA:74,42
DA:75,42
DA:78,1
DA:79,42
DA:80,42
DA:83,43
DA:84,43
DA:85,1
DA:88,43
DA:95,1
DA:96,1
DA:97,1
DA:98,1
DA:99,1
DA:101,1
DA:102,1
DA:103,1
DA:104,1
DA:108,1
DA:111,1
DA:116,1
DA:117,1
DA:118,1
DA:119,1
DA:123,42
DA:124,42
DA:125,0
DA:128,42
DA:131,0
DA:132,0
DA:137,1
DA:138,3
DA:139,2
DA:140,6
DA:142,1
DA:143,1
DA:144,4
DA:149,1
DA:150,42
DA:151,0
DA:154,42
DA:159,1
DA:160,1
DA:163,1
DA:164,166
DA:167,1
DA:168,1
DA:170,2
DA:172,1
DA:173,3
DA:176,1
DA:177,1
DA:180,2
DA:181,2
DA:182,2
DA:183,2
DA:184,2
DA:186,2
DA:188,1
DA:189,1
DA:190,1
DA:191,1
DA:194,1
DA:200,1
DA:201,166
DA:202,12
DA:203,12
DA:206,154
DA:207,0
DA:208,0
DA:212,154
DA:215,1
DA:216,6
DA:217,3
DA:220,1
DA:221,1
DA:234,1
DA:235,1
DA:240,1
DA:243,1
DA:244,2
DA:245,1
DA:246,1
DA:249,1
DA:252,1
DA:253,1
DA:256,1
DA:257,4
DA:270,4
DA:271,2
DA:278,4
DA:281,1
DA:282,3
DA:283,4
DA:286,3
DA:287,10
DA:295,1
DA:296,3
DA:297,4
DA:301,1
DA:302,1
DA:303,1
DA:307,1
DA:308,1
DA:311,1
DA:314,2
DA:315,1
DA:316,1
DA:320,1
DA:329,1
DA:331,1
DA:334,2
DA:341,1
DA:342,17
DA:345,1
DA:346,1
DA:349,1
DA:350,1
DA:353,1
DA:354,1
DA:357,1
DA:358,169
DA:365,1
DA:366,8
DA:367,22
DA:369,8
DA:374,2
DA:375,2
DA:377,2
DA:378,2
DA:380,2
DA:381,2
DA:382,2
DA:384,2
DA:390,1
DA:391,1
DA:392,1
DA:393,1
DA:394,1
DA:397,1
DA:398,1
DA:399,1
DA:405,1
DA:406,19
DA:407,3
DA:408,1
DA:415,3
DA:416,1
DA:420,2
DA:421,2
DA:422,2
DA:426,1
DA:429,1
DA:434,1
DA:435,3
DA:438,1
DA:439,2
DA:442,1
DA:443,3
DA:446,1
DA:447,2
DA:448,1
DA:449,3
DA:453,1
DA:454,1
LF:184
LH:178
BRDA:84,0,0,1
BRDA:84,0,1,42
BRDA:96,1,0,1
BRDA:96,1,1,0
BRDA:101,2,0,1
BRDA:101,2,1,0
BRDA:102,3,0,1
BRDA:102,3,1,0
BRDA:124,4,0,0
BRDA:124,4,1,42
BRDA:131,5,0,0
BRDA:131,5,1,0
BRDA:138,6,0,2
BRDA:138,6,1,1
BRDA:138,7,0,3
BRDA:138,7,1,2
BRDA:142,8,0,1
BRDA:142,8,1,0
BRDA:150,9,0,0
BRDA:150,9,1,42
BRDA:164,10,0,166
BRDA:164,10,1,0
BRDA:180,11,0,0
BRDA:180,11,1,2
BRDA:181,12,0,2
BRDA:181,12,1,0
BRDA:201,13,0,12
BRDA:201,13,1,154
BRDA:206,14,0,0
BRDA:206,14,1,154
BRDA:229,15,0,1
BRDA:229,15,1,0
BRDA:234,16,0,1
BRDA:234,16,1,0
BRDA:244,17,0,1
BRDA:244,17,1,1
BRDA:261,18,0,3
BRDA:261,18,1,1
BRDA:266,19,0,3
BRDA:266,19,1,1
BRDA:270,20,0,2
BRDA:270,20,1,2
BRDA:274,21,0,2
BRDA:274,21,1,0
BRDA:283,22,0,2
BRDA:283,22,1,1
BRDA:296,23,0,3
BRDA:296,23,1,0
BRDA:302,24,0,1
BRDA:302,24,1,0
BRDA:314,25,0,1
BRDA:314,25,1,1
BRDA:359,26,0,169
BRDA:359,26,1,14
BRDA:359,26,2,7
BRDA:370,27,0,8
BRDA:370,27,1,6
BRDA:380,28,0,2
BRDA:380,28,1,0
BRDA:380,29,0,2
BRDA:380,29,1,2
BRDA:380,29,2,2
BRDA:407,30,0,1
BRDA:407,30,1,2
BRDA:407,31,0,3
BRDA:407,31,1,2
BRDA:415,32,0,1
BRDA:415,32,1,2
[...]
FN:36,(anonymous_5)
FN:59,(anonymous_6)
FN:62,(anonymous_7)
FN:66,(anonymous_8)
FN:71,(anonymous_9)
FN:73,(anonymous_10)
FN:83,(anonymous_11)
FN:88,(anonymous_12)
FN:93,(anonymous_13)
FN:103,(anonymous_14)
FN:112,(anonymous_15)
FN:113,(anonymous_16)
FN:114,(anonymous_17)
FN:118,(anonymous_18)
FN:124,(anonymous_19)
FN:130,(anonymous_20)
FN:139,(anonymous_21)
FN:141,(anonymous_22)
FN:146,(anonymous_23)
FNF:22
FNH:3
FNDA:1,(anonymous_2)
FNDA:1,FeatureFlagService
FNDA:1,(anonymous_4)
FNDA:0,(anonymous_5)
FNDA:0,(anonymous_6)
FNDA:0,(anonymous_7)
FNDA:0,(anonymous_8)
FNDA:0,(anonymous_9)
FNDA:0,(anonymous_10)
FNDA:0,(anonymous_11)
FNDA:0,(anonymous_12)
FNDA:0,(anonymous_13)
FNDA:0,(anonymous_14)
FNDA:0,(anonymous_15)
FNDA:0,(anonymous_16)
FNDA:0,(anonymous_17)
FNDA:0,(anonymous_18)
FNDA:0,(anonymous_19)
FNDA:0,(anonymous_20)
FNDA:0,(anonymous_21)
FNDA:0,(anonymous_22)
FNDA:0,(anonymous_23)
DA:20,1
DA:23,1
DA:24,1
DA:25,1
DA:27,1
DA:28,1
DA:29,1
DA:30,0
DA:36,1
DA:37,0
DA:56,0
DA:59,1
DA:60,0
DA:61,0
DA:62,0
DA:66,1
DA:67,0
DA:68,0
DA:71,1
DA:72,0
DA:73,0
DA:75,0
DA:76,0
DA:79,0
DA:83,0
DA:84,0
DA:88,0
DA:93,1
DA:98,0
DA:100,0
DA:102,0
DA:103,0
DA:106,0
DA:108,0
DA:111,0
DA:112,0
DA:114,0
DA:115,0
DA:118,0
DA:120,0
DA:124,1
DA:125,0
DA:126,0
DA:129,0
DA:130,0
DA:133,0
DA:134,0
DA:137,0
DA:139,0
DA:141,0
DA:142,0
DA:145,0
DA:146,0
DA:149,1
LF:54
LH:14
BRDA:29,0,0,0
BRDA:29,0,1,1
BRDA:75,1,0,0
BRDA:75,1,1,0
BRDA:79,2,0,0
BRDA:79,2,1,0
BRDA:80,3,0,0
BRDA:80,3,1,0
BRDA:98,4,0,0
BRDA:98,4,1,0
BRDA:98,5,0,0
BRDA:98,5,1,0
BRDA:106,6,0,0
BRDA:106,6,1,0
BRDA:114,7,0,0
BRDA:114,7,1,0
BRDA:120,8,0,0
BRDA:120,8,1,0
BRDA:125,9,0,0
BRDA:125,9,1,0
BRDA:125,10,0,0
BRDA:125,10,1,0
BRDA:133,11,0,0
BRDA:133,11,1,0
BRDA:137,12,0,0
BRDA:137,12,1,0
BRDA:138,13,0,0
BRDA:138,13,1,0
BRF:28
BRH:1
end_of_record
TN:
SF:/Users/pavelterenin/workspace/rhea-ui/src/app/shared/services/high-risk/high-risk.service.ts
FN:9,(anonymous_2)
FN:10,HighRiskService
FN:12,(anonymous_4)
FNF:3
FNH:3
FNDA:1,(anonymous_2)
FNDA:2,HighRiskService
FNDA:1,(anonymous_4)
DA:9,1
DA:10,2
DA:12,1
DA:15,1
DA:19,1
LF:5
LH:5
BRF:0
BRH:0
end_of_record
TN:
SF:/Users/pavelterenin/workspace/rhea-ui/src/app/shared/services/import/import.service.ts
FN:9,(anonymous_2)
FN:10,ImportService
FN:12,(anonymous_4)
FN:19,(anonymous_5)
FNF:4
FNH:2
FNDA:1,(anonymous_2)
FNDA:2,ImportService
FNDA:0,(anonymous_4)
FNDA:0,(anonymous_5)
DA:9,1
DA:10,2
DA:12,1
DA:13,0
DA:19,1
DA:22,0
DA:30,1
LF:7
LH:5
BRF:0
BRH:0
end_of_record
TN:
SF:/Users/pavelterenin/workspace/rhea-ui/src/app/shared/services/it-system/it-system.service.ts
FN:11,(anonymous_2)
FN:12,ItSystemService
FN:17,(anonymous_4)
FN:20,(anonymous_5)
FN:24,(anonymous_6)
FNF:5
FNH:3
FNDA:1,(anonymous_2)
FNDA:6,ItSystemService
FNDA:1,(anonymous_4)
FNDA:0,(anonymous_5)
FNDA:0,(anonymous_6)
DA:11,1
DA:13,6
DA:14,6
DA:17,1
DA:18,1
DA:20,1
DA:21,0
DA:24,0
DA:28,1
LF:9
LH:7
BRF:0
BRH:0
end_of_record
TN:
SF:/Users/pavelterenin/workspace/rhea-ui/src/app/shared/services/loading/loading-event.service.ts
FN:7,(anonymous_1)
FN:4,LoadingEventService
FN:10,(anonymous_3)
FN:14,(anonymous_4)
FNF:4
FNH:4
FNDA:1,(anonymous_1)
FNDA:5,LoadingEventService
FNDA:1,(anonymous_3)
FNDA:4,(anonymous_4)
DA:7,1
DA:8,5
DA:10,1
DA:11,1
DA:14,1
DA:15,4
DA:17,1
LF:7
LH:7
BRF:0
BRH:0
end_of_record
TN:
SF:/Users/pavelterenin/workspace/rhea-ui/src/app/shared/services/location/location.service.ts
FN:16,(anonymous_4)
FN:22,LocationService
FN:28,(anonymous_6)
FN:32,(anonymous_7)
FN:36,(anonymous_8)
FN:38,(anonymous_9)
FN:39,(anonymous_10)
FN:61,(anonymous_11)
FN:95,(anonymous_12)
FN:99,(anonymous_13)
FN:103,(anonymous_14)
FN:111,(anonymous_15)
FN:113,(anonymous_16)
FN:126,(anonymous_17)
FN:128,(anonymous_18)
FN:136,(anonymous_19)
FN:138,(anonymous_20)
FN:139,(anonymous_21)
FN:149,(anonymous_22)
FN:158,(anonymous_23)
FN:166,(anonymous_24)
FN:167,(anonymous_25)
FN:168,(anonymous_26)
FN:181,(anonymous_27)
FN:187,(anonymous_28)
FN:190,(anonymous_29)
FN:191,(anonymous_30)
FN:194,(anonymous_31)
FN:206,(anonymous_32)
FN:215,(anonymous_33)
FN:220,(anonymous_34)
FN:229,(anonymous_35)
FN:237,(anonymous_36)
FNF:33
FNH:4
FNDA:1,(anonymous_4)
FNDA:111,LocationService
FNDA:0,(anonymous_6)
FNDA:0,(anonymous_7)
FNDA:0,(anonymous_8)
FNDA:0,(anonymous_9)
FNDA:0,(anonymous_10)
FNDA:0,(anonymous_11)
FNDA:0,(anonymous_12)
FNDA:0,(anonymous_13)
FNDA:42,(anonymous_14)
FNDA:0,(anonymous_15)
FNDA:0,(anonymous_16)
FNDA:0,(anonymous_17)
FNDA:0,(anonymous_18)
FNDA:0,(anonymous_19)
FNDA:0,(anonymous_20)
FNDA:0,(anonymous_21)
FNDA:0,(anonymous_22)
FNDA:0,(anonymous_23)
FNDA:0,(anonymous_24)
FNDA:0,(anonymous_25)
FNDA:0,(anonymous_26)
FNDA:0,(anonymous_27)
FNDA:0,(anonymous_28)
FNDA:0,(anonymous_29)
FNDA:0,(anonymous_30)
FNDA:0,(anonymous_31)
FNDA:0,(anonymous_32)
FNDA:21,(anonymous_33)
FNDA:0,(anonymous_34)
FNDA:0,(anonymous_35)
FNDA:0,(anonymous_36)
DA:16,1
DA:17,111
DA:18,111
DA:19,111
DA:20,111
DA:22,111
DA:23,111
DA:24,111
DA:25,111
DA:28,1
DA:29,0
DA:32,1
DA:33,0
DA:36,1
DA:37,0
DA:38,0
DA:39,0
DA:40,0
DA:60,0
DA:61,0
DA:62,0
DA:92,0
DA:95,1
DA:96,0
DA:99,1
DA:100,0
DA:103,42
DA:104,81
DA:105,84
DA:107,42
DA:111,0
DA:113,42
DA:114,0
DA:115,0
DA:119,42
DA:123,42
DA:126,1
DA:127,0
DA:128,0
DA:130,0
DA:131,0
DA:133,0
DA:136,1
DA:137,0
DA:138,0
DA:139,0
DA:142,0
DA:149,1
DA:150,0
DA:152,0
DA:155,0
DA:158,0
DA:161,0
DA:162,0
DA:166,1
DA:167,0
DA:168,0
DA:170,0
DA:175,0
DA:181,1
DA:183,0
DA:184,0
DA:186,0
DA:187,0
DA:188,0
DA:190,0
DA:191,0
DA:192,0
DA:195,0
DA:196,0
DA:198,0
DA:201,0
DA:202,0
DA:204,0
DA:205,0
DA:206,0
DA:212,0
DA:215,21
DA:216,21
DA:220,0
DA:224,21
DA:229,1
DA:230,0
DA:231,0
DA:232,0
DA:237,1
DA:240,0
DA:242,1
LF:88
LH:32
BRDA:60,0,0,0
BRDA:60,0,1,0
BRDA:104,1,0,39
BRDA:104,1,1,3
BRDA:105,2,0,42
BRDA:105,2,1,0
BRDA:120,3,0,42
BRDA:120,3,1,0
BRDA:119,4,0,42
BRDA:119,4,1,0
BRDA:130,5,0,0
BRDA:130,5,1,0
BRDA:151,6,0,0
BRDA:151,6,1,0
BRDA:151,6,2,0
BRDA:151,6,3,0
BRDA:176,7,0,0
BRDA:176,7,1,0
BRDA:181,8,0,0
BRDA:181,8,1,0
BRDA:183,9,0,0
BRDA:183,9,1,0
BRDA:188,10,0,0
BRDA:188,10,1,0
BRDA:188,11,0,0
BRDA:188,11,1,0
BRDA:195,12,0,0
BRDA:195,12,1,0
BRDA:195,13,0,0
BRDA:195,13,1,0
BRDA:198,14,0,0
BRDA:198,14,1,0
BRDA:204,15,0,0
BRDA:204,15,1,0
BRDA:225,16,0,0
BRDA:225,16,1,21
BRF:36
BRH:6
end_of_record
TN:
SF:/Users/pavelterenin/workspace/rhea-ui/src/app/shared/services/navigation/navigation-event.service.ts
FN:7,(anonymous_1)
FN:4,NavigationEventService
FN:13,(anonymous_3)
FNF:3
FNH:2
FNDA:1,(anonymous_1)
FNDA:8,NavigationEventService
FNDA:0,(anonymous_3)
DA:7,1
DA:9,8
DA:11,8
DA:13,1
DA:14,0
DA:16,1
LF:6
LH:5
BRF:0
BRH:0
end_of_record
TN:
SF:/Users/pavelterenin/workspace/rhea-ui/src/app/shared/services/notification/notification.service.ts
FN:7,(anonymous_1)
FN:4,NotificationService
FN:10,(anonymous_3)
FN:14,(anonymous_4)
FNF:4
FNH:4
FNDA:1,(anonymous_1)
FNDA:48,NotificationService
FNDA:39,(anonymous_3)
FNDA:41,(anonymous_4)
DA:7,1
DA:8,48
DA:10,1
DA:11,39
DA:14,1
DA:15,41
DA:17,1
LF:7
LH:7
BRF:0
BRH:0
end_of_record
TN:
SF:/Users/pavelterenin/workspace/rhea-ui/src/app/shared/services/processing-purpose-categories/processing-purpose-categories.service.ts
FN:16,(anonymous_2)
FN:26,ProcessingPurposeCategoriesService
FN:28,(anonymous_4)
FN:40,(anonymous_5)
FN:49,(anonymous_6)
FN:87,(anonymous_7)
FN:93,(anonymous_8)
FN:98,(anonymous_9)
FN:140,(anonymous_10)
FN:156,(anonymous_11)
FN:160,(anonymous_12)
FN:172,(anonymous_13)
FNF:12
FNH:5
FNDA:1,(anonymous_2)
FNDA:40,ProcessingPurposeCategoriesService
FNDA:0,(anonymous_4)
FNDA:0,(anonymous_5)
FNDA:1,(anonymous_6)
FNDA:0,(anonymous_7)
FNDA:0,(anonymous_8)
FNDA:1,(anonymous_9)
FNDA:1,(anonymous_10)
FNDA:0,(anonymous_11)
FNDA:0,(anonymous_12)
FNDA:0,(anonymous_13)
DA:16,1
DA:17,1
DA:26,40
DA:28,1
DA:31,0
DA:34,0
DA:40,1
DA:43,0
DA:49,1
DA:54,1
DA:57,1
DA:60,1
DA:65,1
DA:67,1
DA:69,1
DA:71,1
DA:73,1
DA:82,1
DA:87,1
DA:90,0
DA:93,0
DA:98,1
DA:105,1
DA:106,1
DA:107,1
DA:108,1
DA:110,1
DA:119,1
DA:122,1
DA:123,0
DA:125,0
DA:128,0
DA:131,1
DA:133,1
DA:140,1
DA:142,2
DA:144,1
DA:148,1
DA:156,1
DA:159,0
DA:160,0
DA:163,0
DA:172,1
DA:175,0
DA:177,1
LF:45
LH:33
BRDA:54,0,0,1
BRDA:54,0,1,0
BRDA:57,1,0,1
BRDA:57,1,1,0
BRDA:61,2,0,0
BRDA:61,2,1,1
BRDA:60,3,0,1
BRDA:60,3,1,0
BRDA:65,4,0,1
BRDA:65,4,1,0
BRDA:65,5,0,1
BRDA:65,5,1,1
BRDA:67,6,0,1
BRDA:67,6,1,0
BRDA:67,7,0,1
BRDA:67,7,1,1
BRDA:69,8,0,1
BRDA:69,8,1,0
BRDA:69,9,0,1
BRDA:69,9,1,1
BRDA:71,10,0,1
BRDA:71,10,1,0
BRDA:71,11,0,1
BRDA:71,11,1,1
BRDA:105,12,0,1
BRDA:105,12,1,0
BRDA:106,13,0,1
BRDA:106,13,1,0
BRDA:107,14,0,1
BRDA:107,14,1,0
BRDA:108,15,0,1
BRDA:108,15,1,0
BRDA:122,16,0,0
BRDA:122,16,1,1
BRDA:123,17,0,0
BRDA:123,17,1,0
BRDA:126,18,0,0
BRDA:126,18,1,0
BRDA:142,19,0,1
BRDA:142,19,1,0
BRF:40
BRH:22
end_of_record
TN:
SF:/Users/pavelterenin/workspace/rhea-ui/src/app/shared/services/processing-purposes/processing-purposes.service.ts
FN:23,(anonymous_4)
FN:24,ProcessingPurposesService
FN:26,(anonymous_6)
FN:41,(anonymous_7)
FN:49,(anonymous_8)
FN:61,(anonymous_9)
FN:71,(anonymous_10)
FN:73,(anonymous_11)
FN:81,(anonymous_12)
FN:83,(anonymous_13)
FN:85,(anonymous_14)
FN:95,(anonymous_15)
FN:105,(anonymous_16)
FN:112,(anonymous_17)
FN:120,(anonymous_18)
FN:130,(anonymous_19)
FN:141,(anonymous_20)
FN:147,(anonymous_21)
FN:149,(anonymous_22)
FN:153,(anonymous_23)
FN:162,(anonymous_24)
FN:168,(anonymous_25)
FNF:22
FNH:3
FNDA:1,(anonymous_4)
FNDA:50,ProcessingPurposesService
FNDA:2,(anonymous_6)
FNDA:0,(anonymous_7)
FNDA:0,(anonymous_8)
FNDA:0,(anonymous_9)
FNDA:0,(anonymous_10)
FNDA:0,(anonymous_11)
FNDA:0,(anonymous_12)
FNDA:0,(anonymous_13)
FNDA:0,(anonymous_14)
FNDA:0,(anonymous_15)
FNDA:0,(anonymous_16)
FNDA:0,(anonymous_17)
FNDA:0,(anonymous_18)
FNDA:0,(anonymous_19)
FNDA:0,(anonymous_20)
FNDA:0,(anonymous_21)
FNDA:0,(anonymous_22)
FNDA:0,(anonymous_23)
FNDA:0,(anonymous_24)
FNDA:0,(anonymous_25)
DA:23,1
DA:24,50
DA:26,1
DA:27,2
DA:28,2
DA:29,2
DA:31,2
DA:41,1
DA:44,0
DA:49,1
DA:55,0
DA:61,1
DA:64,0
DA:66,0
DA:71,0
DA:73,0
DA:80,0
DA:81,0
DA:82,0
DA:83,0
DA:85,0
DA:86,0
DA:87,0
DA:88,0
DA:92,0
DA:95,1
DA:96,0
DA:97,0
DA:99,0
DA:102,0
DA:105,1
DA:111,0
DA:112,0
DA:114,0
DA:115,0
DA:116,0
DA:120,1
DA:123,0
DA:130,1
DA:134,0
DA:141,1
DA:142,0
DA:147,1
DA:148,0
DA:149,0
DA:153,1
DA:156,0
DA:162,1
DA:165,0
DA:168,0
DA:172,1
LF:51
LH:19
BRDA:86,0,0,0
BRDA:86,0,1,0
BRDA:86,1,0,0
BRDA:86,1,1,0
BRDA:96,2,0,0
BRDA:96,2,1,0
BRDA:114,3,0,0
BRDA:114,3,1,0
BRF:8
BRH:0
end_of_record
TN:
SF:/Users/pavelterenin/workspace/rhea-ui/src/app/shared/services/record-datagrid-pagination/datagrid-pagination.service.ts
FN:12,(anonymous_2)
FN:28,DatagridPaginationService
FN:30,(anonymous_4)
FN:35,(anonymous_5)
FN:40,(anonymous_6)
FNF:5
FNH:5
FNDA:1,(anonymous_2)
FNDA:13,DatagridPaginationService
FNDA:2,(anonymous_4)
FNDA:3,(anonymous_5)
FNDA:3,(anonymous_6)
DA:12,1
DA:13,13
DA:19,13
DA:22,13
DA:26,13
DA:30,1
DA:31,2
DA:32,2
DA:35,1
DA:36,3
DA:37,3
DA:40,1
DA:41,3
DA:42,3
DA:44,1
LF:15
LH:15
BRF:0
BRH:0
end_of_record
TN:
SF:/Users/pavelterenin/workspace/rhea-ui/src/app/shared/services/record-listing/datagrid-header.service.ts
FN:17,(anonymous_2)
FN:26,DatagridHeaderService
FN:31,(anonymous_4)
FN:43,(anonymous_5)
FN:50,(anonymous_6)
FN:52,(anonymous_7)
FN:55,(anonymous_8)
FN:59,(anonymous_9)
FN:63,(anonymous_10)
FN:67,(anonymous_11)
FN:71,(anonymous_12)
FN:75,(anonymous_13)
FN:79,(anonymous_14)
FNF:13
FNH:3
FNDA:1,(anonymous_2)
FNDA:9,DatagridHeaderService
FNDA:3,(anonymous_4)
FNDA:0,(anonymous_5)
FNDA:0,(anonymous_6)
FNDA:0,(anonymous_7)
FNDA:0,(anonymous_8)
FNDA:0,(anonymous_9)
FNDA:0,(anonymous_10)
FNDA:0,(anonymous_11)
FNDA:0,(anonymous_12)
FNDA:0,(anonymous_13)
FNDA:0,(anonymous_14)
DA:17,1
DA:21,9
DA:26,9
DA:27,9
DA:28,9
DA:31,1
DA:32,3
DA:33,2
DA:37,2
DA:38,2
DA:40,3
DA:43,1
DA:44,0
DA:50,1
DA:51,0
DA:53,0
DA:55,0
DA:59,1
DA:60,0
DA:63,1
DA:64,0
DA:67,1
DA:68,0
DA:71,1
DA:72,0
DA:75,1
DA:76,0
DA:79,1
DA:80,0
DA:82,1
LF:30
LH:20
BRDA:32,0,0,2
BRDA:32,0,1,1
BRF:2
BRH:2
end_of_record
TN:
SF:/Users/pavelterenin/workspace/rhea-ui/src/app/shared/services/record-listing/datatable.service.ts
FN:16,(anonymous_2)
FN:35,DatatableService
FN:45,(anonymous_4)
FN:49,(anonymous_5)
FN:52,(anonymous_6)
FN:62,(anonymous_7)
FN:68,(anonymous_8)
FN:74,(anonymous_9)
FN:85,(anonymous_10)
FN:89,(anonymous_11)
FN:93,(anonymous_12)
FN:97,(anonymous_13)
FN:101,(anonymous_14)
FN:108,(anonymous_15)
FN:112,(anonymous_16)
FN:116,(anonymous_17)
FNF:16
FNH:9
FNDA:1,(anonymous_2)
FNDA:25,DatatableService
FNDA:0,(anonymous_4)
FNDA:75,(anonymous_5)
FNDA:0,(anonymous_6)
FNDA:25,(anonymous_7)
FNDA:25,(anonymous_8)
FNDA:21,(anonymous_9)
FNDA:17,(anonymous_10)
FNDA:0,(anonymous_11)
FNDA:0,(anonymous_12)
FNDA:0,(anonymous_13)
FNDA:0,(anonymous_14)
FNDA:5,(anonymous_15)
FNDA:0,(anonymous_16)
FNDA:2,(anonymous_17)
DA:16,1
DA:17,25
DA:19,25
DA:20,25
DA:23,25
DA:24,25
DA:26,25
DA:36,25
DA:37,25
DA:39,25
DA:40,25
DA:41,25
DA:42,25
DA:45,1
DA:46,0
DA:49,75
DA:50,75
DA:53,0
DA:54,0
DA:62,1
DA:63,25
DA:64,25
DA:68,1
DA:69,25
DA:70,25
DA:74,1
DA:75,21
DA:76,21
DA:80,21
DA:81,21
DA:85,1
DA:86,17
DA:89,1
DA:90,0
DA:93,1
DA:94,0
DA:97,1
DA:98,0
DA:101,1
DA:105,0
DA:108,1
DA:109,5
DA:112,1
DA:113,0
DA:116,1
DA:117,2
DA:119,1
LF:47
LH:39
BRDA:63,0,0,25
BRDA:63,0,1,0
BRDA:69,1,0,25
BRDA:69,1,1,0
BRDA:75,2,0,21
BRDA:75,2,1,0
BRDA:117,3,0,2
BRDA:117,3,1,2
BRF:8
BRH:5
end_of_record
TN:
SF:/Users/pavelterenin/workspace/rhea-ui/src/app/shared/services/record-listing/record-listing.service.ts
FN:11,(anonymous_2)
FN:16,RecordListingService
FN:18,(anonymous_4)
FN:22,(anonymous_5)
FN:33,(anonymous_6)
FN:39,(anonymous_7)
FNF:6
FNH:4
FNDA:1,(anonymous_2)
FNDA:12,RecordListingService
FNDA:0,(anonymous_4)
FNDA:2,(anonymous_5)
FNDA:4,(anonymous_6)
FNDA:0,(anonymous_7)
DA:11,1
DA:12,12
DA:14,12
DA:16,12
DA:18,1
DA:19,0
DA:22,1
DA:23,2
DA:25,2
DA:33,1
DA:34,4
DA:39,1
DA:40,0
DA:42,1
LF:14
LH:12
BRDA:23,0,0,2
BRDA:23,0,1,0
BRF:2
BRH:1
end_of_record
TN:
SF:/Users/pavelterenin/workspace/rhea-ui/src/app/shared/services/report-download/report-download.constant.ts
FN:1,(anonymous_0)
FNF:1
FNH:1
FNDA:1,(anonymous_0)
DA:1,1
DA:2,1
DA:3,1
LF:3
LH:3
BRDA:1,0,0,1
BRDA:1,0,1,1
BRF:2
BRH:2
end_of_record
TN:
SF:/Users/pavelterenin/workspace/rhea-ui/src/app/shared/services/report-download/report-download.service.ts
FN:9,(anonymous_2)
FN:10,ReportDownloadService
FN:15,(anonymous_4)
FNF:3
FNH:2
FNDA:1,(anonymous_2)
FNDA:6,ReportDownloadService
FNDA:0,(anonymous_4)
DA:9,1
DA:10,6
DA:15,1
DA:18,0
DA:24,1
LF:5
LH:4
BRF:0
BRH:0
end_of_record
TN:
SF:/Users/pavelterenin/workspace/rhea-ui/src/app/shared/services/third-party/third-party.service.ts
FN:11,(anonymous_2)
FN:12,ThirdPartyService
FN:17,(anonymous_4)
FN:23,(anonymous_5)
FN:27,(anonymous_6)
FNF:5
FNH:3
FNDA:1,(anonymous_2)
FNDA:7,ThirdPartyService
FNDA:1,(anonymous_4)
FNDA:0,(anonymous_5)
FNDA:0,(anonymous_6)
DA:11,1
DA:13,7
DA:14,7
DA:17,1
DA:18,1
DA:23,1
DA:24,0
DA:27,0
DA:31,1
LF:9
LH:7
BRF:0
BRH:0
end_of_record
TN:
SF:/Users/pavelterenin/workspace/rhea-ui/src/app/shared/services/user/user.service.ts
FN:11,(anonymous_2)
FN:12,UserService
FN:18,(anonymous_4)
FN:36,(anonymous_5)
FN:39,(anonymous_6)
FNF:5
FNH:3
FNDA:1,(anonymous_2)
FNDA:97,UserService
FNDA:0,(anonymous_4)
FNDA:0,(anonymous_5)
FNDA:44,(anonymous_6)
DA:11,1
DA:12,97
DA:18,1
DA:20,0
DA:23,0
DA:24,0
DA:26,0
DA:28,0
DA:29,0
DA:30,0
DA:31,0
DA:34,0
DA:36,0
DA:39,44
DA:40,44
DA:43,44
DA:44,44
DA:46,44
DA:48,44
DA:49,0
DA:50,0
DA:51,0
DA:53,44
DA:55,1
LF:24
LH:11
BRDA:28,0,0,0
BRDA:28,0,1,0
BRDA:28,1,0,0
BRDA:28,1,1,0
BRDA:39,2,0,0
BRDA:39,2,1,44
BRDA:48,3,0,0
BRDA:48,3,1,44
BRDA:48,4,0,44
BRDA:48,4,1,0
BRF:10
BRH:3
end_of_record
TN:
SF:/Users/pavelterenin/workspace/rhea-ui/src/app/shared/services/user-role-controller/user-role-controller.service.ts
FN:9,(anonymous_2)
FN:20,UserRoleControllerService
FN:12,(anonymous_4)
FN:16,(anonymous_5)
FN:22,(anonymous_6)
FN:28,(anonymous_7)
FN:32,(anonymous_8)
FNF:7
FNH:3
FNDA:1,(anonymous_2)
FNDA:5,UserRoleControllerService
FNDA:1,(anonymous_4)
FNDA:0,(anonymous_5)
FNDA:0,(anonymous_6)
FNDA:0,(anonymous_7)
FNDA:0,(anonymous_8)
DA:9,1
DA:12,1
DA:13,1
DA:16,1
DA:17,0
DA:20,5
DA:22,1
DA:23,0
DA:28,1
DA:29,0
DA:32,1
DA:33,0
DA:35,1
LF:13
LH:9
BRF:0
BRH:0
end_of_record
TN:
SF:/Users/pavelterenin/workspace/rhea-ui/src/app/shared/utils/basic-utils.ts
FN:8,isNullOrUndefined
FN:12,exists
FN:16,defaultTo
FN:20,toCaptalizedCase
FN:24,danishToEnglishgetString
FN:31,sortDanishStringArray
FN:32,(anonymous_6)
FN:45,formatCategoryLabel
FN:50,highlightText
FN:64,(anonymous_9)
FN:76,isIdParameterInvalid
FN:81,(anonymous_11)
FN:91,isEllipsisActive
FN:95,downloadReturnedFile
FN:121,(anonymous_14)
FNF:15
FNH:6
FNDA:2056,isNullOrUndefined
FNDA:1343,exists
FNDA:529,defaultTo
FNDA:0,toCaptalizedCase
FNDA:0,danishToEnglishgetString
FNDA:0,sortDanishStringArray
FNDA:0,(anonymous_6)
FNDA:0,formatCategoryLabel
FNDA:590,highlightText
FNDA:16,(anonymous_9)
FNDA:125,isIdParameterInvalid
FNDA:0,(anonymous_11)
FNDA:0,isEllipsisActive
FNDA:0,downloadReturnedFile
FNDA:0,(anonymous_14)
DA:6,1
DA:9,2056
DA:13,1343
DA:17,529
DA:21,0
DA:25,0
DA:31,0
DA:32,0
DA:33,0
DA:36,0
DA:40,0
DA:42,0
DA:47,0
DA:52,590
DA:53,542
DA:56,48
DA:58,48
DA:59,32
DA:62,16
DA:64,16
DA:65,16
DA:67,16
DA:73,16
DA:77,125
DA:78,33
DA:81,92
DA:85,0
DA:88,92
DA:92,0
DA:96,0
DA:97,0
DA:98,0
DA:99,0
DA:100,0
DA:103,0
DA:104,0
DA:106,0
DA:107,0
DA:108,0
DA:109,0
DA:110,0
DA:112,0
DA:121,1
DA:122,0
LF:44
LH:19
BRDA:9,0,0,2056
BRDA:9,0,1,1873
BRDA:17,1,0,458
BRDA:17,1,1,71
BRDA:31,2,0,0
BRDA:31,2,1,0
BRDA:34,3,0,0
BRDA:34,3,1,0
BRDA:37,4,0,0
BRDA:37,4,1,0
BRDA:52,5,0,542
BRDA:52,5,1,48
BRDA:52,6,0,590
BRDA:52,6,1,342
BRDA:58,7,0,32
BRDA:58,7,1,16
BRDA:58,8,0,48
BRDA:58,8,1,16
BRDA:77,9,0,33
BRDA:77,9,1,92
BRDA:77,10,0,125
BRDA:77,10,1,93
BRDA:103,11,0,0
BRDA:103,11,1,0
BRDA:122,12,0,0
BRDA:122,12,1,0
BRF:26
BRH:16
end_of_record
TN:
SF:/Users/pavelterenin/workspace/rhea-ui/src/app/shared/utils/datetime-utils.ts
FN:1,getDateFromProperties
FNF:1
FNH:0
FNDA:0,getDateFromProperties
DA:2,0
LF:1
LH:0
BRF:0
BRH:0
end_of_record
TN:
SF:/Users/pavelterenin/workspace/rhea-ui/src/app/shared/utils/error-utils.ts
FN:1,getErrorMessageNoPermissionsToViewRecord
FNF:1
FNH:0
FNDA:0,getErrorMessageNoPermissionsToViewRecord
DA:3,0
LF:1
LH:0
BRF:0
BRH:0
end_of_record
TN:
SF:/Users/pavelterenin/workspace/rhea-ui/src/app/shared/utils/form-utils.ts
FN:18,noWhitespaceValidator
FN:31,setFormArrayControls
FN:38,(anonymous_2)
FN:55,createFormGroup
FN:60,(anonymous_4)
FNF:5
FNH:5
FNDA:183,noWhitespaceValidator
FNDA:71,setFormArrayControls
FNDA:51,(anonymous_2)
FNDA:50,createFormGroup
FNDA:350,(anonymous_4)
DA:11,1
DA:19,183
DA:20,183
DA:21,183
DA:35,71
DA:36,12
DA:38,71
DA:59,50
DA:60,350
DA:61,50
DA:62,50
LF:11
LH:11
BRDA:19,0,0,183
BRDA:19,0,1,147
BRDA:21,1,0,36
BRDA:21,1,1,147
BRF:4
BRH:4
end_of_record
TN:
SF:/Users/pavelterenin/workspace/rhea-ui/src/app/shared/utils/route-utils.ts
FN:10,getRouteParamObservable
FN:15,(anonymous_1)
FNF:2
FNH:2
FNDA:35,getRouteParamObservable
FNDA:35,(anonymous_1)
DA:14,35
DA:16,35
LF:2
LH:2
BRF:0
BRH:0
end_of_record
TN:
SF:/Users/pavelterenin/workspace/rhea-ui/src/app/shared/utils/rxjs-utils.ts
FN:13,multicastInProgressState
FN:20,(anonymous_1)
FN:21,(anonymous_2)
FN:35,createPipeFromArray
FNF:4
FNH:3
FNDA:2,multicastInProgressState
FNDA:1,(anonymous_1)
FNDA:0,(anonymous_2)
FNDA:15,createPipeFromArray
DA:17,2
DA:19,2
DA:20,1
DA:22,0
DA:23,0
DA:38,15
LF:6
LH:4
BRF:0
BRH:0
end_of_record
TN:
SF:/Users/pavelterenin/workspace/rhea-ui/src/mocks/mock-datagrid-header.service.ts
FN:3,(anonymous_0)
FN:4,(anonymous_2)
FN:8,(anonymous_3)
FN:12,(anonymous_4)
FNF:4
FNH:4
FNDA:30,(anonymous_0)
FNDA:2,(anonymous_2)
FNDA:62,(anonymous_3)
FNDA:62,(anonymous_4)
DA:3,1
DA:4,1
DA:5,2
DA:8,1
DA:9,62
DA:12,1
DA:13,62
DA:15,1
LF:8
LH:8
BRF:0
BRH:0
end_of_record
TN:
SF:/Users/pavelterenin/workspace/rhea-ui/src/mocks/mock-datatable.service.ts
FN:3,(anonymous_0)
FN:4,(anonymous_2)
FN:8,(anonymous_3)
FNF:3
FNH:2
FNDA:29,(anonymous_0)
FNDA:0,(anonymous_2)
FNDA:62,(anonymous_3)
DA:3,1
DA:4,1
DA:5,0
DA:8,1
DA:9,62
DA:11,1
LF:6
LH:5
BRF:0
BRH:0
end_of_record
